-------- Log file vpl17bcdabcd032.log -------

Executable: vplanet
System Name: vpl17bcdabcd032
Primary Input File: vpl17bcdabcd032.in
Body File #1: st01f6a7016ded.in
Body File #2: pl85a205588490.in
Allow files to be overwitten: Yes
Mass Units: Kilograms
Length Units: Meters
Time Units: Seconds
Angle Units: Radians

------- FORMATTING -----
Verbosity Level: 5
Crossover Decade for Scientific Notation: 4
Number of Digits After Decimal: 6
Integration Method: Runge-Kutta4
Direction: Forward
Time Step: 3.155760e+07
Stop Time: 1.657729e+17
Output Interval: 1.657729e+17
Use Variable Timestep: Yes
dEta: 0.100000
Minimum Value of ecc and obl: 1.000000e-10


---- INITIAL SYSTEM PROPERTIES ----
(Age) System Age [sec]: 3.155760e+13 
(Time) Simulation Time [sec]: 0.000000 
(TotAngMom) Total Angular Momentum [kg*m^2/sec]: 5.370706e+40 
(TotEnergy) Total System Energy [kg*m^2/sec^2]: -3.560371e+39 
(PotEnergy) Body's non-orbital Potential Energy [kg*m^2/sec^2]: -3.560310e+39 
(KinEnergy) Body's non-orbital Kinetic Energy [kg*m^2/sec^2]: 1.469799e+34 
(DeltaTime) Average Timestep Over Last Output Interval [sec]: inf 
(Density) Average Density [kg/m^3]: 2402.327747 
(LongP) Body's Longitude of pericenter [rad]: 3.926991 
(LXUVTot) Total XUV Luminosity [kg*m^2/sec^2/(m^2*sec)]: 4.869760e+21 

----- BODY: star ----
Active Modules: STELLAR
Module Bit Sum: 65
Color: 000000
(Mass) Mass [kg]: 2.616077e+29 
(Radius) Radius [m]: 7.697842e+08 
(RadGyra) Radius of Gyration []: 0.500000 
(RotAngMom) Rotational Angular Momentum [kg*m^2/sec]: 3.375268e+40 
(RotVel) Rotational Velocity [m/sec]: 670.422577 
(BodyType) Type of Body (0 == planet) []: 0.000000 
(RotRate) Rotational Frequency [/sec]: 8.709228e-07 
(RotPer) Rotational Period [sec]: 7.214400e+06 
(HZLimitDryRunaway) Semi-major axis of Dry Runaway HZ Limit [m]: -1.000000 
(Instellation) Orbit-averaged INcident STELLar radiATION [rad]: -1.000000 
(LostEnergy) Body's Total Lost Energy [kg*m^2/sec^2]: 0.000000 
(LostAngMom) Lost Angular Momentum due to Magnetic Braking [kg*m^2/sec]: 0.000000 
----- STELLAR PARAMETERS (star)------
(Luminosity) Luminosity [LSUN]: 0.063705 
(LXUVStellar) Base X-ray/XUV Luminosity [LSUN]: 1.266188e-05 
(Temperature) Effective Temperature [K]: 2759.977877 
(LXUVFrac) X-ray/XUV Luminosity Fraction []: 0.000199 
(RossbyNumber) Rossby Number []: 1.092234 
(DRotPerDtStellar) Time Rate of Change of Rotation Period in STELLAR []: 7.298858e-09 
(HZLimRecVenus) Recent Venus Habitable Zone Limit [m]: 3.094338e+10 
(HZLimRunaway) Runaway Greenhouse Habitable Zone Limit [m]: 4.067378e+10 
(HZLimMoistGreenhouse) Moist Greenhouse Habitable Zone Limit [m]: 4.094326e+10 
(HZLimMaxGreenhouse) Maximum Greenhouse Habitable Zone Limit [m]: 7.915041e+10 
(HZLimEarlyMars) Early Mars Habitable Zone Limit [m]: 8.632275e+10 
Output Order: Time[year] Luminosity[LSUN] LXUVStellar[LSUN]
Grid Output Order:

----- BODY: proximba ----
Active Modules: ATMESC
Module Bit Sum: 9
Color: 000000
(Mass) Mass [kg]: 5.533533e+25 
(Radius) Radius [m]: 1.168637e+07 
(RadGyra) Radius of Gyration []: 0.500000 
(BodyType) Type of Body (0 == planet) []: 0.000000 
(HZLimitDryRunaway) Semi-major axis of Dry Runaway HZ Limit [m]: 3.427139e+10 
(Instellation) Orbit-averaged INcident STELLar radiATION [rad]: 3.427139e+10 
----- ATMESC PARAMETERS (proximba)------
(SurfWaterMass) Surface Water Mass [TO]: 5.000000 
(EnvelopeMass) Envelope Mass [Earth]: 0.000000 
(OxygenMass) Oxygen Mass [bars]: 0.000000 
(RGLimit) Runaway Greenhouse Semi-Major Axis [m]: 3.752803e+10 
(XO) Atomic Oxygen Mixing Ratio in Upper Atmosphere []: 0.333333 
(EtaO) Oxygen Eta Parameter (Luger and Barnes 2015) []: 0.054213 
(PlanetRadius) Planet Radius [m]: 1.168637e+07 
(OxygenMantleMass) Mass of Oxygen in Mantle [bars]: 0.000000 
(RadXUV) XUV Radius separating hydro. dyn. escpape and equilibrium [m]: -1.000000 
(RadSolid) Radius to the solid surface [m]: -1.000000 
(PresXUV) Pressure at base of Thermosphere []: 5.000000 
(ScaleHeight) Scaling factor in fdLehmerRadius []: -1.000000 
(ThermTemp) Isothermal Atmospheric Temperature []: 880.000000 
(AtmGasConst) Atmospheric Gas Constant []: 4124.000000 
(PresSurf) Surface Pressure due to Atmosphere []: -1.000000 
(DEnvMassDt) Envelope Mass Loss Rate []: -1.000000 
(FXUV) XUV Flux [W/m^2]: 6.983810 
(AtmXAbsEffH2O) XUV Atmospheric Escape Efficiency for H2O []: 0.150000 
(RGDuration) Runaway Greenhouse Duration [years]: 0.00000e+00
Output Order: Time[year] EnvelopeMass[Earth] SurfWaterMass[TO] OxygenMass[bars] OxygenMantleMass[bars]
Grid Output Order:



---- FINAL SYSTEM PROPERTIES ----
(Age) System Age [sec]: 1.658045e+17 
(Time) Simulation Time [sec]: 1.657729e+17 
(TotAngMom) Total Angular Momentum [kg*m^2/sec]: 2.297198e+40 
(TotEnergy) Total System Energy [kg*m^2/sec^2]: -2.526889e+40 
(PotEnergy) Body's non-orbital Potential Energy [kg*m^2/sec^2]: -2.526882e+40 
(KinEnergy) Body's non-orbital Kinetic Energy [kg*m^2/sec^2]: 1.827157e+32 
(DeltaTime) Average Timestep Over Last Output Interval [sec]: 1.173198e+14 
(Density) Average Density [kg/m^3]: 8.588619e+05 
(LongP) Body's Longitude of pericenter [rad]: 3.926991 
(LXUVTot) Total XUV Luminosity [kg*m^2/sec^2/(m^2*sec)]: 1.450053e+19 

----- BODY: star ----
Active Modules: STELLAR
Module Bit Sum: 65
Color: 000000
(Mass) Mass [kg]: 2.616077e+29 
(Radius) Radius [m]: 1.084606e+08 
(RadGyra) Radius of Gyration []: 0.500000 
(RotAngMom) Rotational Angular Momentum [kg*m^2/sec]: 5.302372e+38 
(RotVel) Rotational Velocity [m/sec]: 74.749380 
(BodyType) Type of Body (0 == planet) []: 0.000000 
(RotRate) Rotational Frequency [/sec]: 6.891847e-07 
(RotPer) Rotational Period [sec]: 9.116838e+06 
(HZLimitDryRunaway) Semi-major axis of Dry Runaway HZ Limit [m]: -1.000000 
(Instellation) Orbit-averaged INcident STELLar radiATION [rad]: -1.000000 
(LostEnergy) Body's Total Lost Energy [kg*m^2/sec^2]: 1.715051e+33 
(LostAngMom) Lost Angular Momentum due to Magnetic Braking [kg*m^2/sec]: 2.487358e+39 
----- STELLAR PARAMETERS (star)------
(Luminosity) Luminosity [LSUN]: 0.001876 
(LXUVStellar) Base X-ray/XUV Luminosity [LSUN]: 3.770289e-08 
(Temperature) Effective Temperature [K]: 3045.813933 
(LXUVFrac) X-ray/XUV Luminosity Fraction []: 2.010044e-05 
(RossbyNumber) Rossby Number []: 1.597854 
(DRotPerDtStellar) Time Rate of Change of Rotation Period in STELLAR []: 5.264205e-12 
(HZLimRecVenus) Recent Venus Habitable Zone Limit [m]: 5.284434e+09 
(HZLimRunaway) Runaway Greenhouse Habitable Zone Limit [m]: 6.959549e+09 
(HZLimMoistGreenhouse) Moist Greenhouse Habitable Zone Limit [m]: 6.992179e+09 
(HZLimMaxGreenhouse) Maximum Greenhouse Habitable Zone Limit [m]: 1.337172e+10 
(HZLimEarlyMars) Early Mars Habitable Zone Limit [m]: 1.458322e+10 
Output Order: Time[year] Luminosity[LSUN] LXUVStellar[LSUN]
Grid Output Order:

----- BODY: proximba ----
Active Modules: ATMESC
Module Bit Sum: 9
Color: 000000
(Mass) Mass [kg]: 5.533533e+25 
(Radius) Radius [m]: 1.168637e+07 
(RadGyra) Radius of Gyration []: 0.500000 
(BodyType) Type of Body (0 == planet) []: 0.000000 
(HZLimitDryRunaway) Semi-major axis of Dry Runaway HZ Limit [m]: 5.880716e+09 
(Instellation) Orbit-averaged INcident STELLar radiATION [rad]: 5.880716e+09 
----- ATMESC PARAMETERS (proximba)------
(SurfWaterMass) Surface Water Mass [TO]: 8.394339e-05 
(EnvelopeMass) Envelope Mass [Earth]: 0.000000 
(OxygenMass) Oxygen Mass [bars]: 967.953376 
(RGLimit) Runaway Greenhouse Semi-Major Axis [m]: 6.420155e+09 
(XO) Atomic Oxygen Mixing Ratio in Upper Atmosphere []: 0.999966 
(EtaO) Oxygen Eta Parameter (Luger and Barnes 2015) []: 0.000000 
(PlanetRadius) Planet Radius [m]: 1.168637e+07 
(OxygenMantleMass) Mass of Oxygen in Mantle [bars]: 0.000000 
(RadXUV) XUV Radius separating hydro. dyn. escpape and equilibrium [m]: -1.000000 
(RadSolid) Radius to the solid surface [m]: -1.000000 
(PresXUV) Pressure at base of Thermosphere []: 5.000000 
(ScaleHeight) Scaling factor in fdLehmerRadius []: -1.000000 
(ThermTemp) Isothermal Atmospheric Temperature []: 880.000000 
(AtmGasConst) Atmospheric Gas Constant []: 4124.000000 
(PresSurf) Surface Pressure due to Atmosphere []: -1.000000 
(DEnvMassDt) Envelope Mass Loss Rate []: -1.000000 
(FXUV) XUV Flux [W/m^2]: 0.020795 
(AtmXAbsEffH2O) XUV Atmospheric Escape Efficiency for H2O []: 0.150000 
(RGDuration) Runaway Greenhouse Duration [years]: 1.62885e+08
Output Order: Time[year] EnvelopeMass[Earth] SurfWaterMass[TO] OxygenMass[bars] OxygenMantleMass[bars]
Grid Output Order:

Runtime = 0 s
Total Number of Steps = 1413
