-------- Log file vpl1ef1a582f943.log -------

Executable: vplanet
System Name: vpl1ef1a582f943
Primary Input File: vpl1ef1a582f943.in
Body File #1: std7c200c359ba.in
Body File #2: pl44ba87bb7eb2.in
Allow files to be overwitten: Yes
Mass Units: Kilograms
Length Units: Meters
Time Units: Seconds
Angle Units: Radians

------- FORMATTING -----
Verbosity Level: 5
Crossover Decade for Scientific Notation: 4
Number of Digits After Decimal: 6
Integration Method: Runge-Kutta4
Direction: Forward
Time Step: 3.155760e+07
Stop Time: 2.159203e+17
Output Interval: 2.159203e+17
Use Variable Timestep: Yes
dEta: 0.100000
Minimum Value of ecc and obl: 1.000000e-10


---- INITIAL SYSTEM PROPERTIES ----
(Age) System Age [sec]: 3.155760e+13 
(Time) Simulation Time [sec]: 0.000000 
(TotAngMom) Total Angular Momentum [kg*m^2/sec]: 2.297212e+40 
(TotEnergy) Total System Energy [kg*m^2/sec^2]: -2.469085e+39 
(PotEnergy) Body's non-orbital Potential Energy [kg*m^2/sec^2]: -2.469083e+39 
(KinEnergy) Body's non-orbital Kinetic Energy [kg*m^2/sec^2]: 8.649754e+33 
(DeltaTime) Average Timestep Over Last Output Interval [sec]: inf 
(Density) Average Density [kg/m^3]: 2830.963052 
(LongP) Body's Longitude of pericenter [rad]: 3.926991 
(LXUVTot) Total XUV Luminosity [kg*m^2/sec^2/(m^2*sec)]: 6.766581e+20 

----- BODY: star ----
Active Modules: STELLAR
Module Bit Sum: 65
Color: 000000
(Mass) Mass [kg]: 2.032445e+29 
(Radius) Radius [m]: 6.699737e+08 
(RadGyra) Radius of Gyration []: 0.500000 
(RotAngMom) Rotational Angular Momentum [kg*m^2/sec]: 1.986342e+40 
(RotVel) Rotational Velocity [m/sec]: 583.495381 
(BodyType) Type of Body (0 == planet) []: 0.000000 
(RotRate) Rotational Frequency [/sec]: 8.709228e-07 
(RotPer) Rotational Period [sec]: 7.214400e+06 
(HZLimitDryRunaway) Semi-major axis of Dry Runaway HZ Limit [m]: -1.000000 
(Instellation) Orbit-averaged INcident STELLar radiATION [rad]: -1.000000 
(LostEnergy) Body's Total Lost Energy [kg*m^2/sec^2]: 0.000000 
(LostAngMom) Lost Angular Momentum due to Magnetic Braking [kg*m^2/sec]: 0.000000 
----- STELLAR PARAMETERS (star)------
(Luminosity) Luminosity [LSUN]: 0.045289 
(LXUVStellar) Base X-ray/XUV Luminosity [LSUN]: 1.759382e-06 
(Temperature) Effective Temperature [K]: 2716.538220 
(LXUVFrac) X-ray/XUV Luminosity Fraction []: 3.884807e-05 
(RossbyNumber) Rossby Number []: 1.068202 
(DRotPerDtStellar) Time Rate of Change of Rotation Period in STELLAR []: 6.997405e-09 
(HZLimRecVenus) Recent Venus Habitable Zone Limit [m]: 2.610787e+10 
(HZLimRunaway) Runaway Greenhouse Habitable Zone Limit [m]: 3.431095e+10 
(HZLimMoistGreenhouse) Moist Greenhouse Habitable Zone Limit [m]: 3.454509e+10 
(HZLimMaxGreenhouse) Maximum Greenhouse Habitable Zone Limit [m]: 6.689323e+10 
(HZLimEarlyMars) Early Mars Habitable Zone Limit [m]: 7.295524e+10 
Output Order: Time[year] Luminosity[LSUN] LXUVStellar[LSUN]
Grid Output Order:

----- BODY: proximba ----
Active Modules: ATMESC
Module Bit Sum: 9
Color: 000000
(Mass) Mass [kg]: 1.020063e+25 
(Radius) Radius [m]: 7.377846e+06 
(RadGyra) Radius of Gyration []: 0.500000 
(BodyType) Type of Body (0 == planet) []: 0.000000 
(HZLimitDryRunaway) Semi-major axis of Dry Runaway HZ Limit [m]: 2.889621e+10 
(Instellation) Orbit-averaged INcident STELLar radiATION [rad]: 2.889621e+10 
----- ATMESC PARAMETERS (proximba)------
(SurfWaterMass) Surface Water Mass [TO]: 5.000000 
(EnvelopeMass) Envelope Mass [Earth]: 0.000000 
(OxygenMass) Oxygen Mass [bars]: 0.000000 
(RGLimit) Runaway Greenhouse Semi-Major Axis [m]: 3.287628e+10 
(XO) Atomic Oxygen Mixing Ratio in Upper Atmosphere []: 0.333333 
(EtaO) Oxygen Eta Parameter (Luger and Barnes 2015) []: 0.087062 
(PlanetRadius) Planet Radius [m]: 7.377846e+06 
(OxygenMantleMass) Mass of Oxygen in Mantle [bars]: 0.000000 
(RadXUV) XUV Radius separating hydro. dyn. escpape and equilibrium [m]: -1.000000 
(RadSolid) Radius to the solid surface [m]: -1.000000 
(PresXUV) Pressure at base of Thermosphere []: 5.000000 
(ScaleHeight) Scaling factor in fdLehmerRadius []: -1.000000 
(ThermTemp) Isothermal Atmospheric Temperature []: 880.000000 
(AtmGasConst) Atmospheric Gas Constant []: 4124.000000 
(PresSurf) Surface Pressure due to Atmosphere []: -1.000000 
(DEnvMassDt) Envelope Mass Loss Rate []: -1.000000 
(FXUV) XUV Flux [W/m^2]: 1.148581 
(AtmXAbsEffH2O) XUV Atmospheric Escape Efficiency for H2O []: 0.150000 
(RGDuration) Runaway Greenhouse Duration [years]: 0.00000e+00
Output Order: Time[year] EnvelopeMass[Earth] SurfWaterMass[TO] OxygenMass[bars] OxygenMantleMass[bars]
Grid Output Order:



---- FINAL SYSTEM PROPERTIES ----
(Age) System Age [sec]: 2.159518e+17 
(Time) Simulation Time [sec]: 2.159203e+17 
(TotAngMom) Total Angular Momentum [kg*m^2/sec]: 5.132335e+39 
(TotEnergy) Total System Energy [kg*m^2/sec^2]: -1.892415e+40 
(PotEnergy) Body's non-orbital Potential Energy [kg*m^2/sec^2]: -1.892414e+40 
(KinEnergy) Body's non-orbital Kinetic Energy [kg*m^2/sec^2]: 9.137627e+31 
(DeltaTime) Average Timestep Over Last Output Interval [sec]: 1.367449e+14 
(Density) Average Density [kg/m^3]: 1.274605e+06 
(LongP) Body's Longitude of pericenter [rad]: 3.926991 
(LXUVTot) Total XUV Luminosity [kg*m^2/sec^2/(m^2*sec)]: 1.070643e+19 

----- BODY: star ----
Active Modules: STELLAR
Module Bit Sum: 65
Color: 000000
(Mass) Mass [kg]: 2.032445e+29 
(Radius) Radius [m]: 8.741325e+07 
(RadGyra) Radius of Gyration []: 0.500000 
(RotAngMom) Rotational Angular Momentum [kg*m^2/sec]: 2.663719e+38 
(RotVel) Rotational Velocity [m/sec]: 59.972513 
(BodyType) Type of Body (0 == planet) []: 0.000000 
(RotRate) Rotational Frequency [/sec]: 6.860803e-07 
(RotPer) Rotational Period [sec]: 9.158090e+06 
(HZLimitDryRunaway) Semi-major axis of Dry Runaway HZ Limit [m]: -1.000000 
(Instellation) Orbit-averaged INcident STELLar radiATION [rad]: -1.000000 
(LostEnergy) Body's Total Lost Energy [kg*m^2/sec^2]: 1.171546e+33 
(LostAngMom) Lost Angular Momentum due to Magnetic Braking [kg*m^2/sec]: 1.757264e+39 
----- STELLAR PARAMETERS (star)------
(Luminosity) Luminosity [LSUN]: 0.001212 
(LXUVStellar) Base X-ray/XUV Luminosity [LSUN]: 2.783784e-08 
(Temperature) Effective Temperature [K]: 3041.579172 
(LXUVFrac) X-ray/XUV Luminosity Fraction []: 2.297591e-05 
(RossbyNumber) Rossby Number []: 1.601607 
(DRotPerDtStellar) Time Rate of Change of Rotation Period in STELLAR []: 3.853494e-12 
(HZLimRecVenus) Recent Venus Habitable Zone Limit [m]: 4.247446e+09 
(HZLimRunaway) Runaway Greenhouse Habitable Zone Limit [m]: 5.593653e+09 
(HZLimMoistGreenhouse) Moist Greenhouse Habitable Zone Limit [m]: 5.620073e+09 
(HZLimMaxGreenhouse) Maximum Greenhouse Habitable Zone Limit [m]: 1.074944e+10 
(HZLimEarlyMars) Early Mars Habitable Zone Limit [m]: 1.172336e+10 
Output Order: Time[year] Luminosity[LSUN] LXUVStellar[LSUN]
Grid Output Order:

----- BODY: proximba ----
Active Modules: ATMESC
Module Bit Sum: 9
Color: 000000
(Mass) Mass [kg]: 1.020063e+25 
(Radius) Radius [m]: 7.377846e+06 
(RadGyra) Radius of Gyration []: 0.500000 
(BodyType) Type of Body (0 == planet) []: 0.000000 
(HZLimitDryRunaway) Semi-major axis of Dry Runaway HZ Limit [m]: 4.726363e+09 
(Instellation) Orbit-averaged INcident STELLar radiATION [rad]: 4.726363e+09 
----- ATMESC PARAMETERS (proximba)------
(SurfWaterMass) Surface Water Mass [TO]: 4.035275 
(EnvelopeMass) Envelope Mass [Earth]: 0.000000 
(OxygenMass) Oxygen Mass [bars]: 215.301977 
(RGLimit) Runaway Greenhouse Semi-Major Axis [m]: 5.357767e+09 
(XO) Atomic Oxygen Mixing Ratio in Upper Atmosphere []: 0.381984 
(EtaO) Oxygen Eta Parameter (Luger and Barnes 2015) []: 0.000000 
(PlanetRadius) Planet Radius [m]: 7.377846e+06 
(OxygenMantleMass) Mass of Oxygen in Mantle [bars]: 0.000000 
(RadXUV) XUV Radius separating hydro. dyn. escpape and equilibrium [m]: -1.000000 
(RadSolid) Radius to the solid surface [m]: -1.000000 
(PresXUV) Pressure at base of Thermosphere []: 5.000000 
(ScaleHeight) Scaling factor in fdLehmerRadius []: -1.000000 
(ThermTemp) Isothermal Atmospheric Temperature []: 880.000000 
(AtmGasConst) Atmospheric Gas Constant []: 4124.000000 
(PresSurf) Surface Pressure due to Atmosphere []: -1.000000 
(DEnvMassDt) Envelope Mass Loss Rate []: -1.000000 
(FXUV) XUV Flux [W/m^2]: 0.018173 
(AtmXAbsEffH2O) XUV Atmospheric Escape Efficiency for H2O []: 0.150000 
(RGDuration) Runaway Greenhouse Duration [years]: 1.38833e+08
Output Order: Time[year] EnvelopeMass[Earth] SurfWaterMass[TO] OxygenMass[bars] OxygenMantleMass[bars]
Grid Output Order:

Runtime = 0 s
Total Number of Steps = 1579
