-------- Log file vpl1aab46ca7be2.log -------

Executable: vplanet
System Name: vpl1aab46ca7be2
Primary Input File: vpl1aab46ca7be2.in
Body File #1: st62875de01d2a.in
Body File #2: pl2e84fbac35df.in
Allow files to be overwitten: Yes
Mass Units: Kilograms
Length Units: Meters
Time Units: Seconds
Angle Units: Radians

------- FORMATTING -----
Verbosity Level: 5
Crossover Decade for Scientific Notation: 4
Number of Digits After Decimal: 6
Integration Method: Runge-Kutta4
Direction: Forward
Time Step: 3.155760e+07
Stop Time: 2.065417e+17
Output Interval: 2.065417e+17
Use Variable Timestep: Yes
dEta: 0.100000
Minimum Value of ecc and obl: 1.000000e-10


---- INITIAL SYSTEM PROPERTIES ----
(Age) System Age [sec]: 3.155760e+13 
(Time) Simulation Time [sec]: 0.000000 
(TotAngMom) Total Angular Momentum [kg*m^2/sec]: 2.758500e+40 
(TotEnergy) Total System Energy [kg*m^2/sec^2]: -2.511627e+39 
(PotEnergy) Body's non-orbital Potential Energy [kg*m^2/sec^2]: -2.511609e+39 
(KinEnergy) Body's non-orbital Kinetic Energy [kg*m^2/sec^2]: 8.844419e+33 
(DeltaTime) Average Timestep Over Last Output Interval [sec]: inf 
(Density) Average Density [kg/m^3]: 2816.339871 
(LongP) Body's Longitude of pericenter [rad]: 3.926991 
(LXUVTot) Total XUV Luminosity [kg*m^2/sec^2/(m^2*sec)]: 1.178279e+21 

----- BODY: star ----
Active Modules: STELLAR
Module Bit Sum: 65
Color: 000000
(Mass) Mass [kg]: 2.055505e+29 
(Radius) Radius [m]: 6.736599e+08 
(RadGyra) Radius of Gyration []: 0.500000 
(RotAngMom) Rotational Angular Momentum [kg*m^2/sec]: 2.031045e+40 
(RotVel) Rotational Velocity [m/sec]: 586.705765 
(BodyType) Type of Body (0 == planet) []: 0.000000 
(RotRate) Rotational Frequency [/sec]: 8.709228e-07 
(RotPer) Rotational Period [sec]: 7.214400e+06 
(HZLimitDryRunaway) Semi-major axis of Dry Runaway HZ Limit [m]: -1.000000 
(Instellation) Orbit-averaged INcident STELLar radiATION [rad]: -1.000000 
(LostEnergy) Body's Total Lost Energy [kg*m^2/sec^2]: 0.000000 
(LostAngMom) Lost Angular Momentum due to Magnetic Braking [kg*m^2/sec]: 0.000000 
----- STELLAR PARAMETERS (star)------
(Luminosity) Luminosity [LSUN]: 0.045903 
(LXUVStellar) Base X-ray/XUV Luminosity [LSUN]: 3.063649e-06 
(Temperature) Effective Temperature [K]: 2718.241504 
(LXUVFrac) X-ray/XUV Luminosity Fraction []: 6.674115e-05 
(RossbyNumber) Rossby Number []: 1.069135 
(DRotPerDtStellar) Time Rate of Change of Rotation Period in STELLAR []: 6.993813e-09 
(HZLimRecVenus) Recent Venus Habitable Zone Limit [m]: 2.628376e+10 
(HZLimRunaway) Runaway Greenhouse Habitable Zone Limit [m]: 3.454234e+10 
(HZLimMoistGreenhouse) Moist Greenhouse Habitable Zone Limit [m]: 3.477781e+10 
(HZLimMaxGreenhouse) Maximum Greenhouse Habitable Zone Limit [m]: 6.733944e+10 
(HZLimEarlyMars) Early Mars Habitable Zone Limit [m]: 7.344187e+10 
Output Order: Time[year] Luminosity[LSUN] LXUVStellar[LSUN]
Grid Output Order:

----- BODY: proximba ----
Active Modules: ATMESC
Module Bit Sum: 9
Color: 000000
(Mass) Mass [kg]: 2.369241e+25 
(Radius) Radius [m]: 9.278478e+06 
(RadGyra) Radius of Gyration []: 0.500000 
(BodyType) Type of Body (0 == planet) []: 0.000000 
(HZLimitDryRunaway) Semi-major axis of Dry Runaway HZ Limit [m]: 2.909165e+10 
(Instellation) Orbit-averaged INcident STELLar radiATION [rad]: 2.909165e+10 
----- ATMESC PARAMETERS (proximba)------
(SurfWaterMass) Surface Water Mass [TO]: 5.000000 
(EnvelopeMass) Envelope Mass [Earth]: 0.000000 
(OxygenMass) Oxygen Mass [bars]: 0.000000 
(RGLimit) Runaway Greenhouse Semi-Major Axis [m]: 3.247004e+10 
(XO) Atomic Oxygen Mixing Ratio in Upper Atmosphere []: 0.333333 
(EtaO) Oxygen Eta Parameter (Luger and Barnes 2015) []: 0.019632 
(PlanetRadius) Planet Radius [m]: 9.278478e+06 
(OxygenMantleMass) Mass of Oxygen in Mantle [bars]: 0.000000 
(RadXUV) XUV Radius separating hydro. dyn. escpape and equilibrium [m]: -1.000000 
(RadSolid) Radius to the solid surface [m]: -1.000000 
(PresXUV) Pressure at base of Thermosphere []: 5.000000 
(ScaleHeight) Scaling factor in fdLehmerRadius []: -1.000000 
(ThermTemp) Isothermal Atmospheric Temperature []: 880.000000 
(AtmGasConst) Atmospheric Gas Constant []: 4124.000000 
(PresSurf) Surface Pressure due to Atmosphere []: -1.000000 
(DEnvMassDt) Envelope Mass Loss Rate []: -1.000000 
(FXUV) XUV Flux [W/m^2]: 1.985215 
(AtmXAbsEffH2O) XUV Atmospheric Escape Efficiency for H2O []: 0.150000 
(RGDuration) Runaway Greenhouse Duration [years]: 0.00000e+00
Output Order: Time[year] EnvelopeMass[Earth] SurfWaterMass[TO] OxygenMass[bars] OxygenMantleMass[bars]
Grid Output Order:



---- FINAL SYSTEM PROPERTIES ----
(Age) System Age [sec]: 2.065732e+17 
(Time) Simulation Time [sec]: 2.065417e+17 
(TotAngMom) Total Angular Momentum [kg*m^2/sec]: 9.348833e+39 
(TotEnergy) Total System Energy [kg*m^2/sec^2]: -1.919452e+40 
(PotEnergy) Body's non-orbital Potential Energy [kg*m^2/sec^2]: -1.919449e+40 
(KinEnergy) Body's non-orbital Kinetic Energy [kg*m^2/sec^2]: 9.451546e+31 
(DeltaTime) Average Timestep Over Last Output Interval [sec]: 3.124685e+14 
(Density) Average Density [kg/m^3]: 1.257068e+06 
(LongP) Body's Longitude of pericenter [rad]: 3.926991 
(LXUVTot) Total XUV Luminosity [kg*m^2/sec^2/(m^2*sec)]: 1.977418e+19 

----- BODY: star ----
Active Modules: STELLAR
Module Bit Sum: 65
Color: 000000
(Mass) Mass [kg]: 2.055505e+29 
(Radius) Radius [m]: 8.814875e+07 
(RadGyra) Radius of Gyration []: 0.500000 
(RotAngMom) Rotational Angular Momentum [kg*m^2/sec]: 2.747337e+38 
(RotVel) Rotational Velocity [m/sec]: 60.650885 
(BodyType) Type of Body (0 == planet) []: 0.000000 
(RotRate) Rotational Frequency [/sec]: 6.880516e-07 
(RotPer) Rotational Period [sec]: 9.131852e+06 
(HZLimitDryRunaway) Semi-major axis of Dry Runaway HZ Limit [m]: -1.000000 
(Instellation) Orbit-averaged INcident STELLar radiATION [rad]: -1.000000 
(LostEnergy) Body's Total Lost Energy [kg*m^2/sec^2]: 1.200141e+33 
(LostAngMom) Lost Angular Momentum due to Magnetic Braking [kg*m^2/sec]: 1.799558e+39 
----- STELLAR PARAMETERS (star)------
(Luminosity) Luminosity [LSUN]: 0.001232 
(LXUVStellar) Base X-ray/XUV Luminosity [LSUN]: 5.141492e-08 
(Temperature) Effective Temperature [K]: 3041.725426 
(LXUVFrac) X-ray/XUV Luminosity Fraction []: 4.172200e-05 
(RossbyNumber) Rossby Number []: 1.597138 
(DRotPerDtStellar) Time Rate of Change of Rotation Period in STELLAR []: 3.922439e-12 
(HZLimRecVenus) Recent Venus Habitable Zone Limit [m]: 4.283585e+09 
(HZLimRunaway) Runaway Greenhouse Habitable Zone Limit [m]: 5.641253e+09 
(HZLimMoistGreenhouse) Moist Greenhouse Habitable Zone Limit [m]: 5.667891e+09 
(HZLimMaxGreenhouse) Maximum Greenhouse Habitable Zone Limit [m]: 1.084084e+10 
(HZLimEarlyMars) Early Mars Habitable Zone Limit [m]: 1.182304e+10 
Output Order: Time[year] Luminosity[LSUN] LXUVStellar[LSUN]
Grid Output Order:

----- BODY: proximba ----
Active Modules: ATMESC
Module Bit Sum: 9
Color: 000000
(Mass) Mass [kg]: 2.369241e+25 
(Radius) Radius [m]: 9.278478e+06 
(RadGyra) Radius of Gyration []: 0.500000 
(BodyType) Type of Body (0 == planet) []: 0.000000 
(HZLimitDryRunaway) Semi-major axis of Dry Runaway HZ Limit [m]: 4.766589e+09 
(Instellation) Orbit-averaged INcident STELLar radiATION [rad]: 4.766589e+09 
----- ATMESC PARAMETERS (proximba)------
(SurfWaterMass) Surface Water Mass [TO]: 3.510415 
(EnvelopeMass) Envelope Mass [Earth]: 0.000000 
(OxygenMass) Oxygen Mass [bars]: 311.218093 
(RGLimit) Runaway Greenhouse Semi-Major Axis [m]: 5.301213e+09 
(XO) Atomic Oxygen Mixing Ratio in Upper Atmosphere []: 0.415652 
(EtaO) Oxygen Eta Parameter (Luger and Barnes 2015) []: 0.000000 
(PlanetRadius) Planet Radius [m]: 9.278478e+06 
(OxygenMantleMass) Mass of Oxygen in Mantle [bars]: 0.000000 
(RadXUV) XUV Radius separating hydro. dyn. escpape and equilibrium [m]: -1.000000 
(RadSolid) Radius to the solid surface [m]: -1.000000 
(PresXUV) Pressure at base of Thermosphere []: 5.000000 
(ScaleHeight) Scaling factor in fdLehmerRadius []: -1.000000 
(ThermTemp) Isothermal Atmospheric Temperature []: 880.000000 
(AtmGasConst) Atmospheric Gas Constant []: 4124.000000 
(PresSurf) Surface Pressure due to Atmosphere []: -1.000000 
(DEnvMassDt) Envelope Mass Loss Rate []: -1.000000 
(FXUV) XUV Flux [W/m^2]: 0.033316 
(AtmXAbsEffH2O) XUV Atmospheric Escape Efficiency for H2O []: 0.150000 
(RGDuration) Runaway Greenhouse Duration [years]: 1.32220e+08
Output Order: Time[year] EnvelopeMass[Earth] SurfWaterMass[TO] OxygenMass[bars] OxygenMantleMass[bars]
Grid Output Order:

Runtime = 1 s
Total Number of Steps = 661
