-------- Log file vpl2be8129164c3.log -------

Executable: vplanet
System Name: vpl2be8129164c3
Primary Input File: vpl2be8129164c3.in
Body File #1: stc7dc1be7db20.in
Body File #2: pl98d98a20e0c1.in
Allow files to be overwitten: Yes
Mass Units: Kilograms
Length Units: Meters
Time Units: Seconds
Angle Units: Radians

------- FORMATTING -----
Verbosity Level: 5
Crossover Decade for Scientific Notation: 4
Number of Digits After Decimal: 6
Integration Method: Runge-Kutta4
Direction: Forward
Time Step: 3.155760e+07
Stop Time: 1.573218e+17
Output Interval: 1.573218e+17
Use Variable Timestep: Yes
dEta: 0.100000
Minimum Value of ecc and obl: 1.000000e-10


---- INITIAL SYSTEM PROPERTIES ----
(Age) System Age [sec]: 3.155760e+13 
(Time) Simulation Time [sec]: 0.000000 
(TotAngMom) Total Angular Momentum [kg*m^2/sec]: 3.071051e+40 
(TotEnergy) Total System Energy [kg*m^2/sec^2]: -2.789758e+39 
(PotEnergy) Body's non-orbital Potential Energy [kg*m^2/sec^2]: -2.789742e+39 
(KinEnergy) Body's non-orbital Kinetic Energy [kg*m^2/sec^2]: 1.018985e+34 
(DeltaTime) Average Timestep Over Last Output Interval [sec]: inf 
(Density) Average Density [kg/m^3]: 2715.178757 
(LongP) Body's Longitude of pericenter [rad]: 3.926991 
(LXUVTot) Total XUV Luminosity [kg*m^2/sec^2/(m^2*sec)]: 7.135011e+21 

----- BODY: star ----
Active Modules: STELLAR
Module Bit Sum: 65
Color: 000000
(Mass) Mass [kg]: 2.205277e+29 
(Radius) Radius [m]: 6.981002e+08 
(RadGyra) Radius of Gyration []: 0.500000 
(RotAngMom) Rotational Angular Momentum [kg*m^2/sec]: 2.340013e+40 
(RotVel) Rotational Velocity [m/sec]: 607.991353 
(BodyType) Type of Body (0 == planet) []: 0.000000 
(RotRate) Rotational Frequency [/sec]: 8.709228e-07 
(RotPer) Rotational Period [sec]: 7.214400e+06 
(HZLimitDryRunaway) Semi-major axis of Dry Runaway HZ Limit [m]: -1.000000 
(Instellation) Orbit-averaged INcident STELLar radiATION [rad]: -1.000000 
(LostEnergy) Body's Total Lost Energy [kg*m^2/sec^2]: 0.000000 
(LostAngMom) Lost Angular Momentum due to Magnetic Braking [kg*m^2/sec]: 0.000000 
----- STELLAR PARAMETERS (star)------
(Luminosity) Luminosity [LSUN]: 0.050104 
(LXUVStellar) Base X-ray/XUV Luminosity [LSUN]: 1.855177e-05 
(Temperature) Effective Temperature [K]: 2729.330278 
(LXUVFrac) X-ray/XUV Luminosity Fraction []: 0.000370 
(RossbyNumber) Rossby Number []: 1.075224 
(DRotPerDtStellar) Time Rate of Change of Rotation Period in STELLAR []: 7.004815e-09 
(HZLimRecVenus) Recent Venus Habitable Zone Limit [m]: 2.745527e+10 
(HZLimRunaway) Runaway Greenhouse Habitable Zone Limit [m]: 3.608367e+10 
(HZLimMoistGreenhouse) Moist Greenhouse Habitable Zone Limit [m]: 3.632791e+10 
(HZLimMaxGreenhouse) Maximum Greenhouse Habitable Zone Limit [m]: 7.031084e+10 
(HZLimEarlyMars) Early Mars Habitable Zone Limit [m]: 7.668243e+10 
Output Order: Time[year] Luminosity[LSUN] LXUVStellar[LSUN]
Grid Output Order:

----- BODY: proximba ----
Active Modules: ATMESC
Module Bit Sum: 9
Color: 000000
(Mass) Mass [kg]: 2.271735e+25 
(Radius) Radius [m]: 9.173020e+06 
(RadGyra) Radius of Gyration []: 0.500000 
(BodyType) Type of Body (0 == planet) []: 0.000000 
(HZLimitDryRunaway) Semi-major axis of Dry Runaway HZ Limit [m]: 3.039355e+10 
(Instellation) Orbit-averaged INcident STELLar radiATION [rad]: 3.039355e+10 
----- ATMESC PARAMETERS (proximba)------
(SurfWaterMass) Surface Water Mass [TO]: 5.000000 
(EnvelopeMass) Envelope Mass [Earth]: 0.000000 
(OxygenMass) Oxygen Mass [bars]: 0.000000 
(RGLimit) Runaway Greenhouse Semi-Major Axis [m]: 3.395005e+10 
(XO) Atomic Oxygen Mixing Ratio in Upper Atmosphere []: 0.333333 
(EtaO) Oxygen Eta Parameter (Luger and Barnes 2015) []: 0.406612 
(PlanetRadius) Planet Radius [m]: 9.173020e+06 
(OxygenMantleMass) Mass of Oxygen in Mantle [bars]: 0.000000 
(RadXUV) XUV Radius separating hydro. dyn. escpape and equilibrium [m]: -1.000000 
(RadSolid) Radius to the solid surface [m]: -1.000000 
(PresXUV) Pressure at base of Thermosphere []: 5.000000 
(ScaleHeight) Scaling factor in fdLehmerRadius []: -1.000000 
(ThermTemp) Isothermal Atmospheric Temperature []: 880.000000 
(AtmGasConst) Atmospheric Gas Constant []: 4124.000000 
(PresSurf) Surface Pressure due to Atmosphere []: -1.000000 
(DEnvMassDt) Envelope Mass Loss Rate []: -1.000000 
(FXUV) XUV Flux [W/m^2]: 11.468580 
(AtmXAbsEffH2O) XUV Atmospheric Escape Efficiency for H2O []: 0.150000 
(RGDuration) Runaway Greenhouse Duration [years]: 0.00000e+00
Output Order: Time[year] EnvelopeMass[Earth] SurfWaterMass[TO] OxygenMass[bars] OxygenMantleMass[bars]
Grid Output Order:



---- FINAL SYSTEM PROPERTIES ----
(Age) System Age [sec]: 1.573534e+17 
(Time) Simulation Time [sec]: 1.573218e+17 
(TotAngMom) Total Angular Momentum [kg*m^2/sec]: 9.708708e+39 
(TotEnergy) Total System Energy [kg*m^2/sec^2]: -2.090893e+40 
(PotEnergy) Body's non-orbital Potential Energy [kg*m^2/sec^2]: -2.090890e+40 
(KinEnergy) Body's non-orbital Kinetic Energy [kg*m^2/sec^2]: 1.173030e+32 
(DeltaTime) Average Timestep Over Last Output Interval [sec]: 1.139188e+14 
(Density) Average Density [kg/m^3]: 1.143141e+06 
(LongP) Body's Longitude of pericenter [rad]: 3.926991 
(LXUVTot) Total XUV Luminosity [kg*m^2/sec^2/(m^2*sec)]: 1.323626e+20 

----- BODY: star ----
Active Modules: STELLAR
Module Bit Sum: 65
Color: 000000
(Mass) Mass [kg]: 2.205277e+29 
(Radius) Radius [m]: 9.314308e+07 
(RadGyra) Radius of Gyration []: 0.500000 
(RotAngMom) Rotational Angular Momentum [kg*m^2/sec]: 3.349822e+38 
(RotVel) Rotational Velocity [m/sec]: 65.233103 
(BodyType) Type of Body (0 == planet) []: 0.000000 
(RotRate) Rotational Frequency [/sec]: 7.003538e-07 
(RotPer) Rotational Period [sec]: 8.971445e+06 
(HZLimitDryRunaway) Semi-major axis of Dry Runaway HZ Limit [m]: -1.000000 
(Instellation) Orbit-averaged INcident STELLar radiATION [rad]: -1.000000 
(LostEnergy) Body's Total Lost Energy [kg*m^2/sec^2]: 1.375328e+33 
(LostAngMom) Lost Angular Momentum due to Magnetic Braking [kg*m^2/sec]: 2.063348e+39 
----- STELLAR PARAMETERS (star)------
(Luminosity) Luminosity [LSUN]: 0.001378 
(LXUVStellar) Base X-ray/XUV Luminosity [LSUN]: 3.441564e-07 
(Temperature) Effective Temperature [K]: 3042.776810 
(LXUVFrac) X-ray/XUV Luminosity Fraction []: 0.000250 
(RossbyNumber) Rossby Number []: 1.569928 
(DRotPerDtStellar) Time Rate of Change of Rotation Period in STELLAR []: 4.420990e-12 
(HZLimRecVenus) Recent Venus Habitable Zone Limit [m]: 4.529329e+09 
(HZLimRunaway) Runaway Greenhouse Habitable Zone Limit [m]: 5.964936e+09 
(HZLimMoistGreenhouse) Moist Greenhouse Habitable Zone Limit [m]: 5.993051e+09 
(HZLimMaxGreenhouse) Maximum Greenhouse Habitable Zone Limit [m]: 1.146232e+10 
(HZLimEarlyMars) Early Mars Habitable Zone Limit [m]: 1.250082e+10 
Output Order: Time[year] Luminosity[LSUN] LXUVStellar[LSUN]
Grid Output Order:

----- BODY: proximba ----
Active Modules: ATMESC
Module Bit Sum: 9
Color: 000000
(Mass) Mass [kg]: 2.271735e+25 
(Radius) Radius [m]: 9.173020e+06 
(RadGyra) Radius of Gyration []: 0.500000 
(BodyType) Type of Body (0 == planet) []: 0.000000 
(HZLimitDryRunaway) Semi-major axis of Dry Runaway HZ Limit [m]: 5.040137e+09 
(Instellation) Orbit-averaged INcident STELLar radiATION [rad]: 5.040137e+09 
----- ATMESC PARAMETERS (proximba)------
(SurfWaterMass) Surface Water Mass [TO]: 0.020677 
(EnvelopeMass) Envelope Mass [Earth]: 0.000000 
(OxygenMass) Oxygen Mass [bars]: 983.245857 
(RGLimit) Runaway Greenhouse Semi-Major Axis [m]: 5.610626e+09 
(XO) Atomic Oxygen Mixing Ratio in Upper Atmosphere []: 0.991260 
(EtaO) Oxygen Eta Parameter (Luger and Barnes 2015) []: 0.000000 
(PlanetRadius) Planet Radius [m]: 9.173020e+06 
(OxygenMantleMass) Mass of Oxygen in Mantle [bars]: 0.000000 
(RadXUV) XUV Radius separating hydro. dyn. escpape and equilibrium [m]: -1.000000 
(RadSolid) Radius to the solid surface [m]: -1.000000 
(PresXUV) Pressure at base of Thermosphere []: 5.000000 
(ScaleHeight) Scaling factor in fdLehmerRadius []: -1.000000 
(ThermTemp) Isothermal Atmospheric Temperature []: 880.000000 
(AtmGasConst) Atmospheric Gas Constant []: 4124.000000 
(PresSurf) Surface Pressure due to Atmosphere []: -1.000000 
(DEnvMassDt) Envelope Mass Loss Rate []: -1.000000 
(FXUV) XUV Flux [W/m^2]: 0.212755 
(AtmXAbsEffH2O) XUV Atmospheric Escape Efficiency for H2O []: 0.150000 
(RGDuration) Runaway Greenhouse Duration [years]: 1.40260e+08
Output Order: Time[year] EnvelopeMass[Earth] SurfWaterMass[TO] OxygenMass[bars] OxygenMantleMass[bars]
Grid Output Order:

Runtime = 0 s
Total Number of Steps = 1381
