-------- Log file vpl3b2e161393a9.log -------

Executable: vplanet
System Name: vpl3b2e161393a9
Primary Input File: vpl3b2e161393a9.in
Body File #1: stcf6ac1082507.in
Body File #2: plbc69145f3591.in
Allow files to be overwitten: Yes
Mass Units: Kilograms
Length Units: Meters
Time Units: Seconds
Angle Units: Radians

------- FORMATTING -----
Verbosity Level: 5
Crossover Decade for Scientific Notation: 4
Number of Digits After Decimal: 6
Integration Method: Runge-Kutta4
Direction: Forward
Time Step: 3.155760e+07
Stop Time: 1.268758e+17
Output Interval: 1.268758e+17
Use Variable Timestep: Yes
dEta: 0.100000
Minimum Value of ecc and obl: 1.000000e-10


---- INITIAL SYSTEM PROPERTIES ----
(Age) System Age [sec]: 3.155760e+13 
(Time) Simulation Time [sec]: 0.000000 
(TotAngMom) Total Angular Momentum [kg*m^2/sec]: 2.339268e+40 
(TotEnergy) Total System Energy [kg*m^2/sec^2]: -2.538220e+39 
(PotEnergy) Body's non-orbital Potential Energy [kg*m^2/sec^2]: -2.538219e+39 
(KinEnergy) Body's non-orbital Kinetic Energy [kg*m^2/sec^2]: 8.967657e+33 
(DeltaTime) Average Timestep Over Last Output Interval [sec]: inf 
(Density) Average Density [kg/m^3]: 2807.064160 
(LongP) Body's Longitude of pericenter [rad]: 3.926991 
(LXUVTot) Total XUV Luminosity [kg*m^2/sec^2/(m^2*sec)]: 7.530538e+22 

----- BODY: star ----
Active Modules: STELLAR
Module Bit Sum: 65
Color: 000000
(Mass) Mass [kg]: 2.069909e+29 
(Radius) Radius [m]: 6.759728e+08 
(RadGyra) Radius of Gyration []: 0.500000 
(RotAngMom) Rotational Angular Momentum [kg*m^2/sec]: 2.059346e+40 
(RotVel) Rotational Velocity [m/sec]: 588.720070 
(BodyType) Type of Body (0 == planet) []: 0.000000 
(RotRate) Rotational Frequency [/sec]: 8.709228e-07 
(RotPer) Rotational Period [sec]: 7.214400e+06 
(HZLimitDryRunaway) Semi-major axis of Dry Runaway HZ Limit [m]: -1.000000 
(Instellation) Orbit-averaged INcident STELLar radiATION [rad]: -1.000000 
(LostEnergy) Body's Total Lost Energy [kg*m^2/sec^2]: 0.000000 
(LostAngMom) Lost Angular Momentum due to Magnetic Braking [kg*m^2/sec]: 0.000000 
----- STELLAR PARAMETERS (star)------
(Luminosity) Luminosity [LSUN]: 0.046292 
(LXUVStellar) Base X-ray/XUV Luminosity [LSUN]: 0.000196 
(Temperature) Effective Temperature [K]: 2719.305992 
(LXUVFrac) X-ray/XUV Luminosity Fraction []: 0.004230 
(RossbyNumber) Rossby Number []: 1.069718 
(DRotPerDtStellar) Time Rate of Change of Rotation Period in STELLAR []: 6.992316e-09 
(HZLimRecVenus) Recent Venus Habitable Zone Limit [m]: 2.639422e+10 
(HZLimRunaway) Runaway Greenhouse Habitable Zone Limit [m]: 3.468766e+10 
(HZLimMoistGreenhouse) Moist Greenhouse Habitable Zone Limit [m]: 3.492397e+10 
(HZLimMaxGreenhouse) Maximum Greenhouse Habitable Zone Limit [m]: 6.761967e+10 
(HZLimEarlyMars) Early Mars Habitable Zone Limit [m]: 7.374749e+10 
Output Order: Time[year] Luminosity[LSUN] LXUVStellar[LSUN]
Grid Output Order:

----- BODY: proximba ----
Active Modules: ATMESC
Module Bit Sum: 9
Color: 000000
(Mass) Mass [kg]: 9.074886e+24 
(Radius) Radius [m]: 7.146870e+06 
(RadGyra) Radius of Gyration []: 0.500000 
(BodyType) Type of Body (0 == planet) []: 0.000000 
(HZLimitDryRunaway) Semi-major axis of Dry Runaway HZ Limit [m]: 2.921439e+10 
(Instellation) Orbit-averaged INcident STELLar radiATION [rad]: 2.921439e+10 
----- ATMESC PARAMETERS (proximba)------
(SurfWaterMass) Surface Water Mass [TO]: 5.000000 
(EnvelopeMass) Envelope Mass [Earth]: 0.000000 
(OxygenMass) Oxygen Mass [bars]: 0.000000 
(RGLimit) Runaway Greenhouse Semi-Major Axis [m]: 3.332746e+10 
(XO) Atomic Oxygen Mixing Ratio in Upper Atmosphere []: 0.333333 
(EtaO) Oxygen Eta Parameter (Luger and Barnes 2015) []: 0.962941 
(PlanetRadius) Planet Radius [m]: 7.146870e+06 
(OxygenMantleMass) Mass of Oxygen in Mantle [bars]: 0.000000 
(RadXUV) XUV Radius separating hydro. dyn. escpape and equilibrium [m]: -1.000000 
(RadSolid) Radius to the solid surface [m]: -1.000000 
(PresXUV) Pressure at base of Thermosphere []: 5.000000 
(ScaleHeight) Scaling factor in fdLehmerRadius []: -1.000000 
(ThermTemp) Isothermal Atmospheric Temperature []: 880.000000 
(AtmGasConst) Atmospheric Gas Constant []: 4124.000000 
(PresSurf) Surface Pressure due to Atmosphere []: -1.000000 
(DEnvMassDt) Envelope Mass Loss Rate []: -1.000000 
(FXUV) XUV Flux [W/m^2]: 126.331033 
(AtmXAbsEffH2O) XUV Atmospheric Escape Efficiency for H2O []: 0.150000 
(RGDuration) Runaway Greenhouse Duration [years]: 0.00000e+00
Output Order: Time[year] EnvelopeMass[Earth] SurfWaterMass[TO] OxygenMass[bars] OxygenMantleMass[bars]
Grid Output Order:



---- FINAL SYSTEM PROPERTIES ----
(Age) System Age [sec]: 1.269073e+17 
(Time) Simulation Time [sec]: 1.268758e+17 
(TotAngMom) Total Angular Momentum [kg*m^2/sec]: 3.879162e+39 
(TotEnergy) Total System Energy [kg*m^2/sec^2]: -1.937297e+40 
(PotEnergy) Body's non-orbital Potential Energy [kg*m^2/sec^2]: -1.937296e+40 
(KinEnergy) Body's non-orbital Kinetic Energy [kg*m^2/sec^2]: 1.091402e+32 
(DeltaTime) Average Timestep Over Last Output Interval [sec]: 7.616963e+12 
(Density) Average Density [kg/m^3]: 1.248110e+06 
(LongP) Body's Longitude of pericenter [rad]: 3.926991 
(LXUVTot) Total XUV Luminosity [kg*m^2/sec^2/(m^2*sec)]: 2.023717e+21 

----- BODY: star ----
Active Modules: STELLAR
Module Bit Sum: 65
Color: 000000
(Mass) Mass [kg]: 2.069909e+29 
(Radius) Radius [m]: 8.856504e+07 
(RadGyra) Radius of Gyration []: 0.500000 
(RotAngMom) Rotational Angular Momentum [kg*m^2/sec]: 2.976565e+38 
(RotVel) Rotational Velocity [m/sec]: 64.947395 
(BodyType) Type of Body (0 == planet) []: 0.000000 
(RotRate) Rotational Frequency [/sec]: 7.333300e-07 
(RotPer) Rotational Period [sec]: 8.568019e+06 
(HZLimitDryRunaway) Semi-major axis of Dry Runaway HZ Limit [m]: -1.000000 
(Instellation) Orbit-averaged INcident STELLar radiATION [rad]: -1.000000 
(LostEnergy) Body's Total Lost Energy [kg*m^2/sec^2]: 6.118661e+32 
(LostAngMom) Lost Angular Momentum due to Magnetic Braking [kg*m^2/sec]: 7.822837e+38 
----- STELLAR PARAMETERS (star)------
(Luminosity) Luminosity [LSUN]: 0.001244 
(LXUVStellar) Base X-ray/XUV Luminosity [LSUN]: 5.261873e-06 
(Temperature) Effective Temperature [K]: 3041.742459 
(LXUVFrac) X-ray/XUV Luminosity Fraction []: 0.004230 
(RossbyNumber) Rossby Number []: 1.498538 
(DRotPerDtStellar) Time Rate of Change of Rotation Period in STELLAR []: 4.768233e-12 
(HZLimRecVenus) Recent Venus Habitable Zone Limit [m]: 4.303861e+09 
(HZLimRunaway) Runaway Greenhouse Habitable Zone Limit [m]: 5.667957e+09 
(HZLimMoistGreenhouse) Moist Greenhouse Habitable Zone Limit [m]: 5.694720e+09 
(HZLimMaxGreenhouse) Maximum Greenhouse Habitable Zone Limit [m]: 1.089215e+10 
(HZLimEarlyMars) Early Mars Habitable Zone Limit [m]: 1.187900e+10 
Output Order: Time[year] Luminosity[LSUN] LXUVStellar[LSUN]
Grid Output Order:

----- BODY: proximba ----
Active Modules: ATMESC
Module Bit Sum: 9
Color: 000000
(Mass) Mass [kg]: 9.074886e+24 
(Radius) Radius [m]: 7.146870e+06 
(RadGyra) Radius of Gyration []: 0.500000 
(BodyType) Type of Body (0 == planet) []: 0.000000 
(HZLimitDryRunaway) Semi-major axis of Dry Runaway HZ Limit [m]: 4.789153e+09 
(Instellation) Orbit-averaged INcident STELLar radiATION [rad]: 4.789153e+09 
----- ATMESC PARAMETERS (proximba)------
(SurfWaterMass) Surface Water Mass [TO]: 0.000000 
(EnvelopeMass) Envelope Mass [Earth]: 0.000000 
(OxygenMass) Oxygen Mass [bars]: 16.739840 
(RGLimit) Runaway Greenhouse Semi-Major Axis [m]: 5.443652e+09 
(XO) Atomic Oxygen Mixing Ratio in Upper Atmosphere []: 1.000000 
(EtaO) Oxygen Eta Parameter (Luger and Barnes 2015) []: 0.000000 
(PlanetRadius) Planet Radius [m]: 7.146870e+06 
(OxygenMantleMass) Mass of Oxygen in Mantle [bars]: 0.000000 
(RadXUV) XUV Radius separating hydro. dyn. escpape and equilibrium [m]: -1.000000 
(RadSolid) Radius to the solid surface [m]: -1.000000 
(PresXUV) Pressure at base of Thermosphere []: 5.000000 
(ScaleHeight) Scaling factor in fdLehmerRadius []: -1.000000 
(ThermTemp) Isothermal Atmospheric Temperature []: 880.000000 
(AtmGasConst) Atmospheric Gas Constant []: 4124.000000 
(PresSurf) Surface Pressure due to Atmosphere []: -1.000000 
(DEnvMassDt) Envelope Mass Loss Rate []: -1.000000 
(FXUV) XUV Flux [W/m^2]: 3.394953 
(AtmXAbsEffH2O) XUV Atmospheric Escape Efficiency for H2O []: 0.150000 
(RGDuration) Runaway Greenhouse Duration [years]: 1.41465e+08
Output Order: Time[year] EnvelopeMass[Earth] SurfWaterMass[TO] OxygenMass[bars] OxygenMantleMass[bars]
Grid Output Order:

Runtime = 1 s
Total Number of Steps = 16657
