-------- Log file vpl7389880d5ddf.log -------

Executable: vplanet
System Name: vpl7389880d5ddf
Primary Input File: vpl7389880d5ddf.in
Body File #1: st4dad2feeb1a2.in
Body File #2: plda64b225ccb9.in
Allow files to be overwitten: Yes
Mass Units: Kilograms
Length Units: Meters
Time Units: Seconds
Angle Units: Radians

------- FORMATTING -----
Verbosity Level: 5
Crossover Decade for Scientific Notation: 4
Number of Digits After Decimal: 6
Integration Method: Runge-Kutta4
Direction: Forward
Time Step: 3.155760e+07
Stop Time: 1.691835e+17
Output Interval: 1.691835e+17
Use Variable Timestep: Yes
dEta: 0.100000
Minimum Value of ecc and obl: 1.000000e-10


---- INITIAL SYSTEM PROPERTIES ----
(Age) System Age [sec]: 3.155760e+13 
(Time) Simulation Time [sec]: 0.000000 
(TotAngMom) Total Angular Momentum [kg*m^2/sec]: 5.504408e+40 
(TotEnergy) Total System Energy [kg*m^2/sec^2]: -4.136655e+39 
(PotEnergy) Body's non-orbital Potential Energy [kg*m^2/sec^2]: -4.136633e+39 
(KinEnergy) Body's non-orbital Kinetic Energy [kg*m^2/sec^2]: 1.904680e+34 
(DeltaTime) Average Timestep Over Last Output Interval [sec]: inf 
(Density) Average Density [kg/m^3]: 2153.908767 
(LongP) Body's Longitude of pericenter [rad]: 3.926991 
(LXUVTot) Total XUV Luminosity [kg*m^2/sec^2/(m^2*sec)]: 8.805488e+22 

----- BODY: star ----
Active Modules: STELLAR
Module Bit Sum: 65
Color: 000000
(Mass) Mass [kg]: 2.925682e+29 
(Radius) Radius [m]: 8.286341e+08 
(RadGyra) Radius of Gyration []: 0.500000 
(RotAngMom) Rotational Angular Momentum [kg*m^2/sec]: 4.373935e+40 
(RotVel) Rotational Velocity [m/sec]: 721.676304 
(BodyType) Type of Body (0 == planet) []: 0.000000 
(RotRate) Rotational Frequency [/sec]: 8.709228e-07 
(RotPer) Rotational Period [sec]: 7.214400e+06 
(HZLimitDryRunaway) Semi-major axis of Dry Runaway HZ Limit [m]: -1.000000 
(Instellation) Orbit-averaged INcident STELLar radiATION [rad]: -1.000000 
(LostEnergy) Body's Total Lost Energy [kg*m^2/sec^2]: 0.000000 
(LostAngMom) Lost Angular Momentum due to Magnetic Braking [kg*m^2/sec]: 0.000000 
----- STELLAR PARAMETERS (star)------
(Luminosity) Luminosity [LSUN]: 0.076345 
(LXUVStellar) Base X-ray/XUV Luminosity [LSUN]: 0.000229 
(Temperature) Effective Temperature [K]: 2783.302972 
(LXUVFrac) X-ray/XUV Luminosity Fraction []: 0.002999 
(RossbyNumber) Rossby Number []: 1.105360 
(DRotPerDtStellar) Time Rate of Change of Rotation Period in STELLAR []: 7.743550e-09 
(HZLimRecVenus) Recent Venus Habitable Zone Limit [m]: 3.386190e+10 
(HZLimRunaway) Runaway Greenhouse Habitable Zone Limit [m]: 4.451533e+10 
(HZLimMoistGreenhouse) Moist Greenhouse Habitable Zone Limit [m]: 4.480494e+10 
(HZLimMaxGreenhouse) Maximum Greenhouse Habitable Zone Limit [m]: 8.653851e+10 
(HZLimEarlyMars) Early Mars Habitable Zone Limit [m]: 9.438010e+10 
Output Order: Time[year] Luminosity[LSUN] LXUVStellar[LSUN]
Grid Output Order:

----- BODY: proximba ----
Active Modules: ATMESC
Module Bit Sum: 9
Color: 000000
(Mass) Mass [kg]: 2.909879e+25 
(Radius) Radius [m]: 9.811989e+06 
(RadGyra) Radius of Gyration []: 0.500000 
(BodyType) Type of Body (0 == planet) []: 0.000000 
(HZLimitDryRunaway) Semi-major axis of Dry Runaway HZ Limit [m]: 3.751762e+10 
(Instellation) Orbit-averaged INcident STELLar radiATION [rad]: 3.751762e+10 
----- ATMESC PARAMETERS (proximba)------
(SurfWaterMass) Surface Water Mass [TO]: 5.000000 
(EnvelopeMass) Envelope Mass [Earth]: 0.000000 
(OxygenMass) Oxygen Mass [bars]: 0.000000 
(RGLimit) Runaway Greenhouse Semi-Major Axis [m]: 4.164996e+10 
(XO) Atomic Oxygen Mixing Ratio in Upper Atmosphere []: 0.333333 
(EtaO) Oxygen Eta Parameter (Luger and Barnes 2015) []: 0.856264 
(PlanetRadius) Planet Radius [m]: 9.811989e+06 
(OxygenMantleMass) Mass of Oxygen in Mantle [bars]: 0.000000 
(RadXUV) XUV Radius separating hydro. dyn. escpape and equilibrium [m]: -1.000000 
(RadSolid) Radius to the solid surface [m]: -1.000000 
(PresXUV) Pressure at base of Thermosphere []: 5.000000 
(ScaleHeight) Scaling factor in fdLehmerRadius []: -1.000000 
(ThermTemp) Isothermal Atmospheric Temperature []: 880.000000 
(AtmGasConst) Atmospheric Gas Constant []: 4124.000000 
(PresSurf) Surface Pressure due to Atmosphere []: -1.000000 
(DEnvMassDt) Envelope Mass Loss Rate []: -1.000000 
(FXUV) XUV Flux [W/m^2]: 117.269818 
(AtmXAbsEffH2O) XUV Atmospheric Escape Efficiency for H2O []: 0.150000 
(RGDuration) Runaway Greenhouse Duration [years]: 0.00000e+00
Output Order: Time[year] EnvelopeMass[Earth] SurfWaterMass[TO] OxygenMass[bars] OxygenMantleMass[bars]
Grid Output Order:



---- FINAL SYSTEM PROPERTIES ----
(Age) System Age [sec]: 1.692151e+17 
(Time) Simulation Time [sec]: 1.691835e+17 
(TotAngMom) Total Angular Momentum [kg*m^2/sec]: 1.399491e+40 
(TotEnergy) Total System Energy [kg*m^2/sec^2]: -2.817737e+40 
(PotEnergy) Body's non-orbital Potential Energy [kg*m^2/sec^2]: -2.817734e+40 
(KinEnergy) Body's non-orbital Kinetic Energy [kg*m^2/sec^2]: 2.513815e+32 
(DeltaTime) Average Timestep Over Last Output Interval [sec]: 3.275577e+13 
(Density) Average Density [kg/m^3]: 6.807474e+05 
(LongP) Body's Longitude of pericenter [rad]: 3.926991 
(LXUVTot) Total XUV Luminosity [kg*m^2/sec^2/(m^2*sec)]: 2.042854e+20 

----- BODY: star ----
Active Modules: STELLAR
Module Bit Sum: 65
Color: 000000
(Mass) Mass [kg]: 2.925682e+29 
(Radius) Radius [m]: 1.216494e+08 
(RadGyra) Radius of Gyration []: 0.500000 
(RotAngMom) Rotational Angular Momentum [kg*m^2/sec]: 7.376921e+38 
(RotVel) Rotational Velocity [m/sec]: 82.908323 
(BodyType) Type of Body (0 == planet) []: 0.000000 
(RotRate) Rotational Frequency [/sec]: 6.815351e-07 
(RotPer) Rotational Period [sec]: 9.219166e+06 
(HZLimitDryRunaway) Semi-major axis of Dry Runaway HZ Limit [m]: -1.000000 
(Instellation) Orbit-averaged INcident STELLar radiATION [rad]: -1.000000 
(LostEnergy) Body's Total Lost Energy [kg*m^2/sec^2]: 1.497784e+33 
(LostAngMom) Lost Angular Momentum due to Magnetic Braking [kg*m^2/sec]: 1.952487e+39 
----- STELLAR PARAMETERS (star)------
(Luminosity) Luminosity [LSUN]: 0.002367 
(LXUVStellar) Base X-ray/XUV Luminosity [LSUN]: 5.311632e-07 
(Temperature) Effective Temperature [K]: 3048.109702 
(LXUVFrac) X-ray/XUV Luminosity Fraction []: 0.000224 
(RossbyNumber) Rossby Number []: 1.617690 
(DRotPerDtStellar) Time Rate of Change of Rotation Period in STELLAR []: 6.193786e-12 
(HZLimRecVenus) Recent Venus Habitable Zone Limit [m]: 5.935716e+09 
(HZLimRunaway) Runaway Greenhouse Habitable Zone Limit [m]: 7.817429e+09 
(HZLimMoistGreenhouse) Moist Greenhouse Habitable Zone Limit [m]: 7.853934e+09 
(HZLimMaxGreenhouse) Maximum Greenhouse Habitable Zone Limit [m]: 1.501842e+10 
(HZLimEarlyMars) Early Mars Habitable Zone Limit [m]: 1.637912e+10 
Output Order: Time[year] Luminosity[LSUN] LXUVStellar[LSUN]
Grid Output Order:

----- BODY: proximba ----
Active Modules: ATMESC
Module Bit Sum: 9
Color: 000000
(Mass) Mass [kg]: 2.909879e+25 
(Radius) Radius [m]: 9.811989e+06 
(RadGyra) Radius of Gyration []: 0.500000 
(BodyType) Type of Body (0 == planet) []: 0.000000 
(HZLimitDryRunaway) Semi-major axis of Dry Runaway HZ Limit [m]: 6.605757e+09 
(Instellation) Orbit-averaged INcident STELLar radiATION [rad]: 6.605757e+09 
----- ATMESC PARAMETERS (proximba)------
(SurfWaterMass) Surface Water Mass [TO]: 0.000000 
(EnvelopeMass) Envelope Mass [Earth]: 0.000000 
(OxygenMass) Oxygen Mass [bars]: 296.906332 
(RGLimit) Runaway Greenhouse Semi-Major Axis [m]: 7.312887e+09 
(XO) Atomic Oxygen Mixing Ratio in Upper Atmosphere []: 1.000000 
(EtaO) Oxygen Eta Parameter (Luger and Barnes 2015) []: 0.000000 
(PlanetRadius) Planet Radius [m]: 9.811989e+06 
(OxygenMantleMass) Mass of Oxygen in Mantle [bars]: 0.000000 
(RadXUV) XUV Radius separating hydro. dyn. escpape and equilibrium [m]: -1.000000 
(RadSolid) Radius to the solid surface [m]: -1.000000 
(PresXUV) Pressure at base of Thermosphere []: 5.000000 
(ScaleHeight) Scaling factor in fdLehmerRadius []: -1.000000 
(ThermTemp) Isothermal Atmospheric Temperature []: 880.000000 
(AtmGasConst) Atmospheric Gas Constant []: 4124.000000 
(PresSurf) Surface Pressure due to Atmosphere []: -1.000000 
(DEnvMassDt) Envelope Mass Loss Rate []: -1.000000 
(FXUV) XUV Flux [W/m^2]: 0.272063 
(AtmXAbsEffH2O) XUV Atmospheric Escape Efficiency for H2O []: 0.150000 
(RGDuration) Runaway Greenhouse Duration [years]: 2.21493e+08
Output Order: Time[year] EnvelopeMass[Earth] SurfWaterMass[TO] OxygenMass[bars] OxygenMantleMass[bars]
Grid Output Order:

Runtime = 0 s
Total Number of Steps = 5165
