-------- Log file vpl8a9ceb9c88ba.log -------

Executable: vplanet
System Name: vpl8a9ceb9c88ba
Primary Input File: vpl8a9ceb9c88ba.in
Body File #1: st9d243a5636de.in
Body File #2: pl121539298afd.in
Allow files to be overwitten: Yes
Mass Units: Kilograms
Length Units: Meters
Time Units: Seconds
Angle Units: Radians

------- FORMATTING -----
Verbosity Level: 5
Crossover Decade for Scientific Notation: 4
Number of Digits After Decimal: 6
Integration Method: Runge-Kutta4
Direction: Forward
Time Step: 3.155760e+07
Stop Time: 1.372307e+17
Output Interval: 1.372307e+17
Use Variable Timestep: Yes
dEta: 0.100000
Minimum Value of ecc and obl: 1.000000e-10


---- INITIAL SYSTEM PROPERTIES ----
(Age) System Age [sec]: 3.155760e+13 
(Time) Simulation Time [sec]: 0.000000 
(TotAngMom) Total Angular Momentum [kg*m^2/sec]: 4.264283e+40 
(TotEnergy) Total System Energy [kg*m^2/sec^2]: -3.848367e+39 
(PotEnergy) Body's non-orbital Potential Energy [kg*m^2/sec^2]: -3.848369e+39 
(KinEnergy) Body's non-orbital Kinetic Energy [kg*m^2/sec^2]: 1.674797e+34 
(DeltaTime) Average Timestep Over Last Output Interval [sec]: inf 
(Density) Average Density [kg/m^3]: 2278.855454 
(LongP) Body's Longitude of pericenter [rad]: 3.926991 
(LXUVTot) Total XUV Luminosity [kg*m^2/sec^2/(m^2*sec)]: 1.925019e+21 

----- BODY: star ----
Active Modules: STELLAR
Module Bit Sum: 65
Color: 000000
(Mass) Mass [kg]: 2.770174e+29 
(Radius) Radius [m]: 7.985331e+08 
(RadGyra) Radius of Gyration []: 0.500000 
(RotAngMom) Rotational Angular Momentum [kg*m^2/sec]: 3.846029e+40 
(RotVel) Rotational Velocity [m/sec]: 695.460700 
(BodyType) Type of Body (0 == planet) []: 0.000000 
(RotRate) Rotational Frequency [/sec]: 8.709228e-07 
(RotPer) Rotational Period [sec]: 7.214400e+06 
(HZLimitDryRunaway) Semi-major axis of Dry Runaway HZ Limit [m]: -1.000000 
(Instellation) Orbit-averaged INcident STELLar radiATION [rad]: -1.000000 
(LostEnergy) Body's Total Lost Energy [kg*m^2/sec^2]: 0.000000 
(LostAngMom) Lost Angular Momentum due to Magnetic Braking [kg*m^2/sec]: 0.000000 
----- STELLAR PARAMETERS (star)------
(Luminosity) Luminosity [LSUN]: 0.069710 
(LXUVStellar) Base X-ray/XUV Luminosity [LSUN]: 5.005248e-06 
(Temperature) Effective Temperature [K]: 2771.562708 
(LXUVFrac) X-ray/XUV Luminosity Fraction []: 7.180078e-05 
(RossbyNumber) Rossby Number []: 1.098733 
(DRotPerDtStellar) Time Rate of Change of Rotation Period in STELLAR []: 7.497344e-09 
(HZLimRecVenus) Recent Venus Habitable Zone Limit [m]: 3.236314e+10 
(HZLimRunaway) Runaway Greenhouse Habitable Zone Limit [m]: 4.254245e+10 
(HZLimMoistGreenhouse) Moist Greenhouse Habitable Zone Limit [m]: 4.282183e+10 
(HZLimMaxGreenhouse) Maximum Greenhouse Habitable Zone Limit [m]: 8.274533e+10 
(HZLimEarlyMars) Early Mars Habitable Zone Limit [m]: 9.024332e+10 
Output Order: Time[year] Luminosity[LSUN] LXUVStellar[LSUN]
Grid Output Order:

----- BODY: proximba ----
Active Modules: ATMESC
Module Bit Sum: 9
Color: 000000
(Mass) Mass [kg]: 1.116496e+25 
(Radius) Radius [m]: 7.561365e+06 
(RadGyra) Radius of Gyration []: 0.500000 
(BodyType) Type of Body (0 == planet) []: 0.000000 
(HZLimitDryRunaway) Semi-major axis of Dry Runaway HZ Limit [m]: 3.585039e+10 
(Instellation) Orbit-averaged INcident STELLar radiATION [rad]: 3.585039e+10 
----- ATMESC PARAMETERS (proximba)------
(SurfWaterMass) Surface Water Mass [TO]: 5.000000 
(EnvelopeMass) Envelope Mass [Earth]: 0.000000 
(OxygenMass) Oxygen Mass [bars]: 0.000000 
(RGLimit) Runaway Greenhouse Semi-Major Axis [m]: 4.067443e+10 
(XO) Atomic Oxygen Mixing Ratio in Upper Atmosphere []: 0.333333 
(EtaO) Oxygen Eta Parameter (Luger and Barnes 2015) []: 0.241398 
(PlanetRadius) Planet Radius [m]: 7.561365e+06 
(OxygenMantleMass) Mass of Oxygen in Mantle [bars]: 0.000000 
(RadXUV) XUV Radius separating hydro. dyn. escpape and equilibrium [m]: -1.000000 
(RadSolid) Radius to the solid surface [m]: -1.000000 
(PresXUV) Pressure at base of Thermosphere []: 5.000000 
(ScaleHeight) Scaling factor in fdLehmerRadius []: -1.000000 
(ThermTemp) Isothermal Atmospheric Temperature []: 880.000000 
(AtmGasConst) Atmospheric Gas Constant []: 4124.000000 
(PresSurf) Surface Pressure due to Atmosphere []: -1.000000 
(DEnvMassDt) Envelope Mass Loss Rate []: -1.000000 
(FXUV) XUV Flux [W/m^2]: 2.658801 
(AtmXAbsEffH2O) XUV Atmospheric Escape Efficiency for H2O []: 0.150000 
(RGDuration) Runaway Greenhouse Duration [years]: 0.00000e+00
Output Order: Time[year] EnvelopeMass[Earth] SurfWaterMass[TO] OxygenMass[bars] OxygenMantleMass[bars]
Grid Output Order:



---- FINAL SYSTEM PROPERTIES ----
(Age) System Age [sec]: 1.372622e+17 
(Time) Simulation Time [sec]: 1.372307e+17 
(TotAngMom) Total Angular Momentum [kg*m^2/sec]: 8.243991e+39 
(TotEnergy) Total System Energy [kg*m^2/sec^2]: -2.677363e+40 
(PotEnergy) Body's non-orbital Potential Energy [kg*m^2/sec^2]: -2.677362e+40 
(KinEnergy) Body's non-orbital Kinetic Energy [kg*m^2/sec^2]: 2.168704e+32 
(DeltaTime) Average Timestep Over Last Output Interval [sec]: 1.027945e+14 
(Density) Average Density [kg/m^3]: 7.673752e+05 
(LongP) Body's Longitude of pericenter [rad]: 3.926991 
(LXUVTot) Total XUV Luminosity [kg*m^2/sec^2/(m^2*sec)]: 2.876258e+19 

----- BODY: star ----
Active Modules: STELLAR
Module Bit Sum: 65
Color: 000000
(Mass) Mass [kg]: 2.770174e+29 
(Radius) Radius [m]: 1.147790e+08 
(RadGyra) Radius of Gyration []: 0.500000 
(RotAngMom) Rotational Angular Momentum [kg*m^2/sec]: 6.290733e+38 
(RotVel) Rotational Velocity [m/sec]: 79.139198 
(BodyType) Type of Body (0 == planet) []: 0.000000 
(RotRate) Rotational Frequency [/sec]: 6.894917e-07 
(RotPer) Rotational Period [sec]: 9.112779e+06 
(HZLimitDryRunaway) Semi-major axis of Dry Runaway HZ Limit [m]: -1.000000 
(Instellation) Orbit-averaged INcident STELLar radiATION [rad]: -1.000000 
(LostEnergy) Body's Total Lost Energy [kg*m^2/sec^2]: 2.291382e+33 
(LostAngMom) Lost Angular Momentum due to Magnetic Braking [kg*m^2/sec]: 3.432377e+39 
----- STELLAR PARAMETERS (star)------
(Luminosity) Luminosity [LSUN]: 0.002104 
(LXUVStellar) Base X-ray/XUV Luminosity [LSUN]: 7.478569e-08 
(Temperature) Effective Temperature [K]: 3046.856837 
(LXUVFrac) X-ray/XUV Luminosity Fraction []: 3.555276e-05 
(RossbyNumber) Rossby Number []: 1.597996 
(DRotPerDtStellar) Time Rate of Change of Rotation Period in STELLAR []: 5.787013e-12 
(HZLimRecVenus) Recent Venus Habitable Zone Limit [m]: 5.596009e+09 
(HZLimRunaway) Runaway Greenhouse Habitable Zone Limit [m]: 7.369954e+09 
(HZLimMoistGreenhouse) Moist Greenhouse Habitable Zone Limit [m]: 7.404445e+09 
(HZLimMaxGreenhouse) Maximum Greenhouse Habitable Zone Limit [m]: 1.415957e+10 
(HZLimEarlyMars) Early Mars Habitable Zone Limit [m]: 1.544246e+10 
Output Order: Time[year] Luminosity[LSUN] LXUVStellar[LSUN]
Grid Output Order:

----- BODY: proximba ----
Active Modules: ATMESC
Module Bit Sum: 9
Color: 000000
(Mass) Mass [kg]: 1.116496e+25 
(Radius) Radius [m]: 7.561365e+06 
(RadGyra) Radius of Gyration []: 0.500000 
(BodyType) Type of Body (0 == planet) []: 0.000000 
(HZLimitDryRunaway) Semi-major axis of Dry Runaway HZ Limit [m]: 6.227565e+09 
(Instellation) Orbit-averaged INcident STELLar radiATION [rad]: 6.227565e+09 
----- ATMESC PARAMETERS (proximba)------
(SurfWaterMass) Surface Water Mass [TO]: 2.524593 
(EnvelopeMass) Envelope Mass [Earth]: 0.000000 
(OxygenMass) Oxygen Mass [bars]: 544.394110 
(RGLimit) Runaway Greenhouse Semi-Major Axis [m]: 7.044474e+09 
(XO) Atomic Oxygen Mixing Ratio in Upper Atmosphere []: 0.495214 
(EtaO) Oxygen Eta Parameter (Luger and Barnes 2015) []: 0.000000 
(PlanetRadius) Planet Radius [m]: 7.561365e+06 
(OxygenMantleMass) Mass of Oxygen in Mantle [bars]: 0.000000 
(RadXUV) XUV Radius separating hydro. dyn. escpape and equilibrium [m]: -1.000000 
(RadSolid) Radius to the solid surface [m]: -1.000000 
(PresXUV) Pressure at base of Thermosphere []: 5.000000 
(ScaleHeight) Scaling factor in fdLehmerRadius []: -1.000000 
(ThermTemp) Isothermal Atmospheric Temperature []: 880.000000 
(AtmGasConst) Atmospheric Gas Constant []: 4124.000000 
(PresSurf) Surface Pressure due to Atmosphere []: -1.000000 
(DEnvMassDt) Envelope Mass Loss Rate []: -1.000000 
(FXUV) XUV Flux [W/m^2]: 0.039726 
(AtmXAbsEffH2O) XUV Atmospheric Escape Efficiency for H2O []: 0.150000 
(RGDuration) Runaway Greenhouse Duration [years]: 2.12695e+08
Output Order: Time[year] EnvelopeMass[Earth] SurfWaterMass[TO] OxygenMass[bars] OxygenMantleMass[bars]
Grid Output Order:

Runtime = 0 s
Total Number of Steps = 1335
