-------- Log file vplaf9f39f6527b.log -------

Executable: vplanet
System Name: vplaf9f39f6527b
Primary Input File: vplaf9f39f6527b.in
Body File #1: st96d507c61271.in
Body File #2: pl0b1e921d311d.in
Allow files to be overwitten: Yes
Mass Units: Kilograms
Length Units: Meters
Time Units: Seconds
Angle Units: Radians

------- FORMATTING -----
Verbosity Level: 5
Crossover Decade for Scientific Notation: 4
Number of Digits After Decimal: 6
Integration Method: Runge-Kutta4
Direction: Forward
Time Step: 3.155760e+07
Stop Time: 1.898188e+17
Output Interval: 1.898188e+17
Use Variable Timestep: Yes
dEta: 0.100000
Minimum Value of ecc and obl: 1.000000e-10


---- INITIAL SYSTEM PROPERTIES ----
(Age) System Age [sec]: 3.155760e+13 
(Time) Simulation Time [sec]: 0.000000 
(TotAngMom) Total Angular Momentum [kg*m^2/sec]: 3.992905e+40 
(TotEnergy) Total System Energy [kg*m^2/sec^2]: -3.472900e+39 
(PotEnergy) Body's non-orbital Potential Energy [kg*m^2/sec^2]: -3.472888e+39 
(KinEnergy) Body's non-orbital Kinetic Energy [kg*m^2/sec^2]: 1.411950e+34 
(DeltaTime) Average Timestep Over Last Output Interval [sec]: inf 
(Density) Average Density [kg/m^3]: 2439.347776 
(LongP) Body's Longitude of pericenter [rad]: 3.926991 
(LXUVTot) Total XUV Luminosity [kg*m^2/sec^2/(m^2*sec)]: 4.138125e+20 

----- BODY: star ----
Active Modules: STELLAR
Module Bit Sum: 65
Color: 000000
(Mass) Mass [kg]: 2.569473e+29 
(Radius) Radius [m]: 7.612950e+08 
(RadGyra) Radius of Gyration []: 0.500000 
(RotAngMom) Rotational Angular Momentum [kg*m^2/sec]: 3.242423e+40 
(RotVel) Rotational Velocity [m/sec]: 663.029158 
(BodyType) Type of Body (0 == planet) []: 0.000000 
(RotRate) Rotational Frequency [/sec]: 8.709228e-07 
(RotPer) Rotational Period [sec]: 7.214400e+06 
(HZLimitDryRunaway) Semi-major axis of Dry Runaway HZ Limit [m]: -1.000000 
(Instellation) Orbit-averaged INcident STELLar radiATION [rad]: -1.000000 
(LostEnergy) Body's Total Lost Energy [kg*m^2/sec^2]: 0.000000 
(LostAngMom) Lost Angular Momentum due to Magnetic Braking [kg*m^2/sec]: 0.000000 
----- STELLAR PARAMETERS (star)------
(Luminosity) Luminosity [LSUN]: 0.061993 
(LXUVStellar) Base X-ray/XUV Luminosity [LSUN]: 1.075956e-06 
(Temperature) Effective Temperature [K]: 2756.483736 
(LXUVFrac) X-ray/XUV Luminosity Fraction []: 1.735621e-05 
(RossbyNumber) Rossby Number []: 1.090281 
(DRotPerDtStellar) Time Rate of Change of Rotation Period in STELLAR []: 7.247904e-09 
(HZLimRecVenus) Recent Venus Habitable Zone Limit [m]: 3.052637e+10 
(HZLimRunaway) Runaway Greenhouse Habitable Zone Limit [m]: 4.012497e+10 
(HZLimMoistGreenhouse) Moist Greenhouse Habitable Zone Limit [m]: 4.039149e+10 
(HZLimMaxGreenhouse) Maximum Greenhouse Habitable Zone Limit [m]: 7.809421e+10 
(HZLimEarlyMars) Early Mars Habitable Zone Limit [m]: 8.517087e+10 
Output Order: Time[year] Luminosity[LSUN] LXUVStellar[LSUN]
Grid Output Order:

----- BODY: proximba ----
Active Modules: ATMESC
Module Bit Sum: 9
Color: 000000
(Mass) Mass [kg]: 2.106296e+25 
(Radius) Radius [m]: 8.986288e+06 
(RadGyra) Radius of Gyration []: 0.500000 
(BodyType) Type of Body (0 == planet) []: 0.000000 
(HZLimitDryRunaway) Semi-major axis of Dry Runaway HZ Limit [m]: 3.380768e+10 
(Instellation) Orbit-averaged INcident STELLar radiATION [rad]: 3.380768e+10 
----- ATMESC PARAMETERS (proximba)------
(SurfWaterMass) Surface Water Mass [TO]: 5.000000 
(EnvelopeMass) Envelope Mass [Earth]: 0.000000 
(OxygenMass) Oxygen Mass [bars]: 0.000000 
(RGLimit) Runaway Greenhouse Semi-Major Axis [m]: 3.781456e+10 
(XO) Atomic Oxygen Mixing Ratio in Upper Atmosphere []: 0.333333 
(EtaO) Oxygen Eta Parameter (Luger and Barnes 2015) []: 0.000000 
(PlanetRadius) Planet Radius [m]: 8.986288e+06 
(OxygenMantleMass) Mass of Oxygen in Mantle [bars]: 0.000000 
(RadXUV) XUV Radius separating hydro. dyn. escpape and equilibrium [m]: -1.000000 
(RadSolid) Radius to the solid surface [m]: -1.000000 
(PresXUV) Pressure at base of Thermosphere []: 5.000000 
(ScaleHeight) Scaling factor in fdLehmerRadius []: -1.000000 
(ThermTemp) Isothermal Atmospheric Temperature []: 880.000000 
(AtmGasConst) Atmospheric Gas Constant []: 4124.000000 
(PresSurf) Surface Pressure due to Atmosphere []: -1.000000 
(DEnvMassDt) Envelope Mass Loss Rate []: -1.000000 
(FXUV) XUV Flux [W/m^2]: 0.600819 
(AtmXAbsEffH2O) XUV Atmospheric Escape Efficiency for H2O []: 0.150000 
(RGDuration) Runaway Greenhouse Duration [years]: 0.00000e+00
Output Order: Time[year] EnvelopeMass[Earth] SurfWaterMass[TO] OxygenMass[bars] OxygenMantleMass[bars]
Grid Output Order:



---- FINAL SYSTEM PROPERTIES ----
(Age) System Age [sec]: 1.898504e+17 
(Time) Simulation Time [sec]: 1.898188e+17 
(TotAngMom) Total Angular Momentum [kg*m^2/sec]: 1.089979e+40 
(TotEnergy) Total System Energy [kg*m^2/sec^2]: -2.479304e+40 
(PotEnergy) Body's non-orbital Potential Energy [kg*m^2/sec^2]: -2.479302e+40 
(KinEnergy) Body's non-orbital Kinetic Energy [kg*m^2/sec^2]: 1.671978e+32 
(DeltaTime) Average Timestep Over Last Output Interval [sec]: 3.056664e+14 
(Density) Average Density [kg/m^3]: 8.875430e+05 
(LongP) Body's Longitude of pericenter [rad]: 3.926991 
(LXUVTot) Total XUV Luminosity [kg*m^2/sec^2/(m^2*sec)]: 9.303300e+18 

----- BODY: star ----
Active Modules: STELLAR
Module Bit Sum: 65
Color: 000000
(Mass) Mass [kg]: 2.569473e+29 
(Radius) Radius [m]: 1.066386e+08 
(RadGyra) Radius of Gyration []: 0.500000 
(RotAngMom) Rotational Angular Momentum [kg*m^2/sec]: 4.942386e+38 
(RotVel) Rotational Velocity [m/sec]: 72.150308 
(BodyType) Type of Body (0 == planet) []: 0.000000 
(RotRate) Rotational Frequency [/sec]: 6.765872e-07 
(RotPer) Rotational Period [sec]: 9.286586e+06 
(HZLimitDryRunaway) Semi-major axis of Dry Runaway HZ Limit [m]: -1.000000 
(Instellation) Orbit-averaged INcident STELLar radiATION [rad]: -1.000000 
(LostEnergy) Body's Total Lost Energy [kg*m^2/sec^2]: 1.936540e+33 
(LostAngMom) Lost Angular Momentum due to Magnetic Braking [kg*m^2/sec]: 2.900736e+39 
----- STELLAR PARAMETERS (star)------
(Luminosity) Luminosity [LSUN]: 0.001813 
(LXUVStellar) Base X-ray/XUV Luminosity [LSUN]: 2.418955e-08 
(Temperature) Effective Temperature [K]: 3045.526540 
(LXUVFrac) X-ray/XUV Luminosity Fraction []: 1.334558e-05 
(RossbyNumber) Rossby Number []: 1.627365 
(DRotPerDtStellar) Time Rate of Change of Rotation Period in STELLAR []: 4.850460e-12 
(HZLimRecVenus) Recent Venus Habitable Zone Limit [m]: 5.194708e+09 
(HZLimRunaway) Runaway Greenhouse Habitable Zone Limit [m]: 6.841365e+09 
(HZLimMoistGreenhouse) Moist Greenhouse Habitable Zone Limit [m]: 6.873458e+09 
(HZLimMaxGreenhouse) Maximum Greenhouse Habitable Zone Limit [m]: 1.314482e+10 
(HZLimEarlyMars) Early Mars Habitable Zone Limit [m]: 1.433577e+10 
Output Order: Time[year] Luminosity[LSUN] LXUVStellar[LSUN]
Grid Output Order:

----- BODY: proximba ----
Active Modules: ATMESC
Module Bit Sum: 9
Color: 000000
(Mass) Mass [kg]: 2.106296e+25 
(Radius) Radius [m]: 8.986288e+06 
(RadGyra) Radius of Gyration []: 0.500000 
(BodyType) Type of Body (0 == planet) []: 0.000000 
(HZLimitDryRunaway) Semi-major axis of Dry Runaway HZ Limit [m]: 5.780837e+09 
(Instellation) Orbit-averaged INcident STELLar radiATION [rad]: 5.780837e+09 
----- ATMESC PARAMETERS (proximba)------
(SurfWaterMass) Surface Water Mass [TO]: 4.470598 
(EnvelopeMass) Envelope Mass [Earth]: 0.000000 
(OxygenMass) Oxygen Mass [bars]: 112.212363 
(RGLimit) Runaway Greenhouse Semi-Major Axis [m]: 6.445853e+09 
(XO) Atomic Oxygen Mixing Ratio in Upper Atmosphere []: 0.358649 
(EtaO) Oxygen Eta Parameter (Luger and Barnes 2015) []: 0.000000 
(PlanetRadius) Planet Radius [m]: 8.986288e+06 
(OxygenMantleMass) Mass of Oxygen in Mantle [bars]: 0.000000 
(RadXUV) XUV Radius separating hydro. dyn. escpape and equilibrium [m]: -1.000000 
(RadSolid) Radius to the solid surface [m]: -1.000000 
(PresXUV) Pressure at base of Thermosphere []: 5.000000 
(ScaleHeight) Scaling factor in fdLehmerRadius []: -1.000000 
(ThermTemp) Isothermal Atmospheric Temperature []: 880.000000 
(AtmGasConst) Atmospheric Gas Constant []: 4124.000000 
(PresSurf) Surface Pressure due to Atmosphere []: -1.000000 
(DEnvMassDt) Envelope Mass Loss Rate []: -1.000000 
(FXUV) XUV Flux [W/m^2]: 0.013508 
(AtmXAbsEffH2O) XUV Atmospheric Escape Efficiency for H2O []: 0.150000 
(RGDuration) Runaway Greenhouse Duration [years]: 1.72848e+08
Output Order: Time[year] EnvelopeMass[Earth] SurfWaterMass[TO] OxygenMass[bars] OxygenMantleMass[bars]
Grid Output Order:

Runtime = 0 s
Total Number of Steps = 621
