-------- Log file vpla8a26de03c2c.log -------

Executable: vplanet
System Name: vpla8a26de03c2c
Primary Input File: vpla8a26de03c2c.in
Body File #1: st5eb5539b48aa.in
Body File #2: pla012ab37841c.in
Allow files to be overwitten: Yes
Mass Units: Kilograms
Length Units: Meters
Time Units: Seconds
Angle Units: Radians

------- FORMATTING -----
Verbosity Level: 5
Crossover Decade for Scientific Notation: 4
Number of Digits After Decimal: 6
Integration Method: Runge-Kutta4
Direction: Forward
Time Step: 3.155760e+07
Stop Time: 1.619373e+17
Output Interval: 1.619373e+17
Use Variable Timestep: Yes
dEta: 0.100000
Minimum Value of ecc and obl: 1.000000e-10


---- INITIAL SYSTEM PROPERTIES ----
(Age) System Age [sec]: 3.155760e+13 
(Time) Simulation Time [sec]: 0.000000 
(TotAngMom) Total Angular Momentum [kg*m^2/sec]: 2.234732e+40 
(TotEnergy) Total System Energy [kg*m^2/sec^2]: -2.456191e+39 
(PotEnergy) Body's non-orbital Potential Energy [kg*m^2/sec^2]: -2.456190e+39 
(KinEnergy) Body's non-orbital Kinetic Energy [kg*m^2/sec^2]: 8.591286e+33 
(DeltaTime) Average Timestep Over Last Output Interval [sec]: inf 
(Density) Average Density [kg/m^3]: 2835.345994 
(LongP) Body's Longitude of pericenter [rad]: 3.926991 
(LXUVTot) Total XUV Luminosity [kg*m^2/sec^2/(m^2*sec)]: 1.649410e+22 

----- BODY: star ----
Active Modules: STELLAR
Module Bit Sum: 65
Color: 000000
(Mass) Mass [kg]: 2.025444e+29 
(Radius) Radius [m]: 6.688585e+08 
(RadGyra) Radius of Gyration []: 0.500000 
(RotAngMom) Rotational Angular Momentum [kg*m^2/sec]: 1.972916e+40 
(RotVel) Rotational Velocity [m/sec]: 582.524147 
(BodyType) Type of Body (0 == planet) []: 0.000000 
(RotRate) Rotational Frequency [/sec]: 8.709228e-07 
(RotPer) Rotational Period [sec]: 7.214400e+06 
(HZLimitDryRunaway) Semi-major axis of Dry Runaway HZ Limit [m]: -1.000000 
(Instellation) Orbit-averaged INcident STELLar radiATION [rad]: -1.000000 
(LostEnergy) Body's Total Lost Energy [kg*m^2/sec^2]: 0.000000 
(LostAngMom) Lost Angular Momentum due to Magnetic Braking [kg*m^2/sec]: 0.000000 
----- STELLAR PARAMETERS (star)------
(Luminosity) Luminosity [LSUN]: 0.045104 
(LXUVStellar) Base X-ray/XUV Luminosity [LSUN]: 4.288637e-05 
(Temperature) Effective Temperature [K]: 2716.021293 
(LXUVFrac) X-ray/XUV Luminosity Fraction []: 0.000951 
(RossbyNumber) Rossby Number []: 1.067920 
(DRotPerDtStellar) Time Rate of Change of Rotation Period in STELLAR []: 6.998791e-09 
(HZLimRecVenus) Recent Venus Habitable Zone Limit [m]: 2.605471e+10 
(HZLimRunaway) Runaway Greenhouse Habitable Zone Limit [m]: 3.424100e+10 
(HZLimMoistGreenhouse) Moist Greenhouse Habitable Zone Limit [m]: 3.447474e+10 
(HZLimMaxGreenhouse) Maximum Greenhouse Habitable Zone Limit [m]: 6.675834e+10 
(HZLimEarlyMars) Early Mars Habitable Zone Limit [m]: 7.280813e+10 
Output Order: Time[year] Luminosity[LSUN] LXUVStellar[LSUN]
Grid Output Order:

----- BODY: proximba ----
Active Modules: ATMESC
Module Bit Sum: 9
Color: 000000
(Mass) Mass [kg]: 8.611074e+24 
(Radius) Radius [m]: 7.045611e+06 
(RadGyra) Radius of Gyration []: 0.500000 
(BodyType) Type of Body (0 == planet) []: 0.000000 
(HZLimitDryRunaway) Semi-major axis of Dry Runaway HZ Limit [m]: 2.883714e+10 
(Instellation) Orbit-averaged INcident STELLar radiATION [rad]: 2.883714e+10 
----- ATMESC PARAMETERS (proximba)------
(SurfWaterMass) Surface Water Mass [TO]: 5.000000 
(EnvelopeMass) Envelope Mass [Earth]: 0.000000 
(OxygenMass) Oxygen Mass [bars]: 0.000000 
(RGLimit) Runaway Greenhouse Semi-Major Axis [m]: 3.293882e+10 
(XO) Atomic Oxygen Mixing Ratio in Upper Atmosphere []: 0.333333 
(EtaO) Oxygen Eta Parameter (Luger and Barnes 2015) []: 0.858339 
(PlanetRadius) Planet Radius [m]: 7.045611e+06 
(OxygenMantleMass) Mass of Oxygen in Mantle [bars]: 0.000000 
(RadXUV) XUV Radius separating hydro. dyn. escpape and equilibrium [m]: -1.000000 
(RadSolid) Radius to the solid surface [m]: -1.000000 
(PresXUV) Pressure at base of Thermosphere []: 5.000000 
(ScaleHeight) Scaling factor in fdLehmerRadius []: -1.000000 
(ThermTemp) Isothermal Atmospheric Temperature []: 880.000000 
(AtmGasConst) Atmospheric Gas Constant []: 4124.000000 
(PresSurf) Surface Pressure due to Atmosphere []: -1.000000 
(DEnvMassDt) Envelope Mass Loss Rate []: -1.000000 
(FXUV) XUV Flux [W/m^2]: 28.065879 
(AtmXAbsEffH2O) XUV Atmospheric Escape Efficiency for H2O []: 0.150000 
(RGDuration) Runaway Greenhouse Duration [years]: 0.00000e+00
Output Order: Time[year] EnvelopeMass[Earth] SurfWaterMass[TO] OxygenMass[bars] OxygenMantleMass[bars]
Grid Output Order:



---- FINAL SYSTEM PROPERTIES ----
(Age) System Age [sec]: 1.619688e+17 
(Time) Simulation Time [sec]: 1.619373e+17 
(TotAngMom) Total Angular Momentum [kg*m^2/sec]: 4.251033e+39 
(TotEnergy) Total System Energy [kg*m^2/sec^2]: -1.885165e+40 
(PotEnergy) Body's non-orbital Potential Energy [kg*m^2/sec^2]: -1.885164e+40 
(KinEnergy) Body's non-orbital Kinetic Energy [kg*m^2/sec^2]: 9.702070e+31 
(DeltaTime) Average Timestep Over Last Output Interval [sec]: 7.397773e+13 
(Density) Average Density [kg/m^3]: 1.281939e+06 
(LongP) Body's Longitude of pericenter [rad]: 3.926991 
(LXUVTot) Total XUV Luminosity [kg*m^2/sec^2/(m^2*sec)]: 2.181557e+20 

----- BODY: star ----
Active Modules: STELLAR
Module Bit Sum: 65
Color: 000000
(Mass) Mass [kg]: 2.025444e+29 
(Radius) Radius [m]: 8.714595e+07 
(RadGyra) Radius of Gyration []: 0.500000 
(RotAngMom) Rotational Angular Momentum [kg*m^2/sec]: 2.731647e+38 
(RotVel) Rotational Velocity [m/sec]: 61.903761 
(BodyType) Type of Body (0 == planet) []: 0.000000 
(RotRate) Rotational Frequency [/sec]: 7.103458e-07 
(RotPer) Rotational Period [sec]: 8.845248e+06 
(HZLimitDryRunaway) Semi-major axis of Dry Runaway HZ Limit [m]: -1.000000 
(Instellation) Orbit-averaged INcident STELLar radiATION [rad]: -1.000000 
(LostEnergy) Body's Total Lost Energy [kg*m^2/sec^2]: 9.438163e+32 
(LostAngMom) Lost Angular Momentum due to Magnetic Braking [kg*m^2/sec]: 1.359705e+39 
----- STELLAR PARAMETERS (star)------
(Luminosity) Luminosity [LSUN]: 0.001204 
(LXUVStellar) Base X-ray/XUV Luminosity [LSUN]: 5.672276e-07 
(Temperature) Effective Temperature [K]: 3041.463775 
(LXUVFrac) X-ray/XUV Luminosity Fraction []: 0.000471 
(RossbyNumber) Rossby Number []: 1.546804 
(DRotPerDtStellar) Time Rate of Change of Rotation Period in STELLAR []: 4.257977e-12 
(HZLimRecVenus) Recent Venus Habitable Zone Limit [m]: 4.234145e+09 
(HZLimRunaway) Runaway Greenhouse Habitable Zone Limit [m]: 5.576131e+09 
(HZLimMoistGreenhouse) Moist Greenhouse Habitable Zone Limit [m]: 5.602474e+09 
(HZLimMaxGreenhouse) Maximum Greenhouse Habitable Zone Limit [m]: 1.071583e+10 
(HZLimEarlyMars) Early Mars Habitable Zone Limit [m]: 1.168670e+10 
Output Order: Time[year] Luminosity[LSUN] LXUVStellar[LSUN]
Grid Output Order:

----- BODY: proximba ----
Active Modules: ATMESC
Module Bit Sum: 9
Color: 000000
(Mass) Mass [kg]: 8.611074e+24 
(Radius) Radius [m]: 7.045611e+06 
(RadGyra) Radius of Gyration []: 0.500000 
(BodyType) Type of Body (0 == planet) []: 0.000000 
(HZLimitDryRunaway) Semi-major axis of Dry Runaway HZ Limit [m]: 4.711552e+09 
(Instellation) Orbit-averaged INcident STELLar radiATION [rad]: 4.711552e+09 
----- ATMESC PARAMETERS (proximba)------
(SurfWaterMass) Surface Water Mass [TO]: 0.273213 
(EnvelopeMass) Envelope Mass [Earth]: 0.000000 
(OxygenMass) Oxygen Mass [bars]: 590.364517 
(RGLimit) Runaway Greenhouse Semi-Major Axis [m]: 5.361994e+09 
(XO) Atomic Oxygen Mixing Ratio in Upper Atmosphere []: 0.839006 
(EtaO) Oxygen Eta Parameter (Luger and Barnes 2015) []: 0.000000 
(PlanetRadius) Planet Radius [m]: 7.045611e+06 
(OxygenMantleMass) Mass of Oxygen in Mantle [bars]: 0.000000 
(RadXUV) XUV Radius separating hydro. dyn. escpape and equilibrium [m]: -1.000000 
(RadSolid) Radius to the solid surface [m]: -1.000000 
(PresXUV) Pressure at base of Thermosphere []: 5.000000 
(ScaleHeight) Scaling factor in fdLehmerRadius []: -1.000000 
(ThermTemp) Isothermal Atmospheric Temperature []: 880.000000 
(AtmGasConst) Atmospheric Gas Constant []: 4124.000000 
(PresSurf) Surface Pressure due to Atmosphere []: -1.000000 
(DEnvMassDt) Envelope Mass Loss Rate []: -1.000000 
(FXUV) XUV Flux [W/m^2]: 0.371207 
(AtmXAbsEffH2O) XUV Atmospheric Escape Efficiency for H2O []: 0.150000 
(RGDuration) Runaway Greenhouse Duration [years]: 1.39775e+08
Output Order: Time[year] EnvelopeMass[Earth] SurfWaterMass[TO] OxygenMass[bars] OxygenMantleMass[bars]
Grid Output Order:

Runtime = 0 s
Total Number of Steps = 2189
