-------- Log file vplbe99d5639d5a.log -------

Executable: vplanet
System Name: vplbe99d5639d5a
Primary Input File: vplbe99d5639d5a.in
Body File #1: st8c08b706fbb0.in
Body File #2: plb1e0720467a4.in
Allow files to be overwitten: Yes
Mass Units: Kilograms
Length Units: Meters
Time Units: Seconds
Angle Units: Radians

------- FORMATTING -----
Verbosity Level: 5
Crossover Decade for Scientific Notation: 4
Number of Digits After Decimal: 6
Integration Method: Runge-Kutta4
Direction: Forward
Time Step: 3.155760e+07
Stop Time: 6.216153e+16
Output Interval: 6.216153e+16
Use Variable Timestep: Yes
dEta: 0.100000
Minimum Value of ecc and obl: 1.000000e-10


---- INITIAL SYSTEM PROPERTIES ----
(Age) System Age [sec]: 3.155760e+13 
(Time) Simulation Time [sec]: 0.000000 
(TotAngMom) Total Angular Momentum [kg*m^2/sec]: 3.708853e+40 
(TotEnergy) Total System Energy [kg*m^2/sec^2]: -3.617189e+39 
(PotEnergy) Body's non-orbital Potential Energy [kg*m^2/sec^2]: -3.617195e+39 
(KinEnergy) Body's non-orbital Kinetic Energy [kg*m^2/sec^2]: 1.508490e+34 
(DeltaTime) Average Timestep Over Last Output Interval [sec]: inf 
(Density) Average Density [kg/m^3]: 2378.108733 
(LongP) Body's Longitude of pericenter [rad]: 3.926991 
(LXUVTot) Total XUV Luminosity [kg*m^2/sec^2/(m^2*sec)]: 5.851065e+22 

----- BODY: star ----
Active Modules: STELLAR
Module Bit Sum: 65
Color: 000000
(Mass) Mass [kg]: 2.646435e+29 
(Radius) Radius [m]: 7.753647e+08 
(RadGyra) Radius of Gyration []: 0.500000 
(RotAngMom) Rotational Angular Momentum [kg*m^2/sec]: 3.464119e+40 
(RotVel) Rotational Velocity [m/sec]: 675.282772 
(BodyType) Type of Body (0 == planet) []: 0.000000 
(RotRate) Rotational Frequency [/sec]: 8.709228e-07 
(RotPer) Rotational Period [sec]: 7.214400e+06 
(HZLimitDryRunaway) Semi-major axis of Dry Runaway HZ Limit [m]: -1.000000 
(Instellation) Orbit-averaged INcident STELLar radiATION [rad]: -1.000000 
(LostEnergy) Body's Total Lost Energy [kg*m^2/sec^2]: 0.000000 
(LostAngMom) Lost Angular Momentum due to Magnetic Braking [kg*m^2/sec]: 0.000000 
----- STELLAR PARAMETERS (star)------
(Luminosity) Luminosity [LSUN]: 0.064845 
(LXUVStellar) Base X-ray/XUV Luminosity [LSUN]: 0.000152 
(Temperature) Effective Temperature [K]: 2762.256266 
(LXUVFrac) X-ray/XUV Luminosity Fraction []: 0.002346 
(RossbyNumber) Rossby Number []: 1.093509 
(DRotPerDtStellar) Time Rate of Change of Rotation Period in STELLAR []: 7.334335e-09 
(HZLimRecVenus) Recent Venus Habitable Zone Limit [m]: 3.121806e+10 
(HZLimRunaway) Runaway Greenhouse Habitable Zone Limit [m]: 4.103530e+10 
(HZLimMoistGreenhouse) Moist Greenhouse Habitable Zone Limit [m]: 4.130671e+10 
(HZLimMaxGreenhouse) Maximum Greenhouse Habitable Zone Limit [m]: 7.984606e+10 
(HZLimEarlyMars) Early Mars Habitable Zone Limit [m]: 8.708141e+10 
Output Order: Time[year] Luminosity[LSUN] LXUVStellar[LSUN]
Grid Output Order:

----- BODY: proximba ----
Active Modules: ATMESC
Module Bit Sum: 9
Color: 000000
(Mass) Mass [kg]: 6.733968e+24 
(Radius) Radius [m]: 6.589808e+06 
(RadGyra) Radius of Gyration []: 0.500000 
(BodyType) Type of Body (0 == planet) []: 0.000000 
(HZLimitDryRunaway) Semi-major axis of Dry Runaway HZ Limit [m]: 3.457686e+10 
(Instellation) Orbit-averaged INcident STELLar radiATION [rad]: 3.457686e+10 
----- ATMESC PARAMETERS (proximba)------
(SurfWaterMass) Surface Water Mass [TO]: 5.000000 
(EnvelopeMass) Envelope Mass [Earth]: 0.000000 
(OxygenMass) Oxygen Mass [bars]: 0.000000 
(RGLimit) Runaway Greenhouse Semi-Major Axis [m]: 3.969969e+10 
(XO) Atomic Oxygen Mixing Ratio in Upper Atmosphere []: 0.333333 
(EtaO) Oxygen Eta Parameter (Luger and Barnes 2015) []: 0.960637 
(PlanetRadius) Planet Radius [m]: 6.589808e+06 
(OxygenMantleMass) Mass of Oxygen in Mantle [bars]: 0.000000 
(RadXUV) XUV Radius separating hydro. dyn. escpape and equilibrium [m]: -1.000000 
(RadSolid) Radius to the solid surface [m]: -1.000000 
(PresXUV) Pressure at base of Thermosphere []: 5.000000 
(ScaleHeight) Scaling factor in fdLehmerRadius []: -1.000000 
(ThermTemp) Isothermal Atmospheric Temperature []: 880.000000 
(AtmGasConst) Atmospheric Gas Constant []: 4124.000000 
(PresSurf) Surface Pressure due to Atmosphere []: -1.000000 
(DEnvMassDt) Envelope Mass Loss Rate []: -1.000000 
(FXUV) XUV Flux [W/m^2]: 83.261704 
(AtmXAbsEffH2O) XUV Atmospheric Escape Efficiency for H2O []: 0.150000 
(RGDuration) Runaway Greenhouse Duration [years]: 0.00000e+00
Output Order: Time[year] EnvelopeMass[Earth] SurfWaterMass[TO] OxygenMass[bars] OxygenMantleMass[bars]
Grid Output Order:



---- FINAL SYSTEM PROPERTIES ----
(Age) System Age [sec]: 6.219309e+16 
(Time) Simulation Time [sec]: 6.216153e+16 
(TotAngMom) Total Angular Momentum [kg*m^2/sec]: 4.535890e+39 
(TotEnergy) Total System Energy [kg*m^2/sec^2]: -2.560286e+40 
(PotEnergy) Body's non-orbital Potential Energy [kg*m^2/sec^2]: -2.560285e+40 
(KinEnergy) Body's non-orbital Kinetic Energy [kg*m^2/sec^2]: 2.231127e+32 
(DeltaTime) Average Timestep Over Last Output Interval [sec]: 1.417595e+13 
(Density) Average Density [kg/m^3]: 8.432973e+05 
(LongP) Body's Longitude of pericenter [rad]: 3.926991 
(LXUVTot) Total XUV Luminosity [kg*m^2/sec^2/(m^2*sec)]: 1.726199e+21 

----- BODY: star ----
Active Modules: STELLAR
Module Bit Sum: 65
Color: 000000
(Mass) Mass [kg]: 2.646435e+29 
(Radius) Radius [m]: 1.095443e+08 
(RadGyra) Radius of Gyration []: 0.500000 
(RotAngMom) Rotational Angular Momentum [kg*m^2/sec]: 5.952061e+38 
(RotVel) Rotational Velocity [m/sec]: 82.125219 
(BodyType) Type of Body (0 == planet) []: 0.000000 
(RotRate) Rotational Frequency [/sec]: 7.496989e-07 
(RotPer) Rotational Period [sec]: 8.380945e+06 
(HZLimitDryRunaway) Semi-major axis of Dry Runaway HZ Limit [m]: -1.000000 
(Instellation) Orbit-averaged INcident STELLar radiATION [rad]: -1.000000 
(LostEnergy) Body's Total Lost Energy [kg*m^2/sec^2]: 1.136090e+33 
(LostAngMom) Lost Angular Momentum due to Magnetic Braking [kg*m^2/sec]: 1.493345e+39 
----- STELLAR PARAMETERS (star)------
(Luminosity) Luminosity [LSUN]: 0.001913 
(LXUVStellar) Base X-ray/XUV Luminosity [LSUN]: 4.488296e-06 
(Temperature) Effective Temperature [K]: 3045.692785 
(LXUVFrac) X-ray/XUV Luminosity Fraction []: 0.002346 
(RossbyNumber) Rossby Number []: 1.468788 
(DRotPerDtStellar) Time Rate of Change of Rotation Period in STELLAR []: 6.871126e-12 
(HZLimRecVenus) Recent Venus Habitable Zone Limit [m]: 5.336820e+09 
(HZLimRunaway) Runaway Greenhouse Habitable Zone Limit [m]: 7.028535e+09 
(HZLimMoistGreenhouse) Moist Greenhouse Habitable Zone Limit [m]: 7.061495e+09 
(HZLimMaxGreenhouse) Maximum Greenhouse Habitable Zone Limit [m]: 1.350434e+10 
(HZLimEarlyMars) Early Mars Habitable Zone Limit [m]: 1.472786e+10 
Output Order: Time[year] Luminosity[LSUN] LXUVStellar[LSUN]
Grid Output Order:

----- BODY: proximba ----
Active Modules: ATMESC
Module Bit Sum: 9
Color: 000000
(Mass) Mass [kg]: 6.733968e+24 
(Radius) Radius [m]: 6.589808e+06 
(RadGyra) Radius of Gyration []: 0.500000 
(BodyType) Type of Body (0 == planet) []: 0.000000 
(HZLimitDryRunaway) Semi-major axis of Dry Runaway HZ Limit [m]: 5.939001e+09 
(Instellation) Orbit-averaged INcident STELLar radiATION [rad]: 5.939001e+09 
----- ATMESC PARAMETERS (proximba)------
(SurfWaterMass) Surface Water Mass [TO]: 0.000000 
(EnvelopeMass) Envelope Mass [Earth]: 0.000000 
(OxygenMass) Oxygen Mass [bars]: 60.948047 
(RGLimit) Runaway Greenhouse Semi-Major Axis [m]: 6.797610e+09 
(XO) Atomic Oxygen Mixing Ratio in Upper Atmosphere []: 1.000000 
(EtaO) Oxygen Eta Parameter (Luger and Barnes 2015) []: 0.000000 
(PlanetRadius) Planet Radius [m]: 6.589808e+06 
(OxygenMantleMass) Mass of Oxygen in Mantle [bars]: 0.000000 
(RadXUV) XUV Radius separating hydro. dyn. escpape and equilibrium [m]: -1.000000 
(RadSolid) Radius to the solid surface [m]: -1.000000 
(PresXUV) Pressure at base of Thermosphere []: 5.000000 
(ScaleHeight) Scaling factor in fdLehmerRadius []: -1.000000 
(ThermTemp) Isothermal Atmospheric Temperature []: 880.000000 
(AtmGasConst) Atmospheric Gas Constant []: 4124.000000 
(PresSurf) Surface Pressure due to Atmosphere []: -1.000000 
(DEnvMassDt) Envelope Mass Loss Rate []: -1.000000 
(FXUV) XUV Flux [W/m^2]: 2.456412 
(AtmXAbsEffH2O) XUV Atmospheric Escape Efficiency for H2O []: 0.150000 
(RGDuration) Runaway Greenhouse Duration [years]: 2.02477e+08
Output Order: Time[year] EnvelopeMass[Earth] SurfWaterMass[TO] OxygenMass[bars] OxygenMantleMass[bars]
Grid Output Order:

Runtime = 0 s
Total Number of Steps = 4385
