-------- Log file vplc82b55c48a91.log -------

Executable: vplanet
System Name: vplc82b55c48a91
Primary Input File: vplc82b55c48a91.in
Body File #1: st89bd7e6f02ac.in
Body File #2: pl3856957569d2.in
Allow files to be overwitten: Yes
Mass Units: Kilograms
Length Units: Meters
Time Units: Seconds
Angle Units: Radians

------- FORMATTING -----
Verbosity Level: 5
Crossover Decade for Scientific Notation: 4
Number of Digits After Decimal: 6
Integration Method: Runge-Kutta4
Direction: Forward
Time Step: 3.155760e+07
Stop Time: 3.901548e+16
Output Interval: 3.901548e+16
Use Variable Timestep: Yes
dEta: 0.100000
Minimum Value of ecc and obl: 1.000000e-10


---- INITIAL SYSTEM PROPERTIES ----
(Age) System Age [sec]: 3.155760e+13 
(Time) Simulation Time [sec]: 0.000000 
(TotAngMom) Total Angular Momentum [kg*m^2/sec]: 3.619301e+40 
(TotEnergy) Total System Energy [kg*m^2/sec^2]: -3.457003e+39 
(PotEnergy) Body's non-orbital Potential Energy [kg*m^2/sec^2]: -3.457004e+39 
(KinEnergy) Body's non-orbital Kinetic Energy [kg*m^2/sec^2]: 1.401643e+34 
(DeltaTime) Average Timestep Over Last Output Interval [sec]: inf 
(Density) Average Density [kg/m^3]: 2446.045534 
(LongP) Body's Longitude of pericenter [rad]: 3.926991 
(LXUVTot) Total XUV Luminosity [kg*m^2/sec^2/(m^2*sec)]: 1.791427e+22 

----- BODY: star ----
Active Modules: STELLAR
Module Bit Sum: 65
Color: 000000
(Mass) Mass [kg]: 2.561010e+29 
(Radius) Radius [m]: 7.597636e+08 
(RadGyra) Radius of Gyration []: 0.500000 
(RotAngMom) Rotational Angular Momentum [kg*m^2/sec]: 3.218755e+40 
(RotVel) Rotational Velocity [m/sec]: 661.695393 
(BodyType) Type of Body (0 == planet) []: 0.000000 
(RotRate) Rotational Frequency [/sec]: 8.709228e-07 
(RotPer) Rotational Period [sec]: 7.214400e+06 
(HZLimitDryRunaway) Semi-major axis of Dry Runaway HZ Limit [m]: -1.000000 
(Instellation) Orbit-averaged INcident STELLar radiATION [rad]: -1.000000 
(LostEnergy) Body's Total Lost Energy [kg*m^2/sec^2]: 0.000000 
(LostAngMom) Lost Angular Momentum due to Magnetic Braking [kg*m^2/sec]: 0.000000 
----- STELLAR PARAMETERS (star)------
(Luminosity) Luminosity [LSUN]: 0.061687 
(LXUVStellar) Base X-ray/XUV Luminosity [LSUN]: 4.657897e-05 
(Temperature) Effective Temperature [K]: 2755.849725 
(LXUVFrac) X-ray/XUV Luminosity Fraction []: 0.000755 
(RossbyNumber) Rossby Number []: 1.089927 
(DRotPerDtStellar) Time Rate of Change of Rotation Period in STELLAR []: 7.239112e-09 
(HZLimRecVenus) Recent Venus Habitable Zone Limit [m]: 3.045126e+10 
(HZLimRunaway) Runaway Greenhouse Habitable Zone Limit [m]: 4.002611e+10 
(HZLimMoistGreenhouse) Moist Greenhouse Habitable Zone Limit [m]: 4.029210e+10 
(HZLimMaxGreenhouse) Maximum Greenhouse Habitable Zone Limit [m]: 7.790393e+10 
(HZLimEarlyMars) Early Mars Habitable Zone Limit [m]: 8.496336e+10 
Output Order: Time[year] Luminosity[LSUN] LXUVStellar[LSUN]
Grid Output Order:

----- BODY: proximba ----
Active Modules: ATMESC
Module Bit Sum: 9
Color: 000000
(Mass) Mass [kg]: 1.126576e+25 
(Radius) Radius [m]: 7.579874e+06 
(RadGyra) Radius of Gyration []: 0.500000 
(BodyType) Type of Body (0 == planet) []: 0.000000 
(HZLimitDryRunaway) Semi-major axis of Dry Runaway HZ Limit [m]: 3.372415e+10 
(Instellation) Orbit-averaged INcident STELLar radiATION [rad]: 3.372415e+10 
----- ATMESC PARAMETERS (proximba)------
(SurfWaterMass) Surface Water Mass [TO]: 5.000000 
(EnvelopeMass) Envelope Mass [Earth]: 0.000000 
(OxygenMass) Oxygen Mass [bars]: 0.000000 
(RGLimit) Runaway Greenhouse Semi-Major Axis [m]: 3.826169e+10 
(XO) Atomic Oxygen Mixing Ratio in Upper Atmosphere []: 0.333333 
(EtaO) Oxygen Eta Parameter (Luger and Barnes 2015) []: 0.802081 
(PlanetRadius) Planet Radius [m]: 7.579874e+06 
(OxygenMantleMass) Mass of Oxygen in Mantle [bars]: 0.000000 
(RadXUV) XUV Radius separating hydro. dyn. escpape and equilibrium [m]: -1.000000 
(RadSolid) Radius to the solid surface [m]: -1.000000 
(PresXUV) Pressure at base of Thermosphere []: 5.000000 
(ScaleHeight) Scaling factor in fdLehmerRadius []: -1.000000 
(ThermTemp) Isothermal Atmospheric Temperature []: 880.000000 
(AtmGasConst) Atmospheric Gas Constant []: 4124.000000 
(PresSurf) Surface Pressure due to Atmosphere []: -1.000000 
(DEnvMassDt) Envelope Mass Loss Rate []: -1.000000 
(FXUV) XUV Flux [W/m^2]: 26.062708 
(AtmXAbsEffH2O) XUV Atmospheric Escape Efficiency for H2O []: 0.150000 
(RGDuration) Runaway Greenhouse Duration [years]: 0.00000e+00
Output Order: Time[year] EnvelopeMass[Earth] SurfWaterMass[TO] OxygenMass[bars] OxygenMantleMass[bars]
Grid Output Order:



---- FINAL SYSTEM PROPERTIES ----
(Age) System Age [sec]: 3.904704e+16 
(Time) Simulation Time [sec]: 3.901548e+16 
(TotAngMom) Total Angular Momentum [kg*m^2/sec]: 6.895629e+39 
(TotEnergy) Total System Energy [kg*m^2/sec^2]: -2.474974e+40 
(PotEnergy) Body's non-orbital Potential Energy [kg*m^2/sec^2]: -2.474973e+40 
(KinEnergy) Body's non-orbital Kinetic Energy [kg*m^2/sec^2]: 2.038406e+32 
(DeltaTime) Average Timestep Over Last Output Interval [sec]: 2.406877e+13 
(Density) Average Density [kg/m^3]: 8.975867e+05 
(LongP) Body's Longitude of pericenter [rad]: 3.926991 
(LXUVTot) Total XUV Luminosity [kg*m^2/sec^2/(m^2*sec)]: 5.209383e+20 

----- BODY: star ----
Active Modules: STELLAR
Module Bit Sum: 65
Color: 000000
(Mass) Mass [kg]: 2.561010e+29 
(Radius) Radius [m]: 1.061226e+08 
(RadGyra) Radius of Gyration []: 0.500000 
(RotAngMom) Rotational Angular Momentum [kg*m^2/sec]: 5.421804e+38 
(RotVel) Rotational Velocity [m/sec]: 79.796648 
(BodyType) Type of Body (0 == planet) []: 0.000000 
(RotRate) Rotational Frequency [/sec]: 7.519290e-07 
(RotPer) Rotational Period [sec]: 8.356089e+06 
(HZLimitDryRunaway) Semi-major axis of Dry Runaway HZ Limit [m]: -1.000000 
(Instellation) Orbit-averaged INcident STELLar radiATION [rad]: -1.000000 
(LostEnergy) Body's Total Lost Energy [kg*m^2/sec^2]: 1.613526e+33 
(LostAngMom) Lost Angular Momentum due to Magnetic Braking [kg*m^2/sec]: 2.347986e+39 
----- STELLAR PARAMETERS (star)------
(Luminosity) Luminosity [LSUN]: 0.001794 
(LXUVStellar) Base X-ray/XUV Luminosity [LSUN]: 1.354494e-06 
(Temperature) Effective Temperature [K]: 3045.002225 
(LXUVFrac) X-ray/XUV Luminosity Fraction []: 0.000755 
(RossbyNumber) Rossby Number []: 1.463914 
(DRotPerDtStellar) Time Rate of Change of Rotation Period in STELLAR []: 6.587309e-12 
(HZLimRecVenus) Recent Venus Habitable Zone Limit [m]: 5.167840e+09 
(HZLimRunaway) Runaway Greenhouse Habitable Zone Limit [m]: 6.805952e+09 
(HZLimMoistGreenhouse) Moist Greenhouse Habitable Zone Limit [m]: 6.837907e+09 
(HZLimMaxGreenhouse) Maximum Greenhouse Habitable Zone Limit [m]: 1.307709e+10 
(HZLimEarlyMars) Early Mars Habitable Zone Limit [m]: 1.426190e+10 
Output Order: Time[year] Luminosity[LSUN] LXUVStellar[LSUN]
Grid Output Order:

----- BODY: proximba ----
Active Modules: ATMESC
Module Bit Sum: 9
Color: 000000
(Mass) Mass [kg]: 1.126576e+25 
(Radius) Radius [m]: 7.579874e+06 
(RadGyra) Radius of Gyration []: 0.500000 
(BodyType) Type of Body (0 == planet) []: 0.000000 
(HZLimitDryRunaway) Semi-major axis of Dry Runaway HZ Limit [m]: 5.750884e+09 
(Instellation) Orbit-averaged INcident STELLar radiATION [rad]: 5.750884e+09 
----- ATMESC PARAMETERS (proximba)------
(SurfWaterMass) Surface Water Mass [TO]: 0.035492 
(EnvelopeMass) Envelope Mass [Earth]: 0.000000 
(OxygenMass) Oxygen Mass [bars]: 726.175217 
(RGLimit) Runaway Greenhouse Semi-Major Axis [m]: 6.504039e+09 
(XO) Atomic Oxygen Mixing Ratio in Upper Atmosphere []: 0.978804 
(EtaO) Oxygen Eta Parameter (Luger and Barnes 2015) []: 0.000000 
(PlanetRadius) Planet Radius [m]: 7.579874e+06 
(OxygenMantleMass) Mass of Oxygen in Mantle [bars]: 0.000000 
(RadXUV) XUV Radius separating hydro. dyn. escpape and equilibrium [m]: -1.000000 
(RadSolid) Radius to the solid surface [m]: -1.000000 
(PresXUV) Pressure at base of Thermosphere []: 5.000000 
(ScaleHeight) Scaling factor in fdLehmerRadius []: -1.000000 
(ThermTemp) Isothermal Atmospheric Temperature []: 880.000000 
(AtmGasConst) Atmospheric Gas Constant []: 4124.000000 
(PresSurf) Surface Pressure due to Atmosphere []: -1.000000 
(DEnvMassDt) Envelope Mass Loss Rate []: -1.000000 
(FXUV) XUV Flux [W/m^2]: 0.757891 
(AtmXAbsEffH2O) XUV Atmospheric Escape Efficiency for H2O []: 0.150000 
(RGDuration) Runaway Greenhouse Duration [years]: 1.81425e+08
Output Order: Time[year] EnvelopeMass[Earth] SurfWaterMass[TO] OxygenMass[bars] OxygenMantleMass[bars]
Grid Output Order:

Runtime = 1 s
Total Number of Steps = 1621
