-------- Log file vplcfdabbbdbce7.log -------

Executable: vplanet
System Name: vplcfdabbbdbce7
Primary Input File: vplcfdabbbdbce7.in
Body File #1: stab69955ca6fa.in
Body File #2: plf02cc7da25d9.in
Allow files to be overwitten: Yes
Mass Units: Kilograms
Length Units: Meters
Time Units: Seconds
Angle Units: Radians

------- FORMATTING -----
Verbosity Level: 5
Crossover Decade for Scientific Notation: 4
Number of Digits After Decimal: 6
Integration Method: Runge-Kutta4
Direction: Forward
Time Step: 3.155760e+07
Stop Time: 2.088979e+17
Output Interval: 2.088979e+17
Use Variable Timestep: Yes
dEta: 0.100000
Minimum Value of ecc and obl: 1.000000e-10


---- INITIAL SYSTEM PROPERTIES ----
(Age) System Age [sec]: 3.155760e+13 
(Time) Simulation Time [sec]: 0.000000 
(TotAngMom) Total Angular Momentum [kg*m^2/sec]: 2.515226e+40 
(TotEnergy) Total System Energy [kg*m^2/sec^2]: -2.698150e+39 
(PotEnergy) Body's non-orbital Potential Energy [kg*m^2/sec^2]: -2.698151e+39 
(KinEnergy) Body's non-orbital Kinetic Energy [kg*m^2/sec^2]: 9.732444e+33 
(DeltaTime) Average Timestep Over Last Output Interval [sec]: inf 
(Density) Average Density [kg/m^3]: 2749.454358 
(LongP) Body's Longitude of pericenter [rad]: 3.926991 
(LXUVTot) Total XUV Luminosity [kg*m^2/sec^2/(m^2*sec)]: 2.909335e+20 

----- BODY: star ----
Active Modules: STELLAR
Module Bit Sum: 65
Color: 000000
(Mass) Mass [kg]: 2.156129e+29 
(Radius) Radius [m]: 6.899839e+08 
(RadGyra) Radius of Gyration []: 0.500000 
(RotAngMom) Rotational Angular Momentum [kg*m^2/sec]: 2.234973e+40 
(RotVel) Rotational Velocity [m/sec]: 600.922675 
(BodyType) Type of Body (0 == planet) []: 0.000000 
(RotRate) Rotational Frequency [/sec]: 8.709228e-07 
(RotPer) Rotational Period [sec]: 7.214400e+06 
(HZLimitDryRunaway) Semi-major axis of Dry Runaway HZ Limit [m]: -1.000000 
(Instellation) Orbit-averaged INcident STELLar radiATION [rad]: -1.000000 
(LostEnergy) Body's Total Lost Energy [kg*m^2/sec^2]: 0.000000 
(LostAngMom) Lost Angular Momentum due to Magnetic Braking [kg*m^2/sec]: 0.000000 
----- STELLAR PARAMETERS (star)------
(Luminosity) Luminosity [LSUN]: 0.048685 
(LXUVStellar) Base X-ray/XUV Luminosity [LSUN]: 7.564574e-07 
(Temperature) Effective Temperature [K]: 2725.686507 
(LXUVFrac) X-ray/XUV Luminosity Fraction []: 1.553786e-05 
(RossbyNumber) Rossby Number []: 1.073219 
(DRotPerDtStellar) Time Rate of Change of Rotation Period in STELLAR []: 6.994895e-09 
(HZLimRecVenus) Recent Venus Habitable Zone Limit [m]: 2.706520e+10 
(HZLimRunaway) Runaway Greenhouse Habitable Zone Limit [m]: 3.557044e+10 
(HZLimMoistGreenhouse) Moist Greenhouse Habitable Zone Limit [m]: 3.581178e+10 
(HZLimMaxGreenhouse) Maximum Greenhouse Habitable Zone Limit [m]: 6.932161e+10 
(HZLimEarlyMars) Early Mars Habitable Zone Limit [m]: 7.560360e+10 
Output Order: Time[year] Luminosity[LSUN] LXUVStellar[LSUN]
Grid Output Order:

----- BODY: proximba ----
Active Modules: ATMESC
Module Bit Sum: 9
Color: 000000
(Mass) Mass [kg]: 8.842126e+24 
(Radius) Radius [m]: 7.096537e+06 
(RadGyra) Radius of Gyration []: 0.500000 
(BodyType) Type of Body (0 == planet) []: 0.000000 
(HZLimitDryRunaway) Semi-major axis of Dry Runaway HZ Limit [m]: 2.996003e+10 
(Instellation) Orbit-averaged INcident STELLar radiATION [rad]: 2.996003e+10 
----- ATMESC PARAMETERS (proximba)------
(SurfWaterMass) Surface Water Mass [TO]: 5.000000 
(EnvelopeMass) Envelope Mass [Earth]: 0.000000 
(OxygenMass) Oxygen Mass [bars]: 0.000000 
(RGLimit) Runaway Greenhouse Semi-Major Axis [m]: 3.419589e+10 
(XO) Atomic Oxygen Mixing Ratio in Upper Atmosphere []: 0.333333 
(EtaO) Oxygen Eta Parameter (Luger and Barnes 2015) []: 0.000000 
(PlanetRadius) Planet Radius [m]: 7.096537e+06 
(OxygenMantleMass) Mass of Oxygen in Mantle [bars]: 0.000000 
(RadXUV) XUV Radius separating hydro. dyn. escpape and equilibrium [m]: -1.000000 
(RadSolid) Radius to the solid surface [m]: -1.000000 
(PresXUV) Pressure at base of Thermosphere []: 5.000000 
(ScaleHeight) Scaling factor in fdLehmerRadius []: -1.000000 
(ThermTemp) Isothermal Atmospheric Temperature []: 880.000000 
(AtmGasConst) Atmospheric Gas Constant []: 4124.000000 
(PresSurf) Surface Pressure due to Atmosphere []: -1.000000 
(DEnvMassDt) Envelope Mass Loss Rate []: -1.000000 
(FXUV) XUV Flux [W/m^2]: 0.475046 
(AtmXAbsEffH2O) XUV Atmospheric Escape Efficiency for H2O []: 0.150000 
(RGDuration) Runaway Greenhouse Duration [years]: 0.00000e+00
Output Order: Time[year] EnvelopeMass[Earth] SurfWaterMass[TO] OxygenMass[bars] OxygenMantleMass[bars]
Grid Output Order:



---- FINAL SYSTEM PROPERTIES ----
(Age) System Age [sec]: 2.089294e+17 
(Time) Simulation Time [sec]: 2.088979e+17 
(TotAngMom) Total Angular Momentum [kg*m^2/sec]: 5.096139e+39 
(TotEnergy) Total System Energy [kg*m^2/sec^2]: -2.034394e+40 
(PotEnergy) Body's non-orbital Potential Energy [kg*m^2/sec^2]: -2.034393e+40 
(KinEnergy) Body's non-orbital Kinetic Energy [kg*m^2/sec^2]: 1.057814e+32 
(DeltaTime) Average Timestep Over Last Output Interval [sec]: 3.058534e+14 
(Density) Average Density [kg/m^3]: 1.178563e+06 
(LongP) Body's Longitude of pericenter [rad]: 3.926991 
(LXUVTot) Total XUV Luminosity [kg*m^2/sec^2/(m^2*sec)]: 1.366299e+18 

----- BODY: star ----
Active Modules: STELLAR
Module Bit Sum: 65
Color: 000000
(Mass) Mass [kg]: 2.156129e+29 
(Radius) Radius [m]: 9.151035e+07 
(RadGyra) Radius of Gyration []: 0.500000 
(RotAngMom) Rotational Angular Momentum [kg*m^2/sec]: 3.090276e+38 
(RotVel) Rotational Velocity [m/sec]: 62.648737 
(BodyType) Type of Body (0 == planet) []: 0.000000 
(RotRate) Rotational Frequency [/sec]: 6.846082e-07 
(RotPer) Rotational Period [sec]: 9.177782e+06 
(HZLimitDryRunaway) Semi-major axis of Dry Runaway HZ Limit [m]: -1.000000 
(Instellation) Orbit-averaged INcident STELLar radiATION [rad]: -1.000000 
(LostEnergy) Body's Total Lost Energy [kg*m^2/sec^2]: 1.323844e+33 
(LostAngMom) Lost Angular Momentum due to Magnetic Braking [kg*m^2/sec]: 1.984579e+39 
----- STELLAR PARAMETERS (star)------
(Luminosity) Luminosity [LSUN]: 0.001329 
(LXUVStellar) Base X-ray/XUV Luminosity [LSUN]: 3.552521e-09 
(Temperature) Effective Temperature [K]: 3042.492441 
(LXUVFrac) X-ray/XUV Luminosity Fraction []: 2.672184e-06 
(RossbyNumber) Rossby Number []: 1.605802 
(DRotPerDtStellar) Time Rate of Change of Rotation Period in STELLAR []: 4.042092e-12 
(HZLimRecVenus) Recent Venus Habitable Zone Limit [m]: 4.449124e+09 
(HZLimRunaway) Runaway Greenhouse Habitable Zone Limit [m]: 5.859296e+09 
(HZLimMoistGreenhouse) Moist Greenhouse Habitable Zone Limit [m]: 5.886927e+09 
(HZLimMaxGreenhouse) Maximum Greenhouse Habitable Zone Limit [m]: 1.125946e+10 
(HZLimEarlyMars) Early Mars Habitable Zone Limit [m]: 1.227959e+10 
Output Order: Time[year] Luminosity[LSUN] LXUVStellar[LSUN]
Grid Output Order:

----- BODY: proximba ----
Active Modules: ATMESC
Module Bit Sum: 9
Color: 000000
(Mass) Mass [kg]: 8.842126e+24 
(Radius) Radius [m]: 7.096537e+06 
(RadGyra) Radius of Gyration []: 0.500000 
(BodyType) Type of Body (0 == planet) []: 0.000000 
(HZLimitDryRunaway) Semi-major axis of Dry Runaway HZ Limit [m]: 4.950861e+09 
(Instellation) Orbit-averaged INcident STELLar radiATION [rad]: 4.950861e+09 
----- ATMESC PARAMETERS (proximba)------
(SurfWaterMass) Surface Water Mass [TO]: 4.536790 
(EnvelopeMass) Envelope Mass [Earth]: 0.000000 
(OxygenMass) Oxygen Mass [bars]: 105.975518 
(RGLimit) Runaway Greenhouse Semi-Major Axis [m]: 5.630814e+09 
(XO) Atomic Oxygen Mixing Ratio in Upper Atmosphere []: 0.355276 
(EtaO) Oxygen Eta Parameter (Luger and Barnes 2015) []: 0.000000 
(PlanetRadius) Planet Radius [m]: 7.096537e+06 
(OxygenMantleMass) Mass of Oxygen in Mantle [bars]: 0.000000 
(RadXUV) XUV Radius separating hydro. dyn. escpape and equilibrium [m]: -1.000000 
(RadSolid) Radius to the solid surface [m]: -1.000000 
(PresXUV) Pressure at base of Thermosphere []: 5.000000 
(ScaleHeight) Scaling factor in fdLehmerRadius []: -1.000000 
(ThermTemp) Isothermal Atmospheric Temperature []: 880.000000 
(AtmGasConst) Atmospheric Gas Constant []: 4124.000000 
(PresSurf) Surface Pressure due to Atmosphere []: -1.000000 
(DEnvMassDt) Envelope Mass Loss Rate []: -1.000000 
(FXUV) XUV Flux [W/m^2]: 0.002231 
(AtmXAbsEffH2O) XUV Atmospheric Escape Efficiency for H2O []: 0.150000 
(RGDuration) Runaway Greenhouse Duration [years]: 1.47147e+08
Output Order: Time[year] EnvelopeMass[Earth] SurfWaterMass[TO] OxygenMass[bars] OxygenMantleMass[bars]
Grid Output Order:

Runtime = 0 s
Total Number of Steps = 683
