-------- Log file vpldaf7cfcddfbc.log -------

Executable: vplanet
System Name: vpldaf7cfcddfbc
Primary Input File: vpldaf7cfcddfbc.in
Body File #1: st48686673eabf.in
Body File #2: pl8d27fc3c06c1.in
Allow files to be overwitten: Yes
Mass Units: Kilograms
Length Units: Meters
Time Units: Seconds
Angle Units: Radians

------- FORMATTING -----
Verbosity Level: 5
Crossover Decade for Scientific Notation: 4
Number of Digits After Decimal: 6
Integration Method: Runge-Kutta4
Direction: Forward
Time Step: 3.155760e+07
Stop Time: 1.284554e+17
Output Interval: 1.284554e+17
Use Variable Timestep: Yes
dEta: 0.100000
Minimum Value of ecc and obl: 1.000000e-10


---- INITIAL SYSTEM PROPERTIES ----
(Age) System Age [sec]: 3.155760e+13 
(Time) Simulation Time [sec]: 0.000000 
(TotAngMom) Total Angular Momentum [kg*m^2/sec]: 4.280155e+40 
(TotEnergy) Total System Energy [kg*m^2/sec^2]: -3.959212e+39 
(PotEnergy) Body's non-orbital Potential Energy [kg*m^2/sec^2]: -3.959221e+39 
(KinEnergy) Body's non-orbital Kinetic Energy [kg*m^2/sec^2]: 1.760068e+34 
(DeltaTime) Average Timestep Over Last Output Interval [sec]: inf 
(Density) Average Density [kg/m^3]: 2230.913357 
(LongP) Body's Longitude of pericenter [rad]: 3.926991 
(LXUVTot) Total XUV Luminosity [kg*m^2/sec^2/(m^2*sec)]: 3.188057e+21 

----- BODY: star ----
Active Modules: STELLAR
Module Bit Sum: 65
Color: 000000
(Mass) Mass [kg]: 2.829786e+29 
(Radius) Radius [m]: 8.099406e+08 
(RadGyra) Radius of Gyration []: 0.500000 
(RotAngMom) Rotational Angular Momentum [kg*m^2/sec]: 4.041845e+40 
(RotVel) Rotational Velocity [m/sec]: 705.395747 
(BodyType) Type of Body (0 == planet) []: 0.000000 
(RotRate) Rotational Frequency [/sec]: 8.709228e-07 
(RotPer) Rotational Period [sec]: 7.214400e+06 
(HZLimitDryRunaway) Semi-major axis of Dry Runaway HZ Limit [m]: -1.000000 
(Instellation) Orbit-averaged INcident STELLar radiATION [rad]: -1.000000 
(LostEnergy) Body's Total Lost Energy [kg*m^2/sec^2]: 0.000000 
(LostAngMom) Lost Angular Momentum due to Magnetic Braking [kg*m^2/sec]: 0.000000 
----- STELLAR PARAMETERS (star)------
(Luminosity) Luminosity [LSUN]: 0.072182 
(LXUVStellar) Base X-ray/XUV Luminosity [LSUN]: 8.289279e-06 
(Temperature) Effective Temperature [K]: 2776.057375 
(LXUVFrac) X-ray/XUV Luminosity Fraction []: 0.000115 
(RossbyNumber) Rossby Number []: 1.101266 
(DRotPerDtStellar) Time Rate of Change of Rotation Period in STELLAR []: 7.586308e-09 
(HZLimRecVenus) Recent Venus Habitable Zone Limit [m]: 3.292968e+10 
(HZLimRunaway) Runaway Greenhouse Habitable Zone Limit [m]: 4.328818e+10 
(HZLimMoistGreenhouse) Moist Greenhouse Habitable Zone Limit [m]: 4.357146e+10 
(HZLimMaxGreenhouse) Maximum Greenhouse Habitable Zone Limit [m]: 8.417938e+10 
(HZLimEarlyMars) Early Mars Habitable Zone Limit [m]: 9.180727e+10 
Output Order: Time[year] Luminosity[LSUN] LXUVStellar[LSUN]
Grid Output Order:

----- BODY: proximba ----
Active Modules: ATMESC
Module Bit Sum: 9
Color: 000000
(Mass) Mass [kg]: 6.271112e+24 
(Radius) Radius [m]: 6.463396e+06 
(RadGyra) Radius of Gyration []: 0.500000 
(BodyType) Type of Body (0 == planet) []: 0.000000 
(HZLimitDryRunaway) Semi-major axis of Dry Runaway HZ Limit [m]: 3.648057e+10 
(Instellation) Orbit-averaged INcident STELLar radiATION [rad]: 3.648057e+10 
----- ATMESC PARAMETERS (proximba)------
(SurfWaterMass) Surface Water Mass [TO]: 5.000000 
(EnvelopeMass) Envelope Mass [Earth]: 0.000000 
(OxygenMass) Oxygen Mass [bars]: 0.000000 
(RGLimit) Runaway Greenhouse Semi-Major Axis [m]: 4.194878e+10 
(XO) Atomic Oxygen Mixing Ratio in Upper Atmosphere []: 0.333333 
(EtaO) Oxygen Eta Parameter (Luger and Barnes 2015) []: 0.561290 
(PlanetRadius) Planet Radius [m]: 6.463396e+06 
(OxygenMantleMass) Mass of Oxygen in Mantle [bars]: 0.000000 
(RadXUV) XUV Radius separating hydro. dyn. escpape and equilibrium [m]: -1.000000 
(RadSolid) Radius to the solid surface [m]: -1.000000 
(PresXUV) Pressure at base of Thermosphere []: 5.000000 
(ScaleHeight) Scaling factor in fdLehmerRadius []: -1.000000 
(ThermTemp) Isothermal Atmospheric Temperature []: 880.000000 
(AtmGasConst) Atmospheric Gas Constant []: 4124.000000 
(PresSurf) Surface Pressure due to Atmosphere []: -1.000000 
(DEnvMassDt) Envelope Mass Loss Rate []: -1.000000 
(FXUV) XUV Flux [W/m^2]: 4.339381 
(AtmXAbsEffH2O) XUV Atmospheric Escape Efficiency for H2O []: 0.150000 
(RGDuration) Runaway Greenhouse Duration [years]: 0.00000e+00
Output Order: Time[year] EnvelopeMass[Earth] SurfWaterMass[TO] OxygenMass[bars] OxygenMantleMass[bars]
Grid Output Order:



---- FINAL SYSTEM PROPERTIES ----
(Age) System Age [sec]: 1.284869e+17 
(Time) Simulation Time [sec]: 1.284554e+17 
(TotAngMom) Total Angular Momentum [kg*m^2/sec]: 6.667237e+39 
(TotEnergy) Total System Energy [kg*m^2/sec^2]: -2.733362e+40 
(PotEnergy) Body's non-orbital Potential Energy [kg*m^2/sec^2]: -2.733361e+40 
(KinEnergy) Body's non-orbital Kinetic Energy [kg*m^2/sec^2]: 2.324749e+32 
(DeltaTime) Average Timestep Over Last Output Interval [sec]: 1.043504e+14 
(Density) Average Density [kg/m^3]: 7.340815e+05 
(LongP) Body's Longitude of pericenter [rad]: 3.926991 
(LXUVTot) Total XUV Luminosity [kg*m^2/sec^2/(m^2*sec)]: 1.773516e+19 

----- BODY: star ----
Active Modules: STELLAR
Module Bit Sum: 65
Color: 000000
(Mass) Mass [kg]: 2.829786e+29 
(Radius) Radius [m]: 1.173184e+08 
(RadGyra) Radius of Gyration []: 0.500000 
(RotAngMom) Rotational Angular Momentum [kg*m^2/sec]: 6.728463e+38 
(RotVel) Rotational Velocity [m/sec]: 81.069263 
(BodyType) Type of Body (0 == planet) []: 0.000000 
(RotRate) Rotational Frequency [/sec]: 6.910194e-07 
(RotPer) Rotational Period [sec]: 9.092632e+06 
(HZLimitDryRunaway) Semi-major axis of Dry Runaway HZ Limit [m]: -1.000000 
(Instellation) Orbit-averaged INcident STELLar radiATION [rad]: -1.000000 
(LostEnergy) Body's Total Lost Energy [kg*m^2/sec^2]: 2.411380e+33 
(LostAngMom) Lost Angular Momentum due to Magnetic Braking [kg*m^2/sec]: 3.611294e+39 
----- STELLAR PARAMETERS (star)------
(Luminosity) Luminosity [LSUN]: 0.002199 
(LXUVStellar) Base X-ray/XUV Luminosity [LSUN]: 4.611325e-08 
(Temperature) Effective Temperature [K]: 3047.247104 
(LXUVFrac) X-ray/XUV Luminosity Fraction []: 2.097255e-05 
(RossbyNumber) Rossby Number []: 1.594782 
(DRotPerDtStellar) Time Rate of Change of Rotation Period in STELLAR []: 6.047904e-12 
(HZLimRecVenus) Recent Venus Habitable Zone Limit [m]: 5.721238e+09 
(HZLimRunaway) Runaway Greenhouse Habitable Zone Limit [m]: 7.534905e+09 
(HZLimMoistGreenhouse) Moist Greenhouse Habitable Zone Limit [m]: 7.570144e+09 
(HZLimMaxGreenhouse) Maximum Greenhouse Habitable Zone Limit [m]: 1.447623e+10 
(HZLimEarlyMars) Early Mars Habitable Zone Limit [m]: 1.578780e+10 
Output Order: Time[year] Luminosity[LSUN] LXUVStellar[LSUN]
Grid Output Order:

----- BODY: proximba ----
Active Modules: ATMESC
Module Bit Sum: 9
Color: 000000
(Mass) Mass [kg]: 6.271112e+24 
(Radius) Radius [m]: 6.463396e+06 
(RadGyra) Radius of Gyration []: 0.500000 
(BodyType) Type of Body (0 == planet) []: 0.000000 
(HZLimitDryRunaway) Semi-major axis of Dry Runaway HZ Limit [m]: 6.366971e+09 
(Instellation) Orbit-averaged INcident STELLar radiATION [rad]: 6.366971e+09 
----- ATMESC PARAMETERS (proximba)------
(SurfWaterMass) Surface Water Mass [TO]: 1.020282 
(EnvelopeMass) Envelope Mass [Earth]: 0.000000 
(OxygenMass) Oxygen Mass [bars]: 890.145517 
(RGLimit) Runaway Greenhouse Semi-Major Axis [m]: 7.299582e+09 
(XO) Atomic Oxygen Mixing Ratio in Upper Atmosphere []: 0.701485 
(EtaO) Oxygen Eta Parameter (Luger and Barnes 2015) []: 0.000000 
(PlanetRadius) Planet Radius [m]: 6.463396e+06 
(OxygenMantleMass) Mass of Oxygen in Mantle [bars]: 0.000000 
(RadXUV) XUV Radius separating hydro. dyn. escpape and equilibrium [m]: -1.000000 
(RadSolid) Radius to the solid surface [m]: -1.000000 
(PresXUV) Pressure at base of Thermosphere []: 5.000000 
(ScaleHeight) Scaling factor in fdLehmerRadius []: -1.000000 
(ThermTemp) Isothermal Atmospheric Temperature []: 880.000000 
(AtmGasConst) Atmospheric Gas Constant []: 4124.000000 
(PresSurf) Surface Pressure due to Atmosphere []: -1.000000 
(DEnvMassDt) Envelope Mass Loss Rate []: -1.000000 
(FXUV) XUV Flux [W/m^2]: 0.024140 
(AtmXAbsEffH2O) XUV Atmospheric Escape Efficiency for H2O []: 0.150000 
(RGDuration) Runaway Greenhouse Duration [years]: 2.47262e+08
Output Order: Time[year] EnvelopeMass[Earth] SurfWaterMass[TO] OxygenMass[bars] OxygenMantleMass[bars]
Grid Output Order:

Runtime = 0 s
Total Number of Steps = 1231
