-------- Log file vplddf2ec13fc7d.log -------

Executable: vplanet
System Name: vplddf2ec13fc7d
Primary Input File: vplddf2ec13fc7d.in
Body File #1: stc65cc451e337.in
Body File #2: pl8e000a2ca1e4.in
Allow files to be overwitten: Yes
Mass Units: Kilograms
Length Units: Meters
Time Units: Seconds
Angle Units: Radians

------- FORMATTING -----
Verbosity Level: 5
Crossover Decade for Scientific Notation: 4
Number of Digits After Decimal: 6
Integration Method: Runge-Kutta4
Direction: Forward
Time Step: 3.155760e+07
Stop Time: 2.018315e+17
Output Interval: 2.018315e+17
Use Variable Timestep: Yes
dEta: 0.100000
Minimum Value of ecc and obl: 1.000000e-10


---- INITIAL SYSTEM PROPERTIES ----
(Age) System Age [sec]: 3.155760e+13 
(Time) Simulation Time [sec]: 0.000000 
(TotAngMom) Total Angular Momentum [kg*m^2/sec]: 6.278919e+40 
(TotEnergy) Total System Energy [kg*m^2/sec^2]: -4.073139e+39 
(PotEnergy) Body's non-orbital Potential Energy [kg*m^2/sec^2]: -4.073082e+39 
(KinEnergy) Body's non-orbital Kinetic Energy [kg*m^2/sec^2]: 1.851680e+34 
(DeltaTime) Average Timestep Over Last Output Interval [sec]: inf 
(Density) Average Density [kg/m^3]: 2181.521393 
(LongP) Body's Longitude of pericenter [rad]: 3.926991 
(LXUVTot) Total XUV Luminosity [kg*m^2/sec^2/(m^2*sec)]: 3.888154e+20 

----- BODY: star ----
Active Modules: STELLAR
Module Bit Sum: 65
Color: 000000
(Mass) Mass [kg]: 2.891254e+29 
(Radius) Radius [m]: 8.218738e+08 
(RadGyra) Radius of Gyration []: 0.500000 
(RotAngMom) Rotational Angular Momentum [kg*m^2/sec]: 4.252225e+40 
(RotVel) Rotational Velocity [m/sec]: 715.788624 
(BodyType) Type of Body (0 == planet) []: 0.000000 
(RotRate) Rotational Frequency [/sec]: 8.709228e-07 
(RotPer) Rotational Period [sec]: 7.214400e+06 
(HZLimitDryRunaway) Semi-major axis of Dry Runaway HZ Limit [m]: -1.000000 
(Instellation) Orbit-averaged INcident STELLar radiATION [rad]: -1.000000 
(LostEnergy) Body's Total Lost Energy [kg*m^2/sec^2]: 0.000000 
(LostAngMom) Lost Angular Momentum due to Magnetic Braking [kg*m^2/sec]: 0.000000 
----- STELLAR PARAMETERS (star)------
(Luminosity) Luminosity [LSUN]: 0.074824 
(LXUVStellar) Base X-ray/XUV Luminosity [LSUN]: 1.010960e-06 
(Temperature) Effective Temperature [K]: 2780.699553 
(LXUVFrac) X-ray/XUV Luminosity Fraction []: 1.351126e-05 
(RossbyNumber) Rossby Number []: 1.103887 
(DRotPerDtStellar) Time Rate of Change of Rotation Period in STELLAR []: 7.685095e-09 
(HZLimRecVenus) Recent Venus Habitable Zone Limit [m]: 3.352423e+10 
(HZLimRunaway) Runaway Greenhouse Habitable Zone Limit [m]: 4.407082e+10 
(HZLimMoistGreenhouse) Moist Greenhouse Habitable Zone Limit [m]: 4.435814e+10 
(HZLimMaxGreenhouse) Maximum Greenhouse Habitable Zone Limit [m]: 8.568406e+10 
(HZLimEarlyMars) Early Mars Habitable Zone Limit [m]: 9.344825e+10 
Output Order: Time[year] Luminosity[LSUN] LXUVStellar[LSUN]
Grid Output Order:

----- BODY: proximba ----
Active Modules: ATMESC
Module Bit Sum: 9
Color: 000000
(Mass) Mass [kg]: 5.257487e+25 
(Radius) Radius [m]: 1.152484e+07 
(RadGyra) Radius of Gyration []: 0.500000 
(BodyType) Type of Body (0 == planet) []: 0.000000 
(HZLimitDryRunaway) Semi-major axis of Dry Runaway HZ Limit [m]: 3.714196e+10 
(Instellation) Orbit-averaged INcident STELLar radiATION [rad]: 2.026681e+40 
----- ATMESC PARAMETERS (proximba)------
(SurfWaterMass) Surface Water Mass [TO]: 5.000000 
(EnvelopeMass) Envelope Mass [Earth]: 0.000000 
(OxygenMass) Oxygen Mass [bars]: 0.000000 
(RGLimit) Runaway Greenhouse Semi-Major Axis [m]: 4.070596e+10 
(XO) Atomic Oxygen Mixing Ratio in Upper Atmosphere []: 0.333333 
(EtaO) Oxygen Eta Parameter (Luger and Barnes 2015) []: 0.000000 
(PlanetRadius) Planet Radius [m]: 1.152484e+07 
(OxygenMantleMass) Mass of Oxygen in Mantle [bars]: 0.000000 
(RadXUV) XUV Radius separating hydro. dyn. escpape and equilibrium [m]: -1.000000 
(RadSolid) Radius to the solid surface [m]: -1.000000 
(PresXUV) Pressure at base of Thermosphere []: 5.000000 
(ScaleHeight) Scaling factor in fdLehmerRadius []: -1.000000 
(ThermTemp) Isothermal Atmospheric Temperature []: 880.000000 
(AtmGasConst) Atmospheric Gas Constant []: 4124.000000 
(PresSurf) Surface Pressure due to Atmosphere []: -1.000000 
(DEnvMassDt) Envelope Mass Loss Rate []: -1.000000 
(FXUV) XUV Flux [W/m^2]: 0.521589 
(AtmXAbsEffH2O) XUV Atmospheric Escape Efficiency for H2O []: 0.150000 
(RGDuration) Runaway Greenhouse Duration [years]: 0.00000e+00
Output Order: Time[year] EnvelopeMass[Earth] SurfWaterMass[TO] OxygenMass[bars] OxygenMantleMass[bars]
Grid Output Order:



---- FINAL SYSTEM PROPERTIES ----
(Age) System Age [sec]: 2.018630e+17 
(Time) Simulation Time [sec]: 2.018315e+17 
(TotAngMom) Total Angular Momentum [kg*m^2/sec]: 2.480851e+40 
(TotEnergy) Total System Energy [kg*m^2/sec^2]: -2.785351e+40 
(PotEnergy) Body's non-orbital Potential Energy [kg*m^2/sec^2]: -2.785344e+40 
(KinEnergy) Body's non-orbital Kinetic Energy [kg*m^2/sec^2]: 2.255777e+32 
(DeltaTime) Average Timestep Over Last Output Interval [sec]: 1.902276e+14 
(Density) Average Density [kg/m^3]: 6.976325e+05 
(LongP) Body's Longitude of pericenter [rad]: 3.926991 
(LXUVTot) Total XUV Luminosity [kg*m^2/sec^2/(m^2*sec)]: 6.418811e+18 

----- BODY: star ----
Active Modules: STELLAR
Module Bit Sum: 65
Color: 000000
(Mass) Mass [kg]: 2.891254e+29 
(Radius) Radius [m]: 1.201848e+08 
(RadGyra) Radius of Gyration []: 0.500000 
(RotAngMom) Rotational Angular Momentum [kg*m^2/sec]: 6.863184e+38 
(RotVel) Rotational Velocity [m/sec]: 79.004160 
(BodyType) Type of Body (0 == planet) []: 0.000000 
(RotRate) Rotational Frequency [/sec]: 6.573559e-07 
(RotPer) Rotational Period [sec]: 9.558270e+06 
(HZLimitDryRunaway) Semi-major axis of Dry Runaway HZ Limit [m]: -1.000000 
(Instellation) Orbit-averaged INcident STELLar radiATION [rad]: -1.000000 
(LostEnergy) Body's Total Lost Energy [kg*m^2/sec^2]: 2.576894e+33 
(LostAngMom) Lost Angular Momentum due to Magnetic Braking [kg*m^2/sec]: 3.855253e+39 
----- STELLAR PARAMETERS (star)------
(Luminosity) Luminosity [LSUN]: 0.002310 
(LXUVStellar) Base X-ray/XUV Luminosity [LSUN]: 1.668958e-08 
(Temperature) Effective Temperature [K]: 3047.972190 
(LXUVFrac) X-ray/XUV Luminosity Fraction []: 7.225880e-06 
(RossbyNumber) Rossby Number []: 1.677074 
(DRotPerDtStellar) Time Rate of Change of Rotation Period in STELLAR []: 5.444101e-12 
(HZLimRecVenus) Recent Venus Habitable Zone Limit [m]: 5.863738e+09 
(HZLimRunaway) Runaway Greenhouse Habitable Zone Limit [m]: 7.722623e+09 
(HZLimMoistGreenhouse) Moist Greenhouse Habitable Zone Limit [m]: 7.758694e+09 
(HZLimMaxGreenhouse) Maximum Greenhouse Habitable Zone Limit [m]: 1.483638e+10 
(HZLimEarlyMars) Early Mars Habitable Zone Limit [m]: 1.618059e+10 
Output Order: Time[year] Luminosity[LSUN] LXUVStellar[LSUN]
Grid Output Order:

----- BODY: proximba ----
Active Modules: ATMESC
Module Bit Sum: 9
Color: 000000
(Mass) Mass [kg]: 5.257487e+25 
(Radius) Radius [m]: 1.152484e+07 
(RadGyra) Radius of Gyration []: 0.500000 
(BodyType) Type of Body (0 == planet) []: 0.000000 
(HZLimitDryRunaway) Semi-major axis of Dry Runaway HZ Limit [m]: 6.525637e+09 
(Instellation) Orbit-averaged INcident STELLar radiATION [rad]: 6.525637e+09 
----- ATMESC PARAMETERS (proximba)------
(SurfWaterMass) Surface Water Mass [TO]: 4.591133 
(EnvelopeMass) Envelope Mass [Earth]: 0.000000 
(OxygenMass) Oxygen Mass [bars]: 79.960998 
(RGLimit) Runaway Greenhouse Semi-Major Axis [m]: 7.131908e+09 
(XO) Atomic Oxygen Mixing Ratio in Upper Atmosphere []: 0.352553 
(EtaO) Oxygen Eta Parameter (Luger and Barnes 2015) []: 0.000000 
(PlanetRadius) Planet Radius [m]: 1.152484e+07 
(OxygenMantleMass) Mass of Oxygen in Mantle [bars]: 0.000000 
(RadXUV) XUV Radius separating hydro. dyn. escpape and equilibrium [m]: -1.000000 
(RadSolid) Radius to the solid surface [m]: -1.000000 
(PresXUV) Pressure at base of Thermosphere []: 5.000000 
(ScaleHeight) Scaling factor in fdLehmerRadius []: -1.000000 
(ThermTemp) Isothermal Atmospheric Temperature []: 880.000000 
(AtmGasConst) Atmospheric Gas Constant []: 4124.000000 
(PresSurf) Surface Pressure due to Atmosphere []: -1.000000 
(DEnvMassDt) Envelope Mass Loss Rate []: -1.000000 
(FXUV) XUV Flux [W/m^2]: 0.008611 
(AtmXAbsEffH2O) XUV Atmospheric Escape Efficiency for H2O []: 0.150000 
(RGDuration) Runaway Greenhouse Duration [years]: 2.00332e+08
Output Order: Time[year] EnvelopeMass[Earth] SurfWaterMass[TO] OxygenMass[bars] OxygenMantleMass[bars]
Grid Output Order:

Runtime = 0 s
Total Number of Steps = 1061
