-------- Log file vple332d2046068.log -------

Executable: vplanet
System Name: vple332d2046068
Primary Input File: vple332d2046068.in
Body File #1: ste3eac4742d31.in
Body File #2: pld9ae3e4bd00d.in
Allow files to be overwitten: Yes
Mass Units: Kilograms
Length Units: Meters
Time Units: Seconds
Angle Units: Radians

------- FORMATTING -----
Verbosity Level: 5
Crossover Decade for Scientific Notation: 4
Number of Digits After Decimal: 6
Integration Method: Runge-Kutta4
Direction: Forward
Time Step: 3.155760e+07
Stop Time: 1.711934e+17
Output Interval: 1.711934e+17
Use Variable Timestep: Yes
dEta: 0.100000
Minimum Value of ecc and obl: 1.000000e-10


---- INITIAL SYSTEM PROPERTIES ----
(Age) System Age [sec]: 3.155760e+13 
(Time) Simulation Time [sec]: 0.000000 
(TotAngMom) Total Angular Momentum [kg*m^2/sec]: 2.316689e+40 
(TotEnergy) Total System Energy [kg*m^2/sec^2]: -2.558639e+39 
(PotEnergy) Body's non-orbital Potential Energy [kg*m^2/sec^2]: -2.558640e+39 
(KinEnergy) Body's non-orbital Kinetic Energy [kg*m^2/sec^2]: 9.062992e+33 
(DeltaTime) Average Timestep Over Last Output Interval [sec]: inf 
(Density) Average Density [kg/m^3]: 2799.882504 
(LongP) Body's Longitude of pericenter [rad]: 3.926991 
(LXUVTot) Total XUV Luminosity [kg*m^2/sec^2/(m^2*sec)]: 9.925461e+22 

----- BODY: star ----
Active Modules: STELLAR
Module Bit Sum: 65
Color: 000000
(Mass) Mass [kg]: 2.080951e+29 
(Radius) Radius [m]: 6.777511e+08 
(RadGyra) Radius of Gyration []: 0.500000 
(RotAngMom) Rotational Angular Momentum [kg*m^2/sec]: 2.081239e+40 
(RotVel) Rotational Velocity [m/sec]: 590.268848 
(BodyType) Type of Body (0 == planet) []: 0.000000 
(RotRate) Rotational Frequency [/sec]: 8.709228e-07 
(RotPer) Rotational Period [sec]: 7.214400e+06 
(HZLimitDryRunaway) Semi-major axis of Dry Runaway HZ Limit [m]: -1.000000 
(Instellation) Orbit-averaged INcident STELLar radiATION [rad]: -1.000000 
(LostEnergy) Body's Total Lost Energy [kg*m^2/sec^2]: 0.000000 
(LostAngMom) Lost Angular Momentum due to Magnetic Braking [kg*m^2/sec]: 0.000000 
----- STELLAR PARAMETERS (star)------
(Luminosity) Luminosity [LSUN]: 0.046591 
(LXUVStellar) Base X-ray/XUV Luminosity [LSUN]: 0.000258 
(Temperature) Effective Temperature [K]: 2720.122274 
(LXUVFrac) X-ray/XUV Luminosity Fraction []: 0.005539 
(RossbyNumber) Rossby Number []: 1.070165 
(DRotPerDtStellar) Time Rate of Change of Rotation Period in STELLAR []: 6.991552e-09 
(HZLimRecVenus) Recent Venus Habitable Zone Limit [m]: 2.647921e+10 
(HZLimRunaway) Runaway Greenhouse Habitable Zone Limit [m]: 3.479948e+10 
(HZLimMoistGreenhouse) Moist Greenhouse Habitable Zone Limit [m]: 3.503642e+10 
(HZLimMaxGreenhouse) Maximum Greenhouse Habitable Zone Limit [m]: 6.783528e+10 
(HZLimEarlyMars) Early Mars Habitable Zone Limit [m]: 7.398263e+10 
Output Order: Time[year] Luminosity[LSUN] LXUVStellar[LSUN]
Grid Output Order:

----- BODY: proximba ----
Active Modules: ATMESC
Module Bit Sum: 9
Color: 000000
(Mass) Mass [kg]: 7.604378e+24 
(Radius) Radius [m]: 6.811337e+06 
(RadGyra) Radius of Gyration []: 0.500000 
(BodyType) Type of Body (0 == planet) []: 0.000000 
(HZLimitDryRunaway) Semi-major axis of Dry Runaway HZ Limit [m]: 2.930884e+10 
(Instellation) Orbit-averaged INcident STELLar radiATION [rad]: 2.930884e+10 
----- ATMESC PARAMETERS (proximba)------
(SurfWaterMass) Surface Water Mass [TO]: 5.000000 
(EnvelopeMass) Envelope Mass [Earth]: 0.000000 
(OxygenMass) Oxygen Mass [bars]: 0.000000 
(RGLimit) Runaway Greenhouse Semi-Major Axis [m]: 3.357338e+10 
(XO) Atomic Oxygen Mixing Ratio in Upper Atmosphere []: 0.333333 
(EtaO) Oxygen Eta Parameter (Luger and Barnes 2015) []: 0.976816 
(PlanetRadius) Planet Radius [m]: 6.811337e+06 
(OxygenMantleMass) Mass of Oxygen in Mantle [bars]: 0.000000 
(RadXUV) XUV Radius separating hydro. dyn. escpape and equilibrium [m]: -1.000000 
(RadSolid) Radius to the solid surface [m]: -1.000000 
(PresXUV) Pressure at base of Thermosphere []: 5.000000 
(ScaleHeight) Scaling factor in fdLehmerRadius []: -1.000000 
(ThermTemp) Isothermal Atmospheric Temperature []: 880.000000 
(AtmGasConst) Atmospheric Gas Constant []: 4124.000000 
(PresSurf) Surface Pressure due to Atmosphere []: -1.000000 
(DEnvMassDt) Envelope Mass Loss Rate []: -1.000000 
(FXUV) XUV Flux [W/m^2]: 165.768512 
(AtmXAbsEffH2O) XUV Atmospheric Escape Efficiency for H2O []: 0.150000 
(RGDuration) Runaway Greenhouse Duration [years]: 0.00000e+00
Output Order: Time[year] EnvelopeMass[Earth] SurfWaterMass[TO] OxygenMass[bars] OxygenMantleMass[bars]
Grid Output Order:



---- FINAL SYSTEM PROPERTIES ----
(Age) System Age [sec]: 1.712249e+17 
(Time) Simulation Time [sec]: 1.711934e+17 
(TotAngMom) Total Angular Momentum [kg*m^2/sec]: 3.407516e+39 
(TotEnergy) Total System Energy [kg*m^2/sec^2]: -1.949245e+40 
(PotEnergy) Body's non-orbital Potential Energy [kg*m^2/sec^2]: -1.949245e+40 
(KinEnergy) Body's non-orbital Kinetic Energy [kg*m^2/sec^2]: 1.057018e+32 
(DeltaTime) Average Timestep Over Last Output Interval [sec]: 1.731990e+12 
(Density) Average Density [kg/m^3]: 1.237974e+06 
(LongP) Body's Longitude of pericenter [rad]: 3.926991 
(LXUVTot) Total XUV Luminosity [kg*m^2/sec^2/(m^2*sec)]: 3.286364e+20 

----- BODY: star ----
Active Modules: STELLAR
Module Bit Sum: 65
Color: 000000
(Mass) Mass [kg]: 2.080951e+29 
(Radius) Radius [m]: 8.896374e+07 
(RadGyra) Radius of Gyration []: 0.500000 
(RotAngMom) Rotational Angular Momentum [kg*m^2/sec]: 2.950326e+38 
(RotVel) Rotational Velocity [m/sec]: 63.746331 
(BodyType) Type of Body (0 == planet) []: 0.000000 
(RotRate) Rotational Frequency [/sec]: 7.165429e-07 
(RotPer) Rotational Period [sec]: 8.768750e+06 
(HZLimitDryRunaway) Semi-major axis of Dry Runaway HZ Limit [m]: -1.000000 
(Instellation) Orbit-averaged INcident STELLar radiATION [rad]: -1.000000 
(LostEnergy) Body's Total Lost Energy [kg*m^2/sec^2]: 6.029163e+32 
(LostAngMom) Lost Angular Momentum due to Magnetic Braking [kg*m^2/sec]: 7.579774e+38 
----- STELLAR PARAMETERS (star)------
(Luminosity) Luminosity [LSUN]: 0.001255 
(LXUVStellar) Base X-ray/XUV Luminosity [LSUN]: 8.544887e-07 
(Temperature) Effective Temperature [K]: 3041.882230 
(LXUVFrac) X-ray/XUV Luminosity Fraction []: 0.000681 
(RossbyNumber) Rossby Number []: 1.533755 
(DRotPerDtStellar) Time Rate of Change of Rotation Period in STELLAR []: 4.475455e-12 
(HZLimRecVenus) Recent Venus Habitable Zone Limit [m]: 4.323623e+09 
(HZLimRunaway) Runaway Greenhouse Habitable Zone Limit [m]: 5.693988e+09 
(HZLimMoistGreenhouse) Moist Greenhouse Habitable Zone Limit [m]: 5.720868e+09 
(HZLimMaxGreenhouse) Maximum Greenhouse Habitable Zone Limit [m]: 1.094211e+10 
(HZLimEarlyMars) Early Mars Habitable Zone Limit [m]: 1.193348e+10 
Output Order: Time[year] Luminosity[LSUN] LXUVStellar[LSUN]
Grid Output Order:

----- BODY: proximba ----
Active Modules: ATMESC
Module Bit Sum: 9
Color: 000000
(Mass) Mass [kg]: 7.604378e+24 
(Radius) Radius [m]: 6.811337e+06 
(RadGyra) Radius of Gyration []: 0.500000 
(BodyType) Type of Body (0 == planet) []: 0.000000 
(HZLimitDryRunaway) Semi-major axis of Dry Runaway HZ Limit [m]: 4.811155e+09 
(Instellation) Orbit-averaged INcident STELLar radiATION [rad]: 4.811155e+09 
----- ATMESC PARAMETERS (proximba)------
(SurfWaterMass) Surface Water Mass [TO]: 0.000000 
(EnvelopeMass) Envelope Mass [Earth]: 0.000000 
(OxygenMass) Oxygen Mass [bars]: 0.261837 
(RGLimit) Runaway Greenhouse Semi-Major Axis [m]: 5.491231e+09 
(XO) Atomic Oxygen Mixing Ratio in Upper Atmosphere []: 1.000000 
(EtaO) Oxygen Eta Parameter (Luger and Barnes 2015) []: 0.000000 
(PlanetRadius) Planet Radius [m]: 6.811337e+06 
(OxygenMantleMass) Mass of Oxygen in Mantle [bars]: 0.000000 
(RadXUV) XUV Radius separating hydro. dyn. escpape and equilibrium [m]: -1.000000 
(RadSolid) Radius to the solid surface [m]: -1.000000 
(PresXUV) Pressure at base of Thermosphere []: 5.000000 
(ScaleHeight) Scaling factor in fdLehmerRadius []: -1.000000 
(ThermTemp) Isothermal Atmospheric Temperature []: 880.000000 
(AtmGasConst) Atmospheric Gas Constant []: 4124.000000 
(PresSurf) Surface Pressure due to Atmosphere []: -1.000000 
(DEnvMassDt) Envelope Mass Loss Rate []: -1.000000 
(FXUV) XUV Flux [W/m^2]: 0.548867 
(AtmXAbsEffH2O) XUV Atmospheric Escape Efficiency for H2O []: 0.150000 
(RGDuration) Runaway Greenhouse Duration [years]: 1.43806e+08
Output Order: Time[year] EnvelopeMass[Earth] SurfWaterMass[TO] OxygenMass[bars] OxygenMantleMass[bars]
Grid Output Order:

Runtime = 2 s
Total Number of Steps = 98842
