-------- Log file vplf296997e86a6.log -------

Executable: vplanet
System Name: vplf296997e86a6
Primary Input File: vplf296997e86a6.in
Body File #1: steaf4018cdb34.in
Body File #2: pl7d90b7b553b4.in
Allow files to be overwitten: Yes
Mass Units: Kilograms
Length Units: Meters
Time Units: Seconds
Angle Units: Radians

------- FORMATTING -----
Verbosity Level: 5
Crossover Decade for Scientific Notation: 4
Number of Digits After Decimal: 6
Integration Method: Runge-Kutta4
Direction: Forward
Time Step: 3.155760e+07
Stop Time: 1.825472e+17
Output Interval: 1.825472e+17
Use Variable Timestep: Yes
dEta: 0.100000
Minimum Value of ecc and obl: 1.000000e-10


---- INITIAL SYSTEM PROPERTIES ----
(Age) System Age [sec]: 3.155760e+13 
(Time) Simulation Time [sec]: 0.000000 
(TotAngMom) Total Angular Momentum [kg*m^2/sec]: 4.735184e+40 
(TotEnergy) Total System Energy [kg*m^2/sec^2]: -3.973156e+39 
(PotEnergy) Body's non-orbital Potential Energy [kg*m^2/sec^2]: -3.973151e+39 
(KinEnergy) Body's non-orbital Kinetic Energy [kg*m^2/sec^2]: 1.771051e+34 
(DeltaTime) Average Timestep Over Last Output Interval [sec]: inf 
(Density) Average Density [kg/m^3]: 2224.877692 
(LongP) Body's Longitude of pericenter [rad]: 3.926991 
(LXUVTot) Total XUV Luminosity [kg*m^2/sec^2/(m^2*sec)]: 7.021841e+21 

----- BODY: star ----
Active Modules: STELLAR
Module Bit Sum: 65
Color: 000000
(Mass) Mass [kg]: 2.837293e+29 
(Radius) Radius [m]: 8.113885e+08 
(RadGyra) Radius of Gyration []: 0.500000 
(RotAngMom) Rotational Angular Momentum [kg*m^2/sec]: 4.067069e+40 
(RotVel) Rotational Velocity [m/sec]: 706.656760 
(BodyType) Type of Body (0 == planet) []: 0.000000 
(RotRate) Rotational Frequency [/sec]: 8.709228e-07 
(RotPer) Rotational Period [sec]: 7.214400e+06 
(HZLimitDryRunaway) Semi-major axis of Dry Runaway HZ Limit [m]: -1.000000 
(Instellation) Orbit-averaged INcident STELLar radiATION [rad]: -1.000000 
(LostEnergy) Body's Total Lost Energy [kg*m^2/sec^2]: 0.000000 
(LostAngMom) Lost Angular Momentum due to Magnetic Braking [kg*m^2/sec]: 0.000000 
----- STELLAR PARAMETERS (star)------
(Luminosity) Luminosity [LSUN]: 0.072500 
(LXUVStellar) Base X-ray/XUV Luminosity [LSUN]: 1.825752e-05 
(Temperature) Effective Temperature [K]: 2776.623848 
(LXUVFrac) X-ray/XUV Luminosity Fraction []: 0.000252 
(RossbyNumber) Rossby Number []: 1.101585 
(DRotPerDtStellar) Time Rate of Change of Rotation Period in STELLAR []: 7.597988e-09 
(HZLimRecVenus) Recent Venus Habitable Zone Limit [m]: 3.300171e+10 
(HZLimRunaway) Runaway Greenhouse Habitable Zone Limit [m]: 4.338301e+10 
(HZLimMoistGreenhouse) Moist Greenhouse Habitable Zone Limit [m]: 4.366677e+10 
(HZLimMaxGreenhouse) Maximum Greenhouse Habitable Zone Limit [m]: 8.436171e+10 
(HZLimEarlyMars) Early Mars Habitable Zone Limit [m]: 9.200611e+10 
Output Order: Time[year] Luminosity[LSUN] LXUVStellar[LSUN]
Grid Output Order:

----- BODY: proximba ----
Active Modules: ATMESC
Module Bit Sum: 9
Color: 000000
(Mass) Mass [kg]: 1.755252e+25 
(Radius) Radius [m]: 8.551522e+06 
(RadGyra) Radius of Gyration []: 0.500000 
(BodyType) Type of Body (0 == planet) []: 0.000000 
(HZLimitDryRunaway) Semi-major axis of Dry Runaway HZ Limit [m]: 3.656070e+10 
(Instellation) Orbit-averaged INcident STELLar radiATION [rad]: 3.656070e+10 
----- ATMESC PARAMETERS (proximba)------
(SurfWaterMass) Surface Water Mass [TO]: 5.000000 
(EnvelopeMass) Envelope Mass [Earth]: 0.000000 
(OxygenMass) Oxygen Mass [bars]: 0.000000 
(RGLimit) Runaway Greenhouse Semi-Major Axis [m]: 4.105171e+10 
(XO) Atomic Oxygen Mixing Ratio in Upper Atmosphere []: 0.333333 
(EtaO) Oxygen Eta Parameter (Luger and Barnes 2015) []: 0.441118 
(PlanetRadius) Planet Radius [m]: 8.551522e+06 
(OxygenMantleMass) Mass of Oxygen in Mantle [bars]: 0.000000 
(RadXUV) XUV Radius separating hydro. dyn. escpape and equilibrium [m]: -1.000000 
(RadSolid) Radius to the solid surface [m]: -1.000000 
(PresXUV) Pressure at base of Thermosphere []: 5.000000 
(ScaleHeight) Scaling factor in fdLehmerRadius []: -1.000000 
(ThermTemp) Isothermal Atmospheric Temperature []: 880.000000 
(AtmGasConst) Atmospheric Gas Constant []: 4124.000000 
(PresSurf) Surface Pressure due to Atmosphere []: -1.000000 
(DEnvMassDt) Envelope Mass Loss Rate []: -1.000000 
(FXUV) XUV Flux [W/m^2]: 9.544708 
(AtmXAbsEffH2O) XUV Atmospheric Escape Efficiency for H2O []: 0.150000 
(RGDuration) Runaway Greenhouse Duration [years]: 0.00000e+00
Output Order: Time[year] EnvelopeMass[Earth] SurfWaterMass[TO] OxygenMass[bars] OxygenMantleMass[bars]
Grid Output Order:



---- FINAL SYSTEM PROPERTIES ----
(Age) System Age [sec]: 1.825788e+17 
(Time) Simulation Time [sec]: 1.825472e+17 
(TotAngMom) Total Angular Momentum [kg*m^2/sec]: 1.099543e+40 
(TotEnergy) Total System Energy [kg*m^2/sec^2]: -2.737671e+40 
(PotEnergy) Body's non-orbital Potential Energy [kg*m^2/sec^2]: -2.737669e+40 
(KinEnergy) Body's non-orbital Kinetic Energy [kg*m^2/sec^2]: 2.193031e+32 
(DeltaTime) Average Timestep Over Last Output Interval [sec]: 1.377715e+14 
(Density) Average Density [kg/m^3]: 7.278532e+05 
(LongP) Body's Longitude of pericenter [rad]: 3.926991 
(LXUVTot) Total XUV Luminosity [kg*m^2/sec^2/(m^2*sec)]: 5.327391e+19 

----- BODY: star ----
Active Modules: STELLAR
Module Bit Sum: 65
Color: 000000
(Mass) Mass [kg]: 2.837293e+29 
(Radius) Radius [m]: 1.177560e+08 
(RadGyra) Radius of Gyration []: 0.500000 
(RotAngMom) Rotational Angular Momentum [kg*m^2/sec]: 6.568141e+38 
(RotVel) Rotational Velocity [m/sec]: 78.634904 
(BodyType) Type of Body (0 == planet) []: 0.000000 
(RotRate) Rotational Frequency [/sec]: 6.677784e-07 
(RotPer) Rotational Period [sec]: 9.409087e+06 
(HZLimitDryRunaway) Semi-major axis of Dry Runaway HZ Limit [m]: -1.000000 
(Instellation) Orbit-averaged INcident STELLar radiATION [rad]: -1.000000 
(LostEnergy) Body's Total Lost Energy [kg*m^2/sec^2]: 2.442556e+33 
(LostAngMom) Lost Angular Momentum due to Magnetic Braking [kg*m^2/sec]: 3.657459e+39 
----- STELLAR PARAMETERS (star)------
(Luminosity) Luminosity [LSUN]: 0.002216 
(LXUVStellar) Base X-ray/XUV Luminosity [LSUN]: 1.385177e-07 
(Temperature) Effective Temperature [K]: 3047.497390 
(LXUVFrac) X-ray/XUV Luminosity Fraction []: 6.251067e-05 
(RossbyNumber) Rossby Number []: 1.650497 
(DRotPerDtStellar) Time Rate of Change of Rotation Period in STELLAR []: 5.501788e-12 
(HZLimRecVenus) Recent Venus Habitable Zone Limit [m]: 5.743498e+09 
(HZLimRunaway) Runaway Greenhouse Habitable Zone Limit [m]: 7.564236e+09 
(HZLimMoistGreenhouse) Moist Greenhouse Habitable Zone Limit [m]: 7.599597e+09 
(HZLimMaxGreenhouse) Maximum Greenhouse Habitable Zone Limit [m]: 1.453241e+10 
(HZLimEarlyMars) Early Mars Habitable Zone Limit [m]: 1.584908e+10 
Output Order: Time[year] Luminosity[LSUN] LXUVStellar[LSUN]
Grid Output Order:

----- BODY: proximba ----
Active Modules: ATMESC
Module Bit Sum: 9
Color: 000000
(Mass) Mass [kg]: 1.755252e+25 
(Radius) Radius [m]: 8.551522e+06 
(RadGyra) Radius of Gyration []: 0.500000 
(BodyType) Type of Body (0 == planet) []: 0.000000 
(HZLimitDryRunaway) Semi-major axis of Dry Runaway HZ Limit [m]: 6.391771e+09 
(Instellation) Orbit-averaged INcident STELLar radiATION [rad]: 6.391771e+09 
----- ATMESC PARAMETERS (proximba)------
(SurfWaterMass) Surface Water Mass [TO]: 0.005480 
(EnvelopeMass) Envelope Mass [Earth]: 0.000000 
(OxygenMass) Oxygen Mass [bars]: 1014.405916 
(RGLimit) Runaway Greenhouse Semi-Major Axis [m]: 7.156133e+09 
(XO) Atomic Oxygen Mixing Ratio in Upper Atmosphere []: 0.997681 
(EtaO) Oxygen Eta Parameter (Luger and Barnes 2015) []: 0.000000 
(PlanetRadius) Planet Radius [m]: 8.551522e+06 
(OxygenMantleMass) Mass of Oxygen in Mantle [bars]: 0.000000 
(RadXUV) XUV Radius separating hydro. dyn. escpape and equilibrium [m]: -1.000000 
(RadSolid) Radius to the solid surface [m]: -1.000000 
(PresXUV) Pressure at base of Thermosphere []: 5.000000 
(ScaleHeight) Scaling factor in fdLehmerRadius []: -1.000000 
(ThermTemp) Isothermal Atmospheric Temperature []: 880.000000 
(AtmGasConst) Atmospheric Gas Constant []: 4124.000000 
(PresSurf) Surface Pressure due to Atmosphere []: -1.000000 
(DEnvMassDt) Envelope Mass Loss Rate []: -1.000000 
(FXUV) XUV Flux [W/m^2]: 0.072415 
(AtmXAbsEffH2O) XUV Atmospheric Escape Efficiency for H2O []: 0.150000 
(RGDuration) Runaway Greenhouse Duration [years]: 2.15375e+08
Output Order: Time[year] EnvelopeMass[Earth] SurfWaterMass[TO] OxygenMass[bars] OxygenMantleMass[bars]
Grid Output Order:

Runtime = 0 s
Total Number of Steps = 1325
