-------- Log file vplf017c85762f3.log -------

Executable: vplanet
System Name: vplf017c85762f3
Primary Input File: vplf017c85762f3.in
Body File #1: st8172a6be04ab.in
Body File #2: plb4af2cd7677d.in
Allow files to be overwitten: Yes
Mass Units: Kilograms
Length Units: Meters
Time Units: Seconds
Angle Units: Radians

------- FORMATTING -----
Verbosity Level: 5
Crossover Decade for Scientific Notation: 4
Number of Digits After Decimal: 6
Integration Method: Runge-Kutta4
Direction: Forward
Time Step: 3.155760e+07
Stop Time: 1.853621e+17
Output Interval: 1.853621e+17
Use Variable Timestep: Yes
dEta: 0.100000
Minimum Value of ecc and obl: 1.000000e-10


---- INITIAL SYSTEM PROPERTIES ----
(Age) System Age [sec]: 3.155760e+13 
(Time) Simulation Time [sec]: 0.000000 
(TotAngMom) Total Angular Momentum [kg*m^2/sec]: 2.689986e+40 
(TotEnergy) Total System Energy [kg*m^2/sec^2]: -2.780224e+39 
(PotEnergy) Body's non-orbital Potential Energy [kg*m^2/sec^2]: -2.780221e+39 
(KinEnergy) Body's non-orbital Kinetic Energy [kg*m^2/sec^2]: 1.014162e+34 
(DeltaTime) Average Timestep Over Last Output Interval [sec]: inf 
(Density) Average Density [kg/m^3]: 2718.780981 
(LongP) Body's Longitude of pericenter [rad]: 3.926991 
(LXUVTot) Total XUV Luminosity [kg*m^2/sec^2/(m^2*sec)]: 6.683204e+21 

----- BODY: star ----
Active Modules: STELLAR
Module Bit Sum: 65
Color: 000000
(Mass) Mass [kg]: 2.200174e+29 
(Radius) Radius [m]: 6.972532e+08 
(RadGyra) Radius of Gyration []: 0.500000 
(RotAngMom) Rotational Angular Momentum [kg*m^2/sec]: 2.328937e+40 
(RotVel) Rotational Velocity [m/sec]: 607.253665 
(BodyType) Type of Body (0 == planet) []: 0.000000 
(RotRate) Rotational Frequency [/sec]: 8.709228e-07 
(RotPer) Rotational Period [sec]: 7.214400e+06 
(HZLimitDryRunaway) Semi-major axis of Dry Runaway HZ Limit [m]: -1.000000 
(Instellation) Orbit-averaged INcident STELLar radiATION [rad]: -1.000000 
(LostEnergy) Body's Total Lost Energy [kg*m^2/sec^2]: 0.000000 
(LostAngMom) Lost Angular Momentum due to Magnetic Braking [kg*m^2/sec]: 0.000000 
----- STELLAR PARAMETERS (star)------
(Luminosity) Luminosity [LSUN]: 0.049955 
(LXUVStellar) Base X-ray/XUV Luminosity [LSUN]: 1.737703e-05 
(Temperature) Effective Temperature [K]: 2728.951773 
(LXUVFrac) X-ray/XUV Luminosity Fraction []: 0.000348 
(RossbyNumber) Rossby Number []: 1.075015 
(DRotPerDtStellar) Time Rate of Change of Rotation Period in STELLAR []: 7.003510e-09 
(HZLimRecVenus) Recent Venus Habitable Zone Limit [m]: 2.741451e+10 
(HZLimRunaway) Runaway Greenhouse Habitable Zone Limit [m]: 3.603005e+10 
(HZLimMoistGreenhouse) Moist Greenhouse Habitable Zone Limit [m]: 3.627399e+10 
(HZLimMaxGreenhouse) Maximum Greenhouse Habitable Zone Limit [m]: 7.020749e+10 
(HZLimEarlyMars) Early Mars Habitable Zone Limit [m]: 7.656972e+10 
Output Order: Time[year] Luminosity[LSUN] LXUVStellar[LSUN]
Grid Output Order:

----- BODY: proximba ----
Active Modules: ATMESC
Module Bit Sum: 9
Color: 000000
(Mass) Mass [kg]: 1.123731e+25 
(Radius) Radius [m]: 7.574662e+06 
(RadGyra) Radius of Gyration []: 0.500000 
(BodyType) Type of Body (0 == planet) []: 0.000000 
(HZLimitDryRunaway) Semi-major axis of Dry Runaway HZ Limit [m]: 3.034826e+10 
(Instellation) Orbit-averaged INcident STELLar radiATION [rad]: 3.034826e+10 
----- ATMESC PARAMETERS (proximba)------
(SurfWaterMass) Surface Water Mass [TO]: 5.000000 
(EnvelopeMass) Envelope Mass [Earth]: 0.000000 
(OxygenMass) Oxygen Mass [bars]: 0.000000 
(RGLimit) Runaway Greenhouse Semi-Major Axis [m]: 3.444550e+10 
(XO) Atomic Oxygen Mixing Ratio in Upper Atmosphere []: 0.333333 
(EtaO) Oxygen Eta Parameter (Luger and Barnes 2015) []: 0.617325 
(PlanetRadius) Planet Radius [m]: 7.574662e+06 
(OxygenMantleMass) Mass of Oxygen in Mantle [bars]: 0.000000 
(RadXUV) XUV Radius separating hydro. dyn. escpape and equilibrium [m]: -1.000000 
(RadSolid) Radius to the solid surface [m]: -1.000000 
(PresXUV) Pressure at base of Thermosphere []: 5.000000 
(ScaleHeight) Scaling factor in fdLehmerRadius []: -1.000000 
(ThermTemp) Isothermal Atmospheric Temperature []: 880.000000 
(AtmGasConst) Atmospheric Gas Constant []: 4124.000000 
(PresSurf) Surface Pressure due to Atmosphere []: -1.000000 
(DEnvMassDt) Envelope Mass Loss Rate []: -1.000000 
(FXUV) XUV Flux [W/m^2]: 10.760848 
(AtmXAbsEffH2O) XUV Atmospheric Escape Efficiency for H2O []: 0.150000 
(RGDuration) Runaway Greenhouse Duration [years]: 0.00000e+00
Output Order: Time[year] EnvelopeMass[Earth] SurfWaterMass[TO] OxygenMass[bars] OxygenMantleMass[bars]
Grid Output Order:



---- FINAL SYSTEM PROPERTIES ----
(Age) System Age [sec]: 1.853936e+17 
(Time) Simulation Time [sec]: 1.853621e+17 
(TotAngMom) Total Angular Momentum [kg*m^2/sec]: 5.997110e+39 
(TotEnergy) Total System Energy [kg*m^2/sec^2]: -2.084547e+40 
(PotEnergy) Body's non-orbital Potential Energy [kg*m^2/sec^2]: -2.084546e+40 
(KinEnergy) Body's non-orbital Kinetic Energy [kg*m^2/sec^2]: 1.136096e+32 
(DeltaTime) Average Timestep Over Last Output Interval [sec]: 1.070838e+14 
(Density) Average Density [kg/m^3]: 1.145962e+06 
(LongP) Body's Longitude of pericenter [rad]: 3.926991 
(LXUVTot) Total XUV Luminosity [kg*m^2/sec^2/(m^2*sec)]: 4.560311e+19 

----- BODY: star ----
Active Modules: STELLAR
Module Bit Sum: 65
Color: 000000
(Mass) Mass [kg]: 2.200174e+29 
(Radius) Radius [m]: 9.299475e+07 
(RadGyra) Radius of Gyration []: 0.500000 
(RotAngMom) Rotational Angular Momentum [kg*m^2/sec]: 3.287604e+38 
(RotVel) Rotational Velocity [m/sec]: 64.272313 
(BodyType) Type of Body (0 == planet) []: 0.000000 
(RotRate) Rotational Frequency [/sec]: 6.911391e-07 
(RotPer) Rotational Period [sec]: 9.091057e+06 
(HZLimitDryRunaway) Semi-major axis of Dry Runaway HZ Limit [m]: -1.000000 
(Instellation) Orbit-averaged INcident STELLar radiATION [rad]: -1.000000 
(LostEnergy) Body's Total Lost Energy [kg*m^2/sec^2]: 1.371791e+33 
(LostAngMom) Lost Angular Momentum due to Magnetic Braking [kg*m^2/sec]: 2.057864e+39 
----- STELLAR PARAMETERS (star)------
(Luminosity) Luminosity [LSUN]: 0.001373 
(LXUVStellar) Base X-ray/XUV Luminosity [LSUN]: 1.185728e-07 
(Temperature) Effective Temperature [K]: 3042.782780 
(LXUVFrac) X-ray/XUV Luminosity Fraction []: 8.633219e-05 
(RossbyNumber) Rossby Number []: 1.590864 
(DRotPerDtStellar) Time Rate of Change of Rotation Period in STELLAR []: 4.242610e-12 
(HZLimRecVenus) Recent Venus Habitable Zone Limit [m]: 4.522134e+09 
(HZLimRunaway) Runaway Greenhouse Habitable Zone Limit [m]: 5.955461e+09 
(HZLimMoistGreenhouse) Moist Greenhouse Habitable Zone Limit [m]: 5.983531e+09 
(HZLimMaxGreenhouse) Maximum Greenhouse Habitable Zone Limit [m]: 1.144411e+10 
(HZLimEarlyMars) Early Mars Habitable Zone Limit [m]: 1.248096e+10 
Output Order: Time[year] Luminosity[LSUN] LXUVStellar[LSUN]
Grid Output Order:

----- BODY: proximba ----
Active Modules: ATMESC
Module Bit Sum: 9
Color: 000000
(Mass) Mass [kg]: 1.123731e+25 
(Radius) Radius [m]: 7.574662e+06 
(RadGyra) Radius of Gyration []: 0.500000 
(BodyType) Type of Body (0 == planet) []: 0.000000 
(HZLimitDryRunaway) Semi-major axis of Dry Runaway HZ Limit [m]: 5.032130e+09 
(Instellation) Orbit-averaged INcident STELLar radiATION [rad]: 5.032130e+09 
----- ATMESC PARAMETERS (proximba)------
(SurfWaterMass) Surface Water Mass [TO]: 0.465369 
(EnvelopeMass) Envelope Mass [Earth]: 0.000000 
(OxygenMass) Oxygen Mass [bars]: 885.044714 
(RGLimit) Runaway Greenhouse Semi-Major Axis [m]: 5.691611e+09 
(XO) Atomic Oxygen Mixing Ratio in Upper Atmosphere []: 0.825934 
(EtaO) Oxygen Eta Parameter (Luger and Barnes 2015) []: 0.000000 
(PlanetRadius) Planet Radius [m]: 7.574662e+06 
(OxygenMantleMass) Mass of Oxygen in Mantle [bars]: 0.000000 
(RadXUV) XUV Radius separating hydro. dyn. escpape and equilibrium [m]: -1.000000 
(RadSolid) Radius to the solid surface [m]: -1.000000 
(PresXUV) Pressure at base of Thermosphere []: 5.000000 
(ScaleHeight) Scaling factor in fdLehmerRadius []: -1.000000 
(ThermTemp) Isothermal Atmospheric Temperature []: 880.000000 
(AtmGasConst) Atmospheric Gas Constant []: 4124.000000 
(PresSurf) Surface Pressure due to Atmosphere []: -1.000000 
(DEnvMassDt) Envelope Mass Loss Rate []: -1.000000 
(FXUV) XUV Flux [W/m^2]: 0.073427 
(AtmXAbsEffH2O) XUV Atmospheric Escape Efficiency for H2O []: 0.150000 
(RGDuration) Runaway Greenhouse Duration [years]: 1.47170e+08
Output Order: Time[year] EnvelopeMass[Earth] SurfWaterMass[TO] OxygenMass[bars] OxygenMantleMass[bars]
Grid Output Order:

Runtime = 0 s
Total Number of Steps = 1731
