-------- Log file Trappist.log -------

Executable: vplanet
System Name: Trappist
Primary Input File: vpl.in
Body File #1: star.in
Body File #2: b.in
Body File #3: c.in
Body File #4: d.in
Body File #5: e.in
Body File #6: f.in
Body File #7: g.in
Body File #8: h.in
Allow files to be overwitten: Yes
Mass Units: Kilograms
Length Units: Meters
Time Units: Seconds
Angle Units: Radians

------- FORMATTING -----
Verbosity Level: 5
Crossover Decade for Scientific Notation: 4
Number of Digits After Decimal: 6
Integration Method: Runge-Kutta4
Direction: Forward
Time Step: 3.155760e+07
Stop Time: 3.471336e+17
Output Interval: 3.155760e+15
Use Variable Timestep: Yes
dEta: 0.010000
Minimum Value of ecc and obl: 1.000000e-10


---- INITIAL SYSTEM PROPERTIES ----
(Age) System Age [sec]: 3.155760e+13 
(Time) Simulation Time [sec]: 0.000000 
(TotAngMom) Total Angular Momentum [kg*m^2/sec]: 8.714085e+41 
(TotEnergy) Total System Energy [kg*m^2/sec^2]: -1.631994e+39 
(PotEnergy) Body's non-orbital Potential Energy [kg*m^2/sec^2]: -1.663368e+39 
(KinEnergy) Body's non-orbital Kinetic Energy [kg*m^2/sec^2]: 3.143121e+37 
(DeltaTime) Average Timestep Over Last Output Interval [sec]: inf 
(Density) Average Density [kg/m^3]: 2910.573663 
(LongP) Body's Longitude of pericenter [rad]: 3.926991 
(LXUVTot) Total XUV Luminosity [kg*m^2/sec^2/(m^2*sec)]: 1.885864e+22 

----- BODY: star ----
Active Modules: STELLAR
Module Bit Sum: 65
Color: 000000
(Mass) Mass [kg]: 1.594710e+29 
(Radius) Radius [Solar]: 0.880052 
(RadGyra) Radius of Gyration []: 0.445921 
(RotAngMom) Rotational Angular Momentum [kg*m^2/sec]: 8.644203e+41 
(RotVel) Rotational Velocity [m/sec]: 4.452426e+04 
(BodyType) Type of Body (0 == planet) []: 0.000000 
(RotRate) Rotational Frequency [/sec]: 7.272205e-05 
(RotPer) Rotational Period [days]: 1.000000 
(HZLimitDryRunaway) Semi-major axis of Dry Runaway HZ Limit [m]: -1.000000 
(Instellation) Orbit-averaged INcident STELLar radiATION [rad]: -1.000000 
(LostEnergy) Body's Total Lost Energy [kg*m^2/sec^2]: 0.000000 
(LostAngMom) Lost Angular Momentum due to Magnetic Braking [kg*m^2/sec]: 0.000000 
----- STELLAR PARAMETERS (star)------
(Luminosity) Luminosity [LSUN]: 0.049034 
(LXUVStellar) Base X-ray/XUV Luminosity [LSUN]: 4.903443e-05 
(Temperature) Effective Temperature [K]: 2897.531763 
(LXUVFrac) X-ray/XUV Luminosity Fraction []: 0.001000 
(RossbyNumber) Rossby Number []: 0.014035 
(DRotPerDtStellar) Time Rate of Change of Rotation Period in STELLAR []: 2.040280e-09 
(HZLimRecVenus) Recent Venus Habitable Zone Limit [m]: 2.708745e+10 
(HZLimRunaway) Runaway Greenhouse Habitable Zone Limit [m]: 3.563418e+10 
(HZLimMoistGreenhouse) Moist Greenhouse Habitable Zone Limit [m]: 3.584120e+10 
(HZLimMaxGreenhouse) Maximum Greenhouse Habitable Zone Limit [m]: 6.892613e+10 
(HZLimEarlyMars) Early Mars Habitable Zone Limit [m]: 7.517117e+10 
Output Order: Time[year] Luminosity[LSUN] LXUVStellar[LSUN] Radius[Solar] Temperature[K] RotPer[days] HZLimRunaway[AU]
Grid Output Order:

----- BODY: trappist1b ----
Active Modules: ATMESC
Module Bit Sum: 9
Color: 000000
(Mass) Mass [kg]: 6.073713e+24 
(Radius) Radius [m]: 7.149850e+06 
(RadGyra) Radius of Gyration []: 0.500000 
(BodyType) Type of Body (0 == planet) []: 0.000000 
(HZLimitDryRunaway) Semi-major axis of Dry Runaway HZ Limit [m]: 3.006800e+10 
(Instellation) Orbit-averaged INcident STELLar radiATION [rad]: 3.006800e+10 
----- ATMESC PARAMETERS (trappist1b)------
(SurfWaterMass) Surface Water Mass [TO]: 20.000000 
(EnvelopeMass) Envelope Mass [Earth]: 0.000000 
(OxygenMass) Oxygen Mass [bars]: 0.000000 
(RGLimit) Runaway Greenhouse Semi-Major Axis [m]: 3.455124e+10 
(XO) Atomic Oxygen Mixing Ratio in Upper Atmosphere []: 0.333333 
(EtaO) Oxygen Eta Parameter (Luger and Barnes 2015) []: 0.000000 
(PlanetRadius) Planet Radius [m]: 7.149850e+06 
(OxygenMantleMass) Mass of Oxygen in Mantle [kg]: 0.000000 
(RadXUV) XUV Radius separating hydro. dyn. escpape and equilibrium [m]: -1.000000 
(RadSolid) Radius to the solid surface [m]: -1.000000 
(PresXUV) Pressure at base of Thermosphere []: 5.000000 
(ScaleHeight) Scaling factor in fdLehmerRadius []: -1.000000 
(ThermTemp) Isothermal Atmospheric Temperature []: 880.000000 
(AtmGasConst) Atmospheric Gas Constant []: 4124.000000 
(PresSurf) Surface Pressure due to Atmosphere []: -1.000000 
(DEnvMassDt) Envelope Mass Loss Rate []: -1.000000 
(FXUV) XUV Flux [W/m^2]: 543.032201 
(AtmXAbsEffH2O) XUV Atmospheric Escape Efficiency for H2O []: 0.000000 
(RGDuration) Runaway Greenhouse Duration [years]: 0.00000e+00
Output Order: Time[year] OxygenMass[bars] SurfWaterMass[TO] EnvelopeMass[Earth]
Grid Output Order:

----- BODY: trappist1c ----
Active Modules: ATMESC
Module Bit Sum: 9
Color: 000000
(Mass) Mass [kg]: 6.903847e+24 
(Radius) Radius [m]: 6.984020e+06 
(RadGyra) Radius of Gyration []: 0.500000 
(BodyType) Type of Body (0 == planet) []: 0.000000 
(HZLimitDryRunaway) Semi-major axis of Dry Runaway HZ Limit [m]: 3.006807e+10 
(Instellation) Orbit-averaged INcident STELLar radiATION [rad]: 3.006807e+10 
----- ATMESC PARAMETERS (trappist1c)------
(SurfWaterMass) Surface Water Mass [TO]: 20.000000 
(EnvelopeMass) Envelope Mass [Earth]: 0.000000 
(OxygenMass) Oxygen Mass [bars]: 0.000000 
(RGLimit) Runaway Greenhouse Semi-Major Axis [m]: 3.444681e+10 
(XO) Atomic Oxygen Mixing Ratio in Upper Atmosphere []: 0.333333 
(EtaO) Oxygen Eta Parameter (Luger and Barnes 2015) []: 0.000000 
(PlanetRadius) Planet Radius [m]: 6.984020e+06 
(OxygenMantleMass) Mass of Oxygen in Mantle [kg]: 0.000000 
(RadXUV) XUV Radius separating hydro. dyn. escpape and equilibrium [m]: -1.000000 
(RadSolid) Radius to the solid surface [m]: -1.000000 
(PresXUV) Pressure at base of Thermosphere []: 5.000000 
(ScaleHeight) Scaling factor in fdLehmerRadius []: -1.000000 
(ThermTemp) Isothermal Atmospheric Temperature []: 880.000000 
(AtmGasConst) Atmospheric Gas Constant []: 4124.000000 
(PresSurf) Surface Pressure due to Atmosphere []: -1.000000 
(DEnvMassDt) Envelope Mass Loss Rate []: -1.000000 
(FXUV) XUV Flux [W/m^2]: 289.470826 
(AtmXAbsEffH2O) XUV Atmospheric Escape Efficiency for H2O []: 0.000000 
(RGDuration) Runaway Greenhouse Duration [years]: 0.00000e+00
Output Order: Time[year] OxygenMass[bars] SurfWaterMass[TO] EnvelopeMass[Earth]
Grid Output Order:

----- BODY: trappist1d ----
Active Modules: ATMESC
Module Bit Sum: 9
Color: 000000
(Mass) Mass [kg]: 1.773739e+24 
(Radius) Radius [m]: 5.000430e+06 
(RadGyra) Radius of Gyration []: 0.500000 
(BodyType) Type of Body (0 == planet) []: 0.000000 
(HZLimitDryRunaway) Semi-major axis of Dry Runaway HZ Limit [m]: 3.006848e+10 
(Instellation) Orbit-averaged INcident STELLar radiATION [rad]: 3.006848e+10 
----- ATMESC PARAMETERS (trappist1d)------
(SurfWaterMass) Surface Water Mass [TO]: 20.000000 
(EnvelopeMass) Envelope Mass [Earth]: 0.000000 
(OxygenMass) Oxygen Mass [bars]: 0.000000 
(RGLimit) Runaway Greenhouse Semi-Major Axis [m]: 3.560484e+10 
(XO) Atomic Oxygen Mixing Ratio in Upper Atmosphere []: 0.333333 
(EtaO) Oxygen Eta Parameter (Luger and Barnes 2015) []: 0.000000 
(PlanetRadius) Planet Radius [m]: 5.000430e+06 
(OxygenMantleMass) Mass of Oxygen in Mantle [kg]: 0.000000 
(RadXUV) XUV Radius separating hydro. dyn. escpape and equilibrium [m]: -1.000000 
(RadSolid) Radius to the solid surface [m]: -1.000000 
(PresXUV) Pressure at base of Thermosphere []: 5.000000 
(ScaleHeight) Scaling factor in fdLehmerRadius []: -1.000000 
(ThermTemp) Isothermal Atmospheric Temperature []: 880.000000 
(AtmGasConst) Atmospheric Gas Constant []: 4124.000000 
(PresSurf) Surface Pressure due to Atmosphere []: -1.000000 
(DEnvMassDt) Envelope Mass Loss Rate []: -1.000000 
(FXUV) XUV Flux [W/m^2]: 145.856474 
(AtmXAbsEffH2O) XUV Atmospheric Escape Efficiency for H2O []: 0.000000 
(RGDuration) Runaway Greenhouse Duration [years]: 0.00000e+00
Output Order: Time[year] OxygenMass[bars] SurfWaterMass[TO] EnvelopeMass[Earth]
Grid Output Order:

----- BODY: trappist1e ----
Active Modules: ATMESC
Module Bit Sum: 9
Color: 000000
(Mass) Mass [kg]: 4.610528e+24 
(Radius) Radius [m]: 5.804071e+06 
(RadGyra) Radius of Gyration []: 0.500000 
(BodyType) Type of Body (0 == planet) []: 0.000000 
(HZLimitDryRunaway) Semi-major axis of Dry Runaway HZ Limit [m]: 3.006781e+10 
(Instellation) Orbit-averaged INcident STELLar radiATION [rad]: 3.006781e+10 
----- ATMESC PARAMETERS (trappist1e)------
(SurfWaterMass) Surface Water Mass [TO]: 20.000000 
(EnvelopeMass) Envelope Mass [Earth]: 0.000000 
(OxygenMass) Oxygen Mass [bars]: 0.000000 
(RGLimit) Runaway Greenhouse Semi-Major Axis [m]: 3.477920e+10 
(XO) Atomic Oxygen Mixing Ratio in Upper Atmosphere []: 0.333333 
(EtaO) Oxygen Eta Parameter (Luger and Barnes 2015) []: 0.739857 
(PlanetRadius) Planet Radius [m]: 5.804071e+06 
(OxygenMantleMass) Mass of Oxygen in Mantle [kg]: 0.000000 
(RadXUV) XUV Radius separating hydro. dyn. escpape and equilibrium [m]: -1.000000 
(RadSolid) Radius to the solid surface [m]: -1.000000 
(PresXUV) Pressure at base of Thermosphere []: 5.000000 
(ScaleHeight) Scaling factor in fdLehmerRadius []: -1.000000 
(ThermTemp) Isothermal Atmospheric Temperature []: 880.000000 
(AtmGasConst) Atmospheric Gas Constant []: 4124.000000 
(PresSurf) Surface Pressure due to Atmosphere []: -1.000000 
(DEnvMassDt) Envelope Mass Loss Rate []: -1.000000 
(FXUV) XUV Flux [W/m^2]: 84.474448 
(AtmXAbsEffH2O) XUV Atmospheric Escape Efficiency for H2O []: 0.011807 
(RGDuration) Runaway Greenhouse Duration [years]: 0.00000e+00
Output Order: Time[year] OxygenMass[bars] SurfWaterMass[TO] EnvelopeMass[Earth]
Grid Output Order:

----- BODY: trappist1f ----
Active Modules: ATMESC
Module Bit Sum: 9
Color: 000000
(Mass) Mass [kg]: 5.578022e+24 
(Radius) Radius [m]: 6.671493e+06 
(RadGyra) Radius of Gyration []: 0.500000 
(BodyType) Type of Body (0 == planet) []: 0.000000 
(HZLimitDryRunaway) Semi-major axis of Dry Runaway HZ Limit [m]: 3.006895e+10 
(Instellation) Orbit-averaged INcident STELLar radiATION [rad]: 3.006895e+10 
----- ATMESC PARAMETERS (trappist1f)------
(SurfWaterMass) Surface Water Mass [TO]: 20.000000 
(EnvelopeMass) Envelope Mass [Earth]: 0.000000 
(OxygenMass) Oxygen Mass [bars]: 0.000000 
(RGLimit) Runaway Greenhouse Semi-Major Axis [m]: 3.462060e+10 
(XO) Atomic Oxygen Mixing Ratio in Upper Atmosphere []: 0.333333 
(EtaO) Oxygen Eta Parameter (Luger and Barnes 2015) []: 0.691442 
(PlanetRadius) Planet Radius [m]: 6.671493e+06 
(OxygenMantleMass) Mass of Oxygen in Mantle [kg]: 0.000000 
(RadXUV) XUV Radius separating hydro. dyn. escpape and equilibrium [m]: -1.000000 
(RadSolid) Radius to the solid surface [m]: -1.000000 
(PresXUV) Pressure at base of Thermosphere []: 5.000000 
(ScaleHeight) Scaling factor in fdLehmerRadius []: -1.000000 
(ThermTemp) Isothermal Atmospheric Temperature []: 880.000000 
(AtmGasConst) Atmospheric Gas Constant []: 4124.000000 
(PresSurf) Surface Pressure due to Atmosphere []: -1.000000 
(DEnvMassDt) Envelope Mass Loss Rate []: -1.000000 
(FXUV) XUV Flux [W/m^2]: 48.790865 
(AtmXAbsEffH2O) XUV Atmospheric Escape Efficiency for H2O []: 0.015983 
(RGDuration) Runaway Greenhouse Duration [years]: 0.00000e+00
Output Order: Time[year] OxygenMass[bars] SurfWaterMass[TO] EnvelopeMass[Earth]
Grid Output Order:

----- BODY: trappist1g ----
Active Modules: ATMESC
Module Bit Sum: 9
Color: 000000
(Mass) Mass [kg]: 6.856070e+24 
(Radius) Radius [m]: 7.322059e+06 
(RadGyra) Radius of Gyration []: 0.500000 
(BodyType) Type of Body (0 == planet) []: 0.000000 
(HZLimitDryRunaway) Semi-major axis of Dry Runaway HZ Limit [m]: 3.006749e+10 
(Instellation) Orbit-averaged INcident STELLar radiATION [rad]: 3.006749e+10 
----- ATMESC PARAMETERS (trappist1g)------
(SurfWaterMass) Surface Water Mass [TO]: 20.000000 
(EnvelopeMass) Envelope Mass [Earth]: 0.000000 
(OxygenMass) Oxygen Mass [bars]: 0.000000 
(RGLimit) Runaway Greenhouse Semi-Major Axis [m]: 3.445278e+10 
(XO) Atomic Oxygen Mixing Ratio in Upper Atmosphere []: 0.333333 
(EtaO) Oxygen Eta Parameter (Luger and Barnes 2015) []: 0.610442 
(PlanetRadius) Planet Radius [m]: 7.322059e+06 
(OxygenMantleMass) Mass of Oxygen in Mantle [kg]: 0.000000 
(RadXUV) XUV Radius separating hydro. dyn. escpape and equilibrium [m]: -1.000000 
(RadSolid) Radius to the solid surface [m]: -1.000000 
(PresXUV) Pressure at base of Thermosphere []: 5.000000 
(ScaleHeight) Scaling factor in fdLehmerRadius []: -1.000000 
(ThermTemp) Isothermal Atmospheric Temperature []: 880.000000 
(AtmGasConst) Atmospheric Gas Constant []: 4124.000000 
(PresSurf) Surface Pressure due to Atmosphere []: -1.000000 
(DEnvMassDt) Envelope Mass Loss Rate []: -1.000000 
(FXUV) XUV Flux [W/m^2]: 32.968007 
(AtmXAbsEffH2O) XUV Atmospheric Escape Efficiency for H2O []: 0.019549 
(RGDuration) Runaway Greenhouse Duration [years]: 0.00000e+00
Output Order: Time[year] OxygenMass[bars] SurfWaterMass[TO] EnvelopeMass[Earth]
Grid Output Order:

----- BODY: trappist1h ----
Active Modules: ATMESC
Module Bit Sum: 9
Color: 000000
(Mass) Mass [kg]: 1.976794e+24 
(Radius) Radius [m]: 4.930271e+06 
(RadGyra) Radius of Gyration []: 0.500000 
(BodyType) Type of Body (0 == planet) []: 0.000000 
(HZLimitDryRunaway) Semi-major axis of Dry Runaway HZ Limit [m]: 3.006791e+10 
(Instellation) Orbit-averaged INcident STELLar radiATION [rad]: 3.006791e+10 
----- ATMESC PARAMETERS (trappist1h)------
(SurfWaterMass) Surface Water Mass [TO]: 20.000000 
(EnvelopeMass) Envelope Mass [Earth]: 0.000000 
(OxygenMass) Oxygen Mass [bars]: 0.000000 
(RGLimit) Runaway Greenhouse Semi-Major Axis [m]: 3.550849e+10 
(XO) Atomic Oxygen Mixing Ratio in Upper Atmosphere []: 0.333333 
(EtaO) Oxygen Eta Parameter (Luger and Barnes 2015) []: 0.815403 
(PlanetRadius) Planet Radius [m]: 4.930271e+06 
(OxygenMantleMass) Mass of Oxygen in Mantle [kg]: 0.000000 
(RadXUV) XUV Radius separating hydro. dyn. escpape and equilibrium [m]: -1.000000 
(RadSolid) Radius to the solid surface [m]: -1.000000 
(PresXUV) Pressure at base of Thermosphere []: 5.000000 
(ScaleHeight) Scaling factor in fdLehmerRadius []: -1.000000 
(ThermTemp) Isothermal Atmospheric Temperature []: 880.000000 
(AtmGasConst) Atmospheric Gas Constant []: 4124.000000 
(PresSurf) Surface Pressure due to Atmosphere []: -1.000000 
(DEnvMassDt) Envelope Mass Loss Rate []: -1.000000 
(FXUV) XUV Flux [W/m^2]: 18.877374 
(AtmXAbsEffH2O) XUV Atmospheric Escape Efficiency for H2O []: 0.025499 
(RGDuration) Runaway Greenhouse Duration [years]: 0.00000e+00
Output Order: Time[year] OxygenMass[bars] SurfWaterMass[TO] EnvelopeMass[Earth]
Grid Output Order:



---- FINAL SYSTEM PROPERTIES ----
(Age) System Age [sec]: 3.111282e+17 
(Time) Simulation Time [sec]: 3.110966e+17 
(TotAngMom) Total Angular Momentum [kg*m^2/sec]: 8.694110e+41 
(TotEnergy) Total System Energy [kg*m^2/sec^2]: -1.626607e+39 
(PotEnergy) Body's non-orbital Potential Energy [kg*m^2/sec^2]: -1.474467e+40 
(KinEnergy) Body's non-orbital Kinetic Energy [kg*m^2/sec^2]: 1.520265e+32 
(DeltaTime) Average Timestep Over Last Output Interval [sec]: 7.229873e+09 
(Density) Average Density [kg/m^3]: 2.027304e+06 
(LongP) Body's Longitude of pericenter [rad]: 3.926991 
(LXUVTot) Total XUV Luminosity [kg*m^2/sec^2/(m^2*sec)]: 3.664644e+17 

----- BODY: star ----
Active Modules: STELLAR
Module Bit Sum: 65
Color: 000000
(Mass) Mass [kg]: 1.594710e+29 
(Radius) Radius [Solar]: 0.099280 
(RadGyra) Radius of Gyration []: 0.465294 
(RotAngMom) Rotational Angular Momentum [kg*m^2/sec]: 2.237828e+38 
(RotVel) Rotational Velocity [m/sec]: 93.843961 
(BodyType) Type of Body (0 == planet) []: 0.000000 
(RotRate) Rotational Frequency [/sec]: 1.358697e-06 
(RotPer) Rotational Period [days]: 53.523385 
(HZLimitDryRunaway) Semi-major axis of Dry Runaway HZ Limit [m]: -1.000000 
(Instellation) Orbit-averaged INcident STELLar radiATION [rad]: -1.000000 
(LostEnergy) Body's Total Lost Energy [kg*m^2/sec^2]: 1.311812e+40 
(LostAngMom) Lost Angular Momentum due to Magnetic Braking [kg*m^2/sec]: 8.621991e+41 
----- STELLAR PARAMETERS (star)------
(Luminosity) Luminosity [LSUN]: 0.000270 
(LXUVStellar) Base X-ray/XUV Luminosity [LSUN]: 9.528456e-10 
(Temperature) Effective Temperature [K]: 2350.671490 
(LXUVFrac) X-ray/XUV Luminosity Fraction []: 3.528438e-06 
(RossbyNumber) Rossby Number []: 0.567718 
(DRotPerDtStellar) Time Rate of Change of Rotation Period in STELLAR []: 2.361382e-11 
(HZLimRecVenus) Recent Venus Habitable Zone Limit [m]: 2.027069e+09 
(HZLimRunaway) Runaway Greenhouse Habitable Zone Limit [m]: 2.663788e+09 
(HZLimMoistGreenhouse) Moist Greenhouse Habitable Zone Limit [m]: 2.682156e+09 
(HZLimMaxGreenhouse) Maximum Greenhouse Habitable Zone Limit [m]: 5.271427e+09 
(HZLimEarlyMars) Early Mars Habitable Zone Limit [m]: 5.749628e+09 
Output Order: Time[year] Luminosity[LSUN] LXUVStellar[LSUN] Radius[Solar] Temperature[K] RotPer[days] HZLimRunaway[AU]
Grid Output Order:

----- BODY: trappist1b ----
Active Modules: ATMESC
Module Bit Sum: 9
Color: 000000
(Mass) Mass [kg]: 6.073713e+24 
(Radius) Radius [m]: 7.149850e+06 
(RadGyra) Radius of Gyration []: 0.500000 
(BodyType) Type of Body (0 == planet) []: 0.000000 
(HZLimitDryRunaway) Semi-major axis of Dry Runaway HZ Limit [m]: 2.231383e+09 
(Instellation) Orbit-averaged INcident STELLar radiATION [rad]: 2.231383e+09 
----- ATMESC PARAMETERS (trappist1b)------
(SurfWaterMass) Surface Water Mass [TO]: 0.000000 
(EnvelopeMass) Envelope Mass [Earth]: 0.000000 
(OxygenMass) Oxygen Mass [bars]: 0.000000 
(RGLimit) Runaway Greenhouse Semi-Major Axis [m]: 2.586741e+09 
(XO) Atomic Oxygen Mixing Ratio in Upper Atmosphere []: 0.000000 
(EtaO) Oxygen Eta Parameter (Luger and Barnes 2015) []: 0.000000 
(PlanetRadius) Planet Radius [m]: 7.149850e+06 
(OxygenMantleMass) Mass of Oxygen in Mantle [kg]: 1.303446e+22 
(RadXUV) XUV Radius separating hydro. dyn. escpape and equilibrium [m]: -1.000000 
(RadSolid) Radius to the solid surface [m]: -1.000000 
(PresXUV) Pressure at base of Thermosphere []: 5.000000 
(ScaleHeight) Scaling factor in fdLehmerRadius []: -1.000000 
(ThermTemp) Isothermal Atmospheric Temperature []: 880.000000 
(AtmGasConst) Atmospheric Gas Constant []: 4124.000000 
(PresSurf) Surface Pressure due to Atmosphere []: -1.000000 
(DEnvMassDt) Envelope Mass Loss Rate []: -1.000000 
(FXUV) XUV Flux [W/m^2]: 0.010552 
(AtmXAbsEffH2O) XUV Atmospheric Escape Efficiency for H2O []: 0.130304 
(RGDuration) Runaway Greenhouse Duration [years]: 0.00000e+00
Output Order: Time[year] OxygenMass[bars] SurfWaterMass[TO] EnvelopeMass[Earth]
Grid Output Order:

----- BODY: trappist1c ----
Active Modules: ATMESC
Module Bit Sum: 9
Color: 000000
(Mass) Mass [kg]: 6.903847e+24 
(Radius) Radius [m]: 6.984020e+06 
(RadGyra) Radius of Gyration []: 0.500000 
(BodyType) Type of Body (0 == planet) []: 0.000000 
(HZLimitDryRunaway) Semi-major axis of Dry Runaway HZ Limit [m]: 2.231387e+09 
(Instellation) Orbit-averaged INcident STELLar radiATION [rad]: 2.231387e+09 
----- ATMESC PARAMETERS (trappist1c)------
(SurfWaterMass) Surface Water Mass [TO]: 0.000000 
(EnvelopeMass) Envelope Mass [Earth]: 0.000000 
(OxygenMass) Oxygen Mass [bars]: 0.000000 
(RGLimit) Runaway Greenhouse Semi-Major Axis [m]: 2.578882e+09 
(XO) Atomic Oxygen Mixing Ratio in Upper Atmosphere []: 0.000000 
(EtaO) Oxygen Eta Parameter (Luger and Barnes 2015) []: 0.000000 
(PlanetRadius) Planet Radius [m]: 6.984020e+06 
(OxygenMantleMass) Mass of Oxygen in Mantle [kg]: 1.928396e+22 
(RadXUV) XUV Radius separating hydro. dyn. escpape and equilibrium [m]: -1.000000 
(RadSolid) Radius to the solid surface [m]: -1.000000 
(PresXUV) Pressure at base of Thermosphere []: 5.000000 
(ScaleHeight) Scaling factor in fdLehmerRadius []: -1.000000 
(ThermTemp) Isothermal Atmospheric Temperature []: 880.000000 
(AtmGasConst) Atmospheric Gas Constant []: 4124.000000 
(PresSurf) Surface Pressure due to Atmosphere []: -1.000000 
(DEnvMassDt) Envelope Mass Loss Rate []: -1.000000 
(FXUV) XUV Flux [W/m^2]: 0.005625 
(AtmXAbsEffH2O) XUV Atmospheric Escape Efficiency for H2O []: 0.131576 
(RGDuration) Runaway Greenhouse Duration [years]: 0.00000e+00
Output Order: Time[year] OxygenMass[bars] SurfWaterMass[TO] EnvelopeMass[Earth]
Grid Output Order:

----- BODY: trappist1d ----
Active Modules: ATMESC
Module Bit Sum: 9
Color: 000000
(Mass) Mass [kg]: 1.773739e+24 
(Radius) Radius [m]: 5.000430e+06 
(RadGyra) Radius of Gyration []: 0.500000 
(BodyType) Type of Body (0 == planet) []: 0.000000 
(HZLimitDryRunaway) Semi-major axis of Dry Runaway HZ Limit [m]: 2.231418e+09 
(Instellation) Orbit-averaged INcident STELLar radiATION [rad]: 2.231418e+09 
----- ATMESC PARAMETERS (trappist1d)------
(SurfWaterMass) Surface Water Mass [TO]: 10.844583 
(EnvelopeMass) Envelope Mass [Earth]: 0.000000 
(OxygenMass) Oxygen Mass [bars]: 0.000000 
(RGLimit) Runaway Greenhouse Semi-Major Axis [m]: 2.666054e+09 
(XO) Atomic Oxygen Mixing Ratio in Upper Atmosphere []: 0.333333 
(EtaO) Oxygen Eta Parameter (Luger and Barnes 2015) []: 0.000000 
(PlanetRadius) Planet Radius [m]: 5.000430e+06 
(OxygenMantleMass) Mass of Oxygen in Mantle [kg]: 5.058631e+21 
(RadXUV) XUV Radius separating hydro. dyn. escpape and equilibrium [m]: -1.000000 
(RadSolid) Radius to the solid surface [m]: -1.000000 
(PresXUV) Pressure at base of Thermosphere []: 5.000000 
(ScaleHeight) Scaling factor in fdLehmerRadius []: -1.000000 
(ThermTemp) Isothermal Atmospheric Temperature []: 880.000000 
(AtmGasConst) Atmospheric Gas Constant []: 4124.000000 
(PresSurf) Surface Pressure due to Atmosphere []: -1.000000 
(DEnvMassDt) Envelope Mass Loss Rate []: -1.000000 
(FXUV) XUV Flux [W/m^2]: 0.002834 
(AtmXAbsEffH2O) XUV Atmospheric Escape Efficiency for H2O []: 0.130885 
(RGDuration) Runaway Greenhouse Duration [years]: 6.31727e+08
Output Order: Time[year] OxygenMass[bars] SurfWaterMass[TO] EnvelopeMass[Earth]
Grid Output Order:

----- BODY: trappist1e ----
Active Modules: ATMESC
Module Bit Sum: 9
Color: 000000
(Mass) Mass [kg]: 4.610528e+24 
(Radius) Radius [m]: 5.804071e+06 
(RadGyra) Radius of Gyration []: 0.500000 
(BodyType) Type of Body (0 == planet) []: 0.000000 
(HZLimitDryRunaway) Semi-major axis of Dry Runaway HZ Limit [m]: 2.231369e+09 
(Instellation) Orbit-averaged INcident STELLar radiATION [rad]: 2.231369e+09 
----- ATMESC PARAMETERS (trappist1e)------
(SurfWaterMass) Surface Water Mass [TO]: 13.746046 
(EnvelopeMass) Envelope Mass [Earth]: 0.000000 
(OxygenMass) Oxygen Mass [bars]: 0.000000 
(RGLimit) Runaway Greenhouse Semi-Major Axis [m]: 2.603898e+09 
(XO) Atomic Oxygen Mixing Ratio in Upper Atmosphere []: 0.333333 
(EtaO) Oxygen Eta Parameter (Luger and Barnes 2015) []: 0.000000 
(PlanetRadius) Planet Radius [m]: 5.804071e+06 
(OxygenMantleMass) Mass of Oxygen in Mantle [kg]: 5.887527e+21 
(RadXUV) XUV Radius separating hydro. dyn. escpape and equilibrium [m]: -1.000000 
(RadSolid) Radius to the solid surface [m]: -1.000000 
(PresXUV) Pressure at base of Thermosphere []: 5.000000 
(ScaleHeight) Scaling factor in fdLehmerRadius []: -1.000000 
(ThermTemp) Isothermal Atmospheric Temperature []: 880.000000 
(AtmGasConst) Atmospheric Gas Constant []: 4124.000000 
(PresSurf) Surface Pressure due to Atmosphere []: -1.000000 
(DEnvMassDt) Envelope Mass Loss Rate []: -1.000000 
(FXUV) XUV Flux [W/m^2]: 0.001642 
(AtmXAbsEffH2O) XUV Atmospheric Escape Efficiency for H2O []: 0.128938 
(RGDuration) Runaway Greenhouse Duration [years]: 2.85274e+08
Output Order: Time[year] OxygenMass[bars] SurfWaterMass[TO] EnvelopeMass[Earth]
Grid Output Order:

----- BODY: trappist1f ----
Active Modules: ATMESC
Module Bit Sum: 9
Color: 000000
(Mass) Mass [kg]: 5.578022e+24 
(Radius) Radius [m]: 6.671493e+06 
(RadGyra) Radius of Gyration []: 0.500000 
(BodyType) Type of Body (0 == planet) []: 0.000000 
(HZLimitDryRunaway) Semi-major axis of Dry Runaway HZ Limit [m]: 2.231453e+09 
(Instellation) Orbit-averaged INcident STELLar radiATION [rad]: 2.231453e+09 
----- ATMESC PARAMETERS (trappist1f)------
(SurfWaterMass) Surface Water Mass [TO]: 15.875493 
(EnvelopeMass) Envelope Mass [Earth]: 0.000000 
(OxygenMass) Oxygen Mass [bars]: 0.000000 
(RGLimit) Runaway Greenhouse Semi-Major Axis [m]: 2.591961e+09 
(XO) Atomic Oxygen Mixing Ratio in Upper Atmosphere []: 0.333333 
(EtaO) Oxygen Eta Parameter (Luger and Barnes 2015) []: 0.000000 
(PlanetRadius) Planet Radius [m]: 6.671493e+06 
(OxygenMantleMass) Mass of Oxygen in Mantle [kg]: 3.723541e+21 
(RadXUV) XUV Radius separating hydro. dyn. escpape and equilibrium [m]: -1.000000 
(RadSolid) Radius to the solid surface [m]: -1.000000 
(PresXUV) Pressure at base of Thermosphere []: 5.000000 
(ScaleHeight) Scaling factor in fdLehmerRadius []: -1.000000 
(ThermTemp) Isothermal Atmospheric Temperature []: 880.000000 
(AtmGasConst) Atmospheric Gas Constant []: 4124.000000 
(PresSurf) Surface Pressure due to Atmosphere []: -1.000000 
(DEnvMassDt) Envelope Mass Loss Rate []: -1.000000 
(FXUV) XUV Flux [W/m^2]: 0.000948 
(AtmXAbsEffH2O) XUV Atmospheric Escape Efficiency for H2O []: 0.126453 
(RGDuration) Runaway Greenhouse Duration [years]: 1.48071e+08
Output Order: Time[year] OxygenMass[bars] SurfWaterMass[TO] EnvelopeMass[Earth]
Grid Output Order:

----- BODY: trappist1g ----
Active Modules: ATMESC
Module Bit Sum: 9
Color: 000000
(Mass) Mass [kg]: 6.856070e+24 
(Radius) Radius [m]: 7.322059e+06 
(RadGyra) Radius of Gyration []: 0.500000 
(BodyType) Type of Body (0 == planet) []: 0.000000 
(HZLimitDryRunaway) Semi-major axis of Dry Runaway HZ Limit [m]: 2.231344e+09 
(Instellation) Orbit-averaged INcident STELLar radiATION [rad]: 2.231344e+09 
----- ATMESC PARAMETERS (trappist1g)------
(SurfWaterMass) Surface Water Mass [TO]: 17.062794 
(EnvelopeMass) Envelope Mass [Earth]: 0.000000 
(OxygenMass) Oxygen Mass [bars]: 0.000000 
(RGLimit) Runaway Greenhouse Semi-Major Axis [m]: 2.579331e+09 
(XO) Atomic Oxygen Mixing Ratio in Upper Atmosphere []: 0.333333 
(EtaO) Oxygen Eta Parameter (Luger and Barnes 2015) []: 0.000000 
(PlanetRadius) Planet Radius [m]: 7.322059e+06 
(OxygenMantleMass) Mass of Oxygen in Mantle [kg]: 2.769529e+21 
(RadXUV) XUV Radius separating hydro. dyn. escpape and equilibrium [m]: -1.000000 
(RadSolid) Radius to the solid surface [m]: -1.000000 
(PresXUV) Pressure at base of Thermosphere []: 5.000000 
(ScaleHeight) Scaling factor in fdLehmerRadius []: -1.000000 
(ThermTemp) Isothermal Atmospheric Temperature []: 880.000000 
(AtmGasConst) Atmospheric Gas Constant []: 4124.000000 
(PresSurf) Surface Pressure due to Atmosphere []: -1.000000 
(DEnvMassDt) Envelope Mass Loss Rate []: -1.000000 
(FXUV) XUV Flux [W/m^2]: 0.000641 
(AtmXAbsEffH2O) XUV Atmospheric Escape Efficiency for H2O []: 0.123357 
(RGDuration) Runaway Greenhouse Duration [years]: 8.99992e+07
Output Order: Time[year] OxygenMass[bars] SurfWaterMass[TO] EnvelopeMass[Earth]
Grid Output Order:

----- BODY: trappist1h ----
Active Modules: ATMESC
Module Bit Sum: 9
Color: 000000
(Mass) Mass [kg]: 1.976794e+24 
(Radius) Radius [m]: 4.930271e+06 
(RadGyra) Radius of Gyration []: 0.500000 
(BodyType) Type of Body (0 == planet) []: 0.000000 
(HZLimitDryRunaway) Semi-major axis of Dry Runaway HZ Limit [m]: 2.231375e+09 
(Instellation) Orbit-averaged INcident STELLar radiATION [rad]: 2.231375e+09 
----- ATMESC PARAMETERS (trappist1h)------
(SurfWaterMass) Surface Water Mass [TO]: 19.220678 
(EnvelopeMass) Envelope Mass [Earth]: 0.000000 
(OxygenMass) Oxygen Mass [bars]: 73.087414 
(RGLimit) Runaway Greenhouse Semi-Major Axis [m]: 2.658799e+09 
(XO) Atomic Oxygen Mixing Ratio in Upper Atmosphere []: 0.337160 
(EtaO) Oxygen Eta Parameter (Luger and Barnes 2015) []: 0.000000 
(PlanetRadius) Planet Radius [m]: 4.930271e+06 
(OxygenMantleMass) Mass of Oxygen in Mantle [kg]: 0.000000 
(RadXUV) XUV Radius separating hydro. dyn. escpape and equilibrium [m]: -1.000000 
(RadSolid) Radius to the solid surface [m]: -1.000000 
(PresXUV) Pressure at base of Thermosphere []: 5.000000 
(ScaleHeight) Scaling factor in fdLehmerRadius []: -1.000000 
(ThermTemp) Isothermal Atmospheric Temperature []: 880.000000 
(AtmGasConst) Atmospheric Gas Constant []: 4124.000000 
(PresSurf) Surface Pressure due to Atmosphere []: -1.000000 
(DEnvMassDt) Envelope Mass Loss Rate []: -1.000000 
(FXUV) XUV Flux [W/m^2]: 0.000367 
(AtmXAbsEffH2O) XUV Atmospheric Escape Efficiency for H2O []: 0.100282 
(RGDuration) Runaway Greenhouse Duration [years]: 4.73406e+07
Output Order: Time[year] OxygenMass[bars] SurfWaterMass[TO] EnvelopeMass[Earth]
Grid Output Order:

Runtime = 21 s
Total Number of Steps = 436489
